11:34:27  Starting 'GRAVE(500,k=5000,t=1)_vs_MCTS(500)_50g' — 50 games (GRAVE(500,k=5000,t=1) vs MCTS(500))
11:34:36    [W] game   1/50  (a1=P1)  raw=+1  a1=+1
11:34:43    [W] game   2/50  (a1=P1)  raw=+1  a1=+1
11:34:59    [L] game   3/50  (a1=P1)  raw=-1  a1=-1
11:35:08    [W] game   4/50  (a1=P1)  raw=+1  a1=+1
11:35:18    [W] game   5/50  (a1=P1)  raw=+1  a1=+1
11:35:27    [W] game   6/50  (a1=P1)  raw=+1  a1=+1
11:35:36    [W] game   7/50  (a1=P1)  raw=+1  a1=+1
11:35:45    [W] game   8/50  (a1=P1)  raw=+1  a1=+1
11:35:53    [L] game   9/50  (a1=P1)  raw=-1  a1=-1
11:35:59    [W] game  10/50  (a1=P1)  raw=+1  a1=+1
11:36:06    [W] game  11/50  (a1=P1)  raw=+1  a1=+1
11:36:22    [W] game  12/50  (a1=P1)  raw=+1  a1=+1
11:36:26    [W] game  13/50  (a1=P1)  raw=+1  a1=+1
11:36:36    [L] game  14/50  (a1=P1)  raw=-1  a1=-1
11:36:41    [W] game  15/50  (a1=P1)  raw=+1  a1=+1
11:36:50    [W] game  16/50  (a1=P1)  raw=+1  a1=+1
11:36:57    [W] game  17/50  (a1=P1)  raw=+1  a1=+1
11:37:09    [W] game  18/50  (a1=P1)  raw=+1  a1=+1
11:37:19    [L] game  19/50  (a1=P1)  raw=-1  a1=-1
11:37:23    [L] game  20/50  (a1=P1)  raw=-1  a1=-1
11:37:33    [W] game  21/50  (a1=P1)  raw=+1  a1=+1
11:37:39    [L] game  22/50  (a1=P1)  raw=-1  a1=-1
11:37:46    [L] game  23/50  (a1=P1)  raw=-1  a1=-1
11:37:52    [L] game  24/50  (a1=P1)  raw=-1  a1=-1
11:37:56    [L] game  25/50  (a1=P1)  raw=-1  a1=-1
11:38:00    [L] game  26/50  (a1=P2)  raw=+1  a1=-1
11:38:07    [L] game  27/50  (a1=P2)  raw=+1  a1=-1
11:38:18    [W] game  28/50  (a1=P2)  raw=-1  a1=+1
11:38:25    [W] game  29/50  (a1=P2)  raw=-1  a1=+1
11:38:34    [L] game  30/50  (a1=P2)  raw=+1  a1=-1
11:38:41    [L] game  31/50  (a1=P2)  raw=+1  a1=-1
11:38:46    [L] game  32/50  (a1=P2)  raw=+1  a1=-1
11:38:56    [L] game  33/50  (a1=P2)  raw=+1  a1=-1
11:39:05    [W] game  34/50  (a1=P2)  raw=-1  a1=+1
11:39:10    [L] game  35/50  (a1=P2)  raw=+1  a1=-1
11:39:18    [L] game  36/50  (a1=P2)  raw=+1  a1=-1
11:39:31    [W] game  37/50  (a1=P2)  raw=-1  a1=+1
11:39:37    [L] game  38/50  (a1=P2)  raw=+1  a1=-1
11:39:45    [W] game  39/50  (a1=P2)  raw=-1  a1=+1
11:39:53    [L] game  40/50  (a1=P2)  raw=+1  a1=-1
11:39:59    [L] game  41/50  (a1=P2)  raw=+1  a1=-1
11:40:13    [W] game  42/50  (a1=P2)  raw=-1  a1=+1
11:40:23    [W] game  43/50  (a1=P2)  raw=-1  a1=+1
11:40:29    [L] game  44/50  (a1=P2)  raw=+1  a1=-1
11:40:39    [W] game  45/50  (a1=P2)  raw=-1  a1=+1
11:40:47    [L] game  46/50  (a1=P2)  raw=+1  a1=-1
11:40:55    [L] game  47/50  (a1=P2)  raw=+1  a1=-1
11:41:09    [L] game  48/50  (a1=P2)  raw=+1  a1=-1
11:41:19    [L] game  49/50  (a1=P2)  raw=+1  a1=-1
11:41:28    [L] game  50/50  (a1=P2)  raw=+1  a1=-1
11:41:28  
──────────────────────────────────────────────────────
  GRAVE(500,k=5000,t=1)     vs MCTS(500)
  Games  : 50/50  (420.9s)
  Wins   :  24 ( 48.0%)
  Draws  :   0 (  0.0%)
  Losses :  26 ( 52.0%)
──────────────────────────────────────────────────────
18:03:34  'GRAVE(500,k=5000,t=1)_vs_MCTS(500)_50g' already complete — using cached result.
19:05:07  'GRAVE(500,k=5000,t=1)_vs_MCTS(500)_50g' already complete — using cached result.
20:02:57  'GRAVE(500,k=5000,t=1)_vs_MCTS(500)_50g' already complete — using cached result.
21:06:58  'GRAVE(500,k=5000,t=1)_vs_MCTS(500)_50g' already complete — using cached result.
22:28:34  'GRAVE(500,k=5000,t=1)_vs_MCTS(500)_50g' already complete — using cached result.
07:00:14  'GRAVE(500,k=5000,t=1)_vs_MCTS(500)_50g' already complete — using cached result.
08:06:23  'GRAVE(500,k=5000,t=1)_vs_MCTS(500)_50g' already complete — using cached result.
