23:54:56  Starting 'GRAVE(500,k=300,t=25)_vs_MCTS(500,C=0.3)_100g' — 100 games (GRAVE(500,k=300,t=25) vs MCTS(500,C=0.3))
23:55:07    [L] game   1/100  (a1=P1)  raw=-1  a1=-1
23:55:13    [W] game   2/100  (a1=P1)  raw=+1  a1=+1
23:55:22    [L] game   3/100  (a1=P1)  raw=-1  a1=-1
23:55:39    [L] game   4/100  (a1=P1)  raw=-1  a1=-1
23:55:57    [L] game   5/100  (a1=P1)  raw=-1  a1=-1
23:56:06    [W] game   6/100  (a1=P1)  raw=+1  a1=+1
23:56:15    [L] game   7/100  (a1=P1)  raw=-1  a1=-1
23:56:24    [L] game   8/100  (a1=P1)  raw=-1  a1=-1
23:56:43    [L] game   9/100  (a1=P1)  raw=-1  a1=-1
23:56:57    [L] game  10/100  (a1=P1)  raw=-1  a1=-1
23:57:10    [W] game  11/100  (a1=P1)  raw=+1  a1=+1
23:57:23    [L] game  12/100  (a1=P1)  raw=-1  a1=-1
23:57:39    [L] game  13/100  (a1=P1)  raw=-1  a1=-1
23:57:51    [W] game  14/100  (a1=P1)  raw=+1  a1=+1
23:58:02    [W] game  15/100  (a1=P1)  raw=+1  a1=+1
23:58:23    [W] game  16/100  (a1=P1)  raw=+1  a1=+1
23:58:32    [L] game  17/100  (a1=P1)  raw=-1  a1=-1
23:58:40    [L] game  18/100  (a1=P1)  raw=-1  a1=-1
23:59:02    [L] game  19/100  (a1=P1)  raw=-1  a1=-1
23:59:07    [W] game  20/100  (a1=P1)  raw=+1  a1=+1
23:59:15    [W] game  21/100  (a1=P1)  raw=+1  a1=+1
23:59:26    [W] game  22/100  (a1=P1)  raw=+1  a1=+1
23:59:34    [W] game  23/100  (a1=P1)  raw=+1  a1=+1
23:59:53    [W] game  24/100  (a1=P1)  raw=+1  a1=+1
23:59:59    [W] game  25/100  (a1=P1)  raw=+1  a1=+1
00:00:19    [L] game  26/100  (a1=P1)  raw=-1  a1=-1
00:00:42    [L] game  27/100  (a1=P1)  raw=-1  a1=-1
00:00:54    [L] game  28/100  (a1=P1)  raw=-1  a1=-1
00:01:11    [W] game  29/100  (a1=P1)  raw=+1  a1=+1
00:01:22    [W] game  30/100  (a1=P1)  raw=+1  a1=+1
07:00:14  Resuming 'GRAVE(500,k=300,t=25)_vs_MCTS(500,C=0.3)_100g' — 30/100 done.
07:00:38    [W] game  31/100  (a1=P1)  raw=+1  a1=+1
07:00:50    [W] game  32/100  (a1=P1)  raw=+1  a1=+1
07:00:59    [W] game  33/100  (a1=P1)  raw=+1  a1=+1
07:01:14    [L] game  34/100  (a1=P1)  raw=-1  a1=-1
07:01:25    [L] game  35/100  (a1=P1)  raw=-1  a1=-1
07:01:42    [W] game  36/100  (a1=P1)  raw=+1  a1=+1
07:01:59    [L] game  37/100  (a1=P1)  raw=-1  a1=-1
07:02:25    [L] game  38/100  (a1=P1)  raw=-1  a1=-1
07:02:40    [W] game  39/100  (a1=P1)  raw=+1  a1=+1
07:02:51    [W] game  40/100  (a1=P1)  raw=+1  a1=+1
07:03:14    [L] game  41/100  (a1=P1)  raw=-1  a1=-1
07:03:39    [W] game  42/100  (a1=P1)  raw=+1  a1=+1
07:03:54    [L] game  43/100  (a1=P1)  raw=-1  a1=-1
07:04:11    [W] game  44/100  (a1=P1)  raw=+1  a1=+1
07:04:26    [W] game  45/100  (a1=P1)  raw=+1  a1=+1
07:04:48    [L] game  46/100  (a1=P1)  raw=-1  a1=-1
07:05:01    [L] game  47/100  (a1=P1)  raw=-1  a1=-1
07:05:10    [W] game  48/100  (a1=P1)  raw=+1  a1=+1
07:05:25    [W] game  49/100  (a1=P1)  raw=+1  a1=+1
07:05:50    [L] game  50/100  (a1=P1)  raw=-1  a1=-1
07:06:13    [L] game  51/100  (a1=P2)  raw=+1  a1=-1
07:06:48    [W] game  52/100  (a1=P2)  raw=-1  a1=+1
07:07:04    [W] game  53/100  (a1=P2)  raw=-1  a1=+1
07:07:24    [L] game  54/100  (a1=P2)  raw=+1  a1=-1
07:07:40    [W] game  55/100  (a1=P2)  raw=-1  a1=+1
07:07:58    [L] game  56/100  (a1=P2)  raw=+1  a1=-1
07:08:17    [L] game  57/100  (a1=P2)  raw=+1  a1=-1
07:08:35    [L] game  58/100  (a1=P2)  raw=+1  a1=-1
07:08:43    [W] game  59/100  (a1=P2)  raw=-1  a1=+1
07:08:57    [L] game  60/100  (a1=P2)  raw=+1  a1=-1
07:09:08    [W] game  61/100  (a1=P2)  raw=-1  a1=+1
07:09:21    [L] game  62/100  (a1=P2)  raw=+1  a1=-1
07:10:00    [L] game  63/100  (a1=P2)  raw=+1  a1=-1
07:10:28    [L] game  64/100  (a1=P2)  raw=+1  a1=-1
07:10:47    [L] game  65/100  (a1=P2)  raw=+1  a1=-1
07:11:12    [W] game  66/100  (a1=P2)  raw=-1  a1=+1
07:11:23    [L] game  67/100  (a1=P2)  raw=+1  a1=-1
07:11:35    [W] game  68/100  (a1=P2)  raw=-1  a1=+1
07:11:53    [W] game  69/100  (a1=P2)  raw=-1  a1=+1
07:12:21    [L] game  70/100  (a1=P2)  raw=+1  a1=-1
07:12:33    [L] game  71/100  (a1=P2)  raw=+1  a1=-1
07:12:50    [W] game  72/100  (a1=P2)  raw=-1  a1=+1
07:13:07    [L] game  73/100  (a1=P2)  raw=+1  a1=-1
07:13:22    [L] game  74/100  (a1=P2)  raw=+1  a1=-1
07:13:37    [W] game  75/100  (a1=P2)  raw=-1  a1=+1
07:14:18    [L] game  76/100  (a1=P2)  raw=+1  a1=-1
07:14:53    [L] game  77/100  (a1=P2)  raw=+1  a1=-1
07:15:13    [L] game  78/100  (a1=P2)  raw=+1  a1=-1
07:15:41    [L] game  79/100  (a1=P2)  raw=+1  a1=-1
07:16:09    [L] game  80/100  (a1=P2)  raw=+1  a1=-1
07:16:22    [L] game  81/100  (a1=P2)  raw=+1  a1=-1
07:16:42    [W] game  82/100  (a1=P2)  raw=-1  a1=+1
07:17:11    [L] game  83/100  (a1=P2)  raw=+1  a1=-1
07:17:35    [W] game  84/100  (a1=P2)  raw=-1  a1=+1
07:17:58    [L] game  85/100  (a1=P2)  raw=+1  a1=-1
07:18:14    [L] game  86/100  (a1=P2)  raw=+1  a1=-1
07:18:28    [L] game  87/100  (a1=P2)  raw=+1  a1=-1
07:18:45    [L] game  88/100  (a1=P2)  raw=+1  a1=-1
07:18:56    [L] game  89/100  (a1=P2)  raw=+1  a1=-1
07:19:11    [L] game  90/100  (a1=P2)  raw=+1  a1=-1
07:19:33    [W] game  91/100  (a1=P2)  raw=-1  a1=+1
07:19:53    [W] game  92/100  (a1=P2)  raw=-1  a1=+1
07:20:02    [L] game  93/100  (a1=P2)  raw=+1  a1=-1
07:20:25    [L] game  94/100  (a1=P2)  raw=+1  a1=-1
07:20:47    [L] game  95/100  (a1=P2)  raw=+1  a1=-1
07:21:12    [W] game  96/100  (a1=P2)  raw=-1  a1=+1
07:21:40    [L] game  97/100  (a1=P2)  raw=+1  a1=-1
07:22:19    [W] game  98/100  (a1=P2)  raw=-1  a1=+1
07:22:38    [W] game  99/100  (a1=P2)  raw=-1  a1=+1
07:22:54    [W] game 100/100  (a1=P2)  raw=-1  a1=+1
07:22:54  
──────────────────────────────────────────────────────
  GRAVE(500,k=300,t=25)     vs MCTS(500,C=0.3)
  Games  : 100/100  (1359.9s)
  Wins   :  43 ( 43.0%)
  Draws  :   0 (  0.0%)
  Losses :  57 ( 57.0%)
──────────────────────────────────────────────────────
08:06:23  'GRAVE(500,k=300,t=25)_vs_MCTS(500,C=0.3)_100g' already complete — using cached result.
