09:05:25  Starting 'GRAVE(500,k=300,t=5)_vs_RAVE(500,k=3000)_100g' — 100 games (GRAVE(500,k=300,t=5) vs RAVE(500,k=3000))
09:05:30    [W] game   1/100  (a1=P1)  raw=+1  a1=+1
09:05:48    [L] game   2/100  (a1=P1)  raw=-1  a1=-1
09:05:57    [W] game   3/100  (a1=P1)  raw=+1  a1=+1
09:06:06    [W] game   4/100  (a1=P1)  raw=+1  a1=+1
09:06:14    [L] game   5/100  (a1=P1)  raw=-1  a1=-1
09:06:21    [W] game   6/100  (a1=P1)  raw=+1  a1=+1
09:06:30    [W] game   7/100  (a1=P1)  raw=+1  a1=+1
09:06:47    [W] game   8/100  (a1=P1)  raw=+1  a1=+1
09:06:56    [L] game   9/100  (a1=P1)  raw=-1  a1=-1
09:07:05    [W] game  10/100  (a1=P1)  raw=+1  a1=+1
09:07:14    [W] game  11/100  (a1=P1)  raw=+1  a1=+1
09:07:28    [W] game  12/100  (a1=P1)  raw=+1  a1=+1
09:07:39    [W] game  13/100  (a1=P1)  raw=+1  a1=+1
09:07:53    [W] game  14/100  (a1=P1)  raw=+1  a1=+1
09:08:10    [W] game  15/100  (a1=P1)  raw=+1  a1=+1
09:08:26    [L] game  16/100  (a1=P1)  raw=-1  a1=-1
09:08:45    [W] game  17/100  (a1=P1)  raw=+1  a1=+1
09:09:01    [L] game  18/100  (a1=P1)  raw=-1  a1=-1
09:09:16    [W] game  19/100  (a1=P1)  raw=+1  a1=+1
09:09:26    [W] game  20/100  (a1=P1)  raw=+1  a1=+1
09:09:36    [L] game  21/100  (a1=P1)  raw=-1  a1=-1
09:09:47    [L] game  22/100  (a1=P1)  raw=-1  a1=-1
09:10:00    [W] game  23/100  (a1=P1)  raw=+1  a1=+1
09:10:23    [W] game  24/100  (a1=P1)  raw=+1  a1=+1
09:10:47    [L] game  25/100  (a1=P1)  raw=-1  a1=-1
09:11:07    [W] game  26/100  (a1=P1)  raw=+1  a1=+1
09:11:28    [W] game  27/100  (a1=P1)  raw=+1  a1=+1
09:11:55    [W] game  28/100  (a1=P1)  raw=+1  a1=+1
09:12:14    [W] game  29/100  (a1=P1)  raw=+1  a1=+1
09:12:34    [W] game  30/100  (a1=P1)  raw=+1  a1=+1
09:12:42    [W] game  31/100  (a1=P1)  raw=+1  a1=+1
09:13:01    [W] game  32/100  (a1=P1)  raw=+1  a1=+1
09:13:18    [W] game  33/100  (a1=P1)  raw=+1  a1=+1
09:13:33    [L] game  34/100  (a1=P1)  raw=-1  a1=-1
09:13:45    [L] game  35/100  (a1=P1)  raw=-1  a1=-1
09:14:01    [W] game  36/100  (a1=P1)  raw=+1  a1=+1
09:14:15    [W] game  37/100  (a1=P1)  raw=+1  a1=+1
09:14:22    [W] game  38/100  (a1=P1)  raw=+1  a1=+1
09:14:44    [W] game  39/100  (a1=P1)  raw=+1  a1=+1
09:14:53    [W] game  40/100  (a1=P1)  raw=+1  a1=+1
09:15:01    [W] game  41/100  (a1=P1)  raw=+1  a1=+1
09:15:20    [L] game  42/100  (a1=P1)  raw=-1  a1=-1
09:15:33    [W] game  43/100  (a1=P1)  raw=+1  a1=+1
09:15:56    [W] game  44/100  (a1=P1)  raw=+1  a1=+1
09:16:11    [L] game  45/100  (a1=P1)  raw=-1  a1=-1
09:16:32    [L] game  46/100  (a1=P1)  raw=-1  a1=-1
09:16:47    [W] game  47/100  (a1=P1)  raw=+1  a1=+1
09:16:59    [W] game  48/100  (a1=P1)  raw=+1  a1=+1
09:17:12    [W] game  49/100  (a1=P1)  raw=+1  a1=+1
09:17:31    [L] game  50/100  (a1=P1)  raw=-1  a1=-1
09:17:54    [W] game  51/100  (a1=P2)  raw=-1  a1=+1
09:18:15    [W] game  52/100  (a1=P2)  raw=-1  a1=+1
09:18:29    [W] game  53/100  (a1=P2)  raw=-1  a1=+1
09:18:55    [L] game  54/100  (a1=P2)  raw=+1  a1=-1
09:19:05    [W] game  55/100  (a1=P2)  raw=-1  a1=+1
09:19:27    [W] game  56/100  (a1=P2)  raw=-1  a1=+1
09:19:40    [L] game  57/100  (a1=P2)  raw=+1  a1=-1
09:20:05    [W] game  58/100  (a1=P2)  raw=-1  a1=+1
09:20:18    [W] game  59/100  (a1=P2)  raw=-1  a1=+1
09:20:39    [W] game  60/100  (a1=P2)  raw=-1  a1=+1
09:20:46    [W] game  61/100  (a1=P2)  raw=-1  a1=+1
09:21:01    [L] game  62/100  (a1=P2)  raw=+1  a1=-1
09:21:14    [W] game  63/100  (a1=P2)  raw=-1  a1=+1
09:21:19    [L] game  64/100  (a1=P2)  raw=+1  a1=-1
09:22:02    [L] game  65/100  (a1=P2)  raw=+1  a1=-1
09:22:17    [W] game  66/100  (a1=P2)  raw=-1  a1=+1
09:22:56    [W] game  67/100  (a1=P2)  raw=-1  a1=+1
09:23:04    [W] game  68/100  (a1=P2)  raw=-1  a1=+1
09:23:24    [L] game  69/100  (a1=P2)  raw=+1  a1=-1
09:23:39    [L] game  70/100  (a1=P2)  raw=+1  a1=-1
09:24:08    [L] game  71/100  (a1=P2)  raw=+1  a1=-1
09:24:19    [W] game  72/100  (a1=P2)  raw=-1  a1=+1
09:24:34    [W] game  73/100  (a1=P2)  raw=-1  a1=+1
09:24:52    [L] game  74/100  (a1=P2)  raw=+1  a1=-1
09:25:02    [L] game  75/100  (a1=P2)  raw=+1  a1=-1
09:25:29    [L] game  76/100  (a1=P2)  raw=+1  a1=-1
09:25:49    [L] game  77/100  (a1=P2)  raw=+1  a1=-1
09:26:01    [L] game  78/100  (a1=P2)  raw=+1  a1=-1
09:26:09    [L] game  79/100  (a1=P2)  raw=+1  a1=-1
09:26:17    [W] game  80/100  (a1=P2)  raw=-1  a1=+1
09:26:35    [L] game  81/100  (a1=P2)  raw=+1  a1=-1
09:26:55    [L] game  82/100  (a1=P2)  raw=+1  a1=-1
09:27:13    [L] game  83/100  (a1=P2)  raw=+1  a1=-1
09:27:32    [L] game  84/100  (a1=P2)  raw=+1  a1=-1
09:27:41    [W] game  85/100  (a1=P2)  raw=-1  a1=+1
09:28:15    [L] game  86/100  (a1=P2)  raw=+1  a1=-1
09:28:31    [W] game  87/100  (a1=P2)  raw=-1  a1=+1
09:28:43    [L] game  88/100  (a1=P2)  raw=+1  a1=-1
09:28:57    [L] game  89/100  (a1=P2)  raw=+1  a1=-1
09:29:11    [L] game  90/100  (a1=P2)  raw=+1  a1=-1
09:29:33    [L] game  91/100  (a1=P2)  raw=+1  a1=-1
09:29:53    [W] game  92/100  (a1=P2)  raw=-1  a1=+1
09:30:08    [L] game  93/100  (a1=P2)  raw=+1  a1=-1
09:30:26    [L] game  94/100  (a1=P2)  raw=+1  a1=-1
09:30:37    [W] game  95/100  (a1=P2)  raw=-1  a1=+1
09:30:58    [L] game  96/100  (a1=P2)  raw=+1  a1=-1
09:31:08    [L] game  97/100  (a1=P2)  raw=+1  a1=-1
09:31:20    [L] game  98/100  (a1=P2)  raw=+1  a1=-1
09:31:39    [W] game  99/100  (a1=P2)  raw=-1  a1=+1
09:31:53    [W] game 100/100  (a1=P2)  raw=-1  a1=+1
09:31:53  
──────────────────────────────────────────────────────
  GRAVE(500,k=300,t=5)      vs RAVE(500,k=3000)
  Games  : 100/100  (1587.5s)
  Wins   :  58 ( 58.0%)
  Draws  :   0 (  0.0%)
  Losses :  42 ( 42.0%)
──────────────────────────────────────────────────────
18:03:34  'GRAVE(500,k=300,t=5)_vs_RAVE(500,k=3000)_100g' already complete — using cached result.
19:05:07  'GRAVE(500,k=300,t=5)_vs_RAVE(500,k=3000)_100g' already complete — using cached result.
20:02:57  'GRAVE(500,k=300,t=5)_vs_RAVE(500,k=3000)_100g' already complete — using cached result.
21:06:58  'GRAVE(500,k=300,t=5)_vs_RAVE(500,k=3000)_100g' already complete — using cached result.
22:28:34  'GRAVE(500,k=300,t=5)_vs_RAVE(500,k=3000)_100g' already complete — using cached result.
07:00:14  'GRAVE(500,k=300,t=5)_vs_RAVE(500,k=3000)_100g' already complete — using cached result.
08:06:23  'GRAVE(500,k=300,t=5)_vs_RAVE(500,k=3000)_100g' already complete — using cached result.
