09:47:06  Starting 'GRAVE(500,k=300,t=2)_vs_MCTS(500)_50g' — 50 games (GRAVE(500,k=300,t=2) vs MCTS(500))
09:47:21    [W] game   1/50  (a1=P1)  raw=+1  a1=+1
09:47:28    [W] game   2/50  (a1=P1)  raw=+1  a1=+1
09:47:34    [W] game   3/50  (a1=P1)  raw=+1  a1=+1
09:47:48    [W] game   4/50  (a1=P1)  raw=+1  a1=+1
09:47:58    [W] game   5/50  (a1=P1)  raw=+1  a1=+1
09:48:13    [W] game   6/50  (a1=P1)  raw=+1  a1=+1
09:48:34    [W] game   7/50  (a1=P1)  raw=+1  a1=+1
09:48:48    [W] game   8/50  (a1=P1)  raw=+1  a1=+1
09:49:03    [W] game   9/50  (a1=P1)  raw=+1  a1=+1
09:49:26    [L] game  10/50  (a1=P1)  raw=-1  a1=-1
09:49:45    [W] game  11/50  (a1=P1)  raw=+1  a1=+1
09:49:57    [W] game  12/50  (a1=P1)  raw=+1  a1=+1
09:50:29    [L] game  13/50  (a1=P1)  raw=-1  a1=-1
09:50:46    [W] game  14/50  (a1=P1)  raw=+1  a1=+1
09:51:08    [L] game  15/50  (a1=P1)  raw=-1  a1=-1
09:51:38    [W] game  16/50  (a1=P1)  raw=+1  a1=+1
09:52:00    [W] game  17/50  (a1=P1)  raw=+1  a1=+1
09:52:18    [W] game  18/50  (a1=P1)  raw=+1  a1=+1
09:52:32    [L] game  19/50  (a1=P1)  raw=-1  a1=-1
09:52:41    [L] game  20/50  (a1=P1)  raw=-1  a1=-1
09:52:55    [W] game  21/50  (a1=P1)  raw=+1  a1=+1
09:53:07    [W] game  22/50  (a1=P1)  raw=+1  a1=+1
09:53:36    [W] game  23/50  (a1=P1)  raw=+1  a1=+1
09:53:44    [W] game  24/50  (a1=P1)  raw=+1  a1=+1
09:53:56    [W] game  25/50  (a1=P1)  raw=+1  a1=+1
09:54:15    [W] game  26/50  (a1=P2)  raw=-1  a1=+1
09:54:36    [W] game  27/50  (a1=P2)  raw=-1  a1=+1
09:54:58    [W] game  28/50  (a1=P2)  raw=-1  a1=+1
09:55:33    [L] game  29/50  (a1=P2)  raw=+1  a1=-1
09:55:44    [W] game  30/50  (a1=P2)  raw=-1  a1=+1
09:56:05    [L] game  31/50  (a1=P2)  raw=+1  a1=-1
09:56:28    [W] game  32/50  (a1=P2)  raw=-1  a1=+1
09:56:43    [L] game  33/50  (a1=P2)  raw=+1  a1=-1
09:56:56    [L] game  34/50  (a1=P2)  raw=+1  a1=-1
09:57:20    [L] game  35/50  (a1=P2)  raw=+1  a1=-1
09:57:42    [L] game  36/50  (a1=P2)  raw=+1  a1=-1
09:58:06    [L] game  37/50  (a1=P2)  raw=+1  a1=-1
09:58:24    [W] game  38/50  (a1=P2)  raw=-1  a1=+1
09:58:39    [L] game  39/50  (a1=P2)  raw=+1  a1=-1
09:58:51    [W] game  40/50  (a1=P2)  raw=-1  a1=+1
09:59:15    [W] game  41/50  (a1=P2)  raw=-1  a1=+1
09:59:41    [L] game  42/50  (a1=P2)  raw=+1  a1=-1
09:59:55    [W] game  43/50  (a1=P2)  raw=-1  a1=+1
10:00:20    [W] game  44/50  (a1=P2)  raw=-1  a1=+1
10:00:39    [W] game  45/50  (a1=P2)  raw=-1  a1=+1
10:00:56    [W] game  46/50  (a1=P2)  raw=-1  a1=+1
10:01:13    [W] game  47/50  (a1=P2)  raw=-1  a1=+1
10:01:22    [L] game  48/50  (a1=P2)  raw=+1  a1=-1
10:01:36    [L] game  49/50  (a1=P2)  raw=+1  a1=-1
10:01:41    [L] game  50/50  (a1=P2)  raw=+1  a1=-1
10:01:41  
──────────────────────────────────────────────────────
  GRAVE(500,k=300,t=2)      vs MCTS(500)
  Games  : 50/50  (874.5s)
  Wins   :  33 ( 66.0%)
  Draws  :   0 (  0.0%)
  Losses :  17 ( 34.0%)
──────────────────────────────────────────────────────
18:03:34  'GRAVE(500,k=300,t=2)_vs_MCTS(500)_50g' already complete — using cached result.
19:05:07  'GRAVE(500,k=300,t=2)_vs_MCTS(500)_50g' already complete — using cached result.
20:02:57  'GRAVE(500,k=300,t=2)_vs_MCTS(500)_50g' already complete — using cached result.
21:06:58  'GRAVE(500,k=300,t=2)_vs_MCTS(500)_50g' already complete — using cached result.
22:28:34  'GRAVE(500,k=300,t=2)_vs_MCTS(500)_50g' already complete — using cached result.
07:00:14  'GRAVE(500,k=300,t=2)_vs_MCTS(500)_50g' already complete — using cached result.
08:06:23  'GRAVE(500,k=300,t=2)_vs_MCTS(500)_50g' already complete — using cached result.
