20:59:53  Starting 'GRAVE(500,k=300,t=5,C=0.1)_vs_GRAVE(500,k=300,t=2)_100g' — 100 games (GRAVE(500,k=300,t=5,C=0.1) vs GRAVE(500,k=300,t=2))
21:00:00    [W] game   1/100  (a1=P1)  raw=+1  a1=+1
21:00:09    [W] game   2/100  (a1=P1)  raw=+1  a1=+1
21:00:22    [L] game   3/100  (a1=P1)  raw=-1  a1=-1
21:00:35    [W] game   4/100  (a1=P1)  raw=+1  a1=+1
21:00:44    [W] game   5/100  (a1=P1)  raw=+1  a1=+1
21:00:48    [L] game   6/100  (a1=P1)  raw=-1  a1=-1
21:01:14    [L] game   7/100  (a1=P1)  raw=-1  a1=-1
21:01:20    [W] game   8/100  (a1=P1)  raw=+1  a1=+1
21:01:31    [L] game   9/100  (a1=P1)  raw=-1  a1=-1
21:01:39    [W] game  10/100  (a1=P1)  raw=+1  a1=+1
21:01:49    [W] game  11/100  (a1=P1)  raw=+1  a1=+1
21:06:58  Resuming 'GRAVE(500,k=300,t=5,C=0.1)_vs_GRAVE(500,k=300,t=2)_100g' — 11/100 done.
21:07:15    [W] game  12/100  (a1=P1)  raw=+1  a1=+1
21:07:32    [W] game  13/100  (a1=P1)  raw=+1  a1=+1
21:07:47    [W] game  14/100  (a1=P1)  raw=+1  a1=+1
21:07:57    [W] game  15/100  (a1=P1)  raw=+1  a1=+1
21:08:18    [L] game  16/100  (a1=P1)  raw=-1  a1=-1
21:08:32    [W] game  17/100  (a1=P1)  raw=+1  a1=+1
21:08:37    [W] game  18/100  (a1=P1)  raw=+1  a1=+1
21:08:55    [W] game  19/100  (a1=P1)  raw=+1  a1=+1
21:09:08    [W] game  20/100  (a1=P1)  raw=+1  a1=+1
21:09:24    [L] game  21/100  (a1=P1)  raw=-1  a1=-1
21:09:37    [L] game  22/100  (a1=P1)  raw=-1  a1=-1
21:09:51    [W] game  23/100  (a1=P1)  raw=+1  a1=+1
21:10:00    [W] game  24/100  (a1=P1)  raw=+1  a1=+1
21:10:07    [W] game  25/100  (a1=P1)  raw=+1  a1=+1
21:10:20    [W] game  26/100  (a1=P1)  raw=+1  a1=+1
21:10:32    [W] game  27/100  (a1=P1)  raw=+1  a1=+1
21:10:42    [W] game  28/100  (a1=P1)  raw=+1  a1=+1
21:10:51    [W] game  29/100  (a1=P1)  raw=+1  a1=+1
21:11:03    [W] game  30/100  (a1=P1)  raw=+1  a1=+1
21:11:12    [W] game  31/100  (a1=P1)  raw=+1  a1=+1
21:11:22    [W] game  32/100  (a1=P1)  raw=+1  a1=+1
21:11:29    [L] game  33/100  (a1=P1)  raw=-1  a1=-1
21:11:35    [W] game  34/100  (a1=P1)  raw=+1  a1=+1
21:11:44    [W] game  35/100  (a1=P1)  raw=+1  a1=+1
21:11:53    [W] game  36/100  (a1=P1)  raw=+1  a1=+1
21:12:01    [W] game  37/100  (a1=P1)  raw=+1  a1=+1
21:12:09    [W] game  38/100  (a1=P1)  raw=+1  a1=+1
21:12:19    [W] game  39/100  (a1=P1)  raw=+1  a1=+1
21:12:35    [W] game  40/100  (a1=P1)  raw=+1  a1=+1
21:12:49    [L] game  41/100  (a1=P1)  raw=-1  a1=-1
21:13:12    [W] game  42/100  (a1=P1)  raw=+1  a1=+1
21:13:17    [W] game  43/100  (a1=P1)  raw=+1  a1=+1
21:13:24    [L] game  44/100  (a1=P1)  raw=-1  a1=-1
21:13:32    [L] game  45/100  (a1=P1)  raw=-1  a1=-1
21:13:44    [L] game  46/100  (a1=P1)  raw=-1  a1=-1
21:13:50    [L] game  47/100  (a1=P1)  raw=-1  a1=-1
21:14:03    [W] game  48/100  (a1=P1)  raw=+1  a1=+1
21:14:12    [W] game  49/100  (a1=P1)  raw=+1  a1=+1
21:14:23    [L] game  50/100  (a1=P1)  raw=-1  a1=-1
21:14:32    [L] game  51/100  (a1=P2)  raw=+1  a1=-1
21:14:42    [L] game  52/100  (a1=P2)  raw=+1  a1=-1
21:14:52    [L] game  53/100  (a1=P2)  raw=+1  a1=-1
21:15:04    [L] game  54/100  (a1=P2)  raw=+1  a1=-1
21:15:16    [L] game  55/100  (a1=P2)  raw=+1  a1=-1
21:15:26    [L] game  56/100  (a1=P2)  raw=+1  a1=-1
21:15:40    [L] game  57/100  (a1=P2)  raw=+1  a1=-1
21:15:55    [L] game  58/100  (a1=P2)  raw=+1  a1=-1
21:16:04    [L] game  59/100  (a1=P2)  raw=+1  a1=-1
21:16:17    [W] game  60/100  (a1=P2)  raw=-1  a1=+1
21:16:28    [L] game  61/100  (a1=P2)  raw=+1  a1=-1
21:16:39    [W] game  62/100  (a1=P2)  raw=-1  a1=+1
21:17:01    [W] game  63/100  (a1=P2)  raw=-1  a1=+1
21:17:09    [L] game  64/100  (a1=P2)  raw=+1  a1=-1
21:17:17    [W] game  65/100  (a1=P2)  raw=-1  a1=+1
21:17:28    [W] game  66/100  (a1=P2)  raw=-1  a1=+1
21:17:40    [L] game  67/100  (a1=P2)  raw=+1  a1=-1
21:17:57    [L] game  68/100  (a1=P2)  raw=+1  a1=-1
21:18:07    [W] game  69/100  (a1=P2)  raw=-1  a1=+1
21:18:14    [L] game  70/100  (a1=P2)  raw=+1  a1=-1
21:18:28    [W] game  71/100  (a1=P2)  raw=-1  a1=+1
21:18:38    [L] game  72/100  (a1=P2)  raw=+1  a1=-1
21:18:45    [L] game  73/100  (a1=P2)  raw=+1  a1=-1
21:19:08    [L] game  74/100  (a1=P2)  raw=+1  a1=-1
21:19:17    [W] game  75/100  (a1=P2)  raw=-1  a1=+1
21:19:38    [L] game  76/100  (a1=P2)  raw=+1  a1=-1
21:19:53    [W] game  77/100  (a1=P2)  raw=-1  a1=+1
21:20:06    [L] game  78/100  (a1=P2)  raw=+1  a1=-1
21:20:13    [L] game  79/100  (a1=P2)  raw=+1  a1=-1
21:20:23    [L] game  80/100  (a1=P2)  raw=+1  a1=-1
21:20:34    [L] game  81/100  (a1=P2)  raw=+1  a1=-1
21:20:47    [L] game  82/100  (a1=P2)  raw=+1  a1=-1
21:20:57    [L] game  83/100  (a1=P2)  raw=+1  a1=-1
21:21:05    [L] game  84/100  (a1=P2)  raw=+1  a1=-1
21:21:11    [L] game  85/100  (a1=P2)  raw=+1  a1=-1
21:21:30    [L] game  86/100  (a1=P2)  raw=+1  a1=-1
21:21:42    [L] game  87/100  (a1=P2)  raw=+1  a1=-1
21:21:48    [W] game  88/100  (a1=P2)  raw=-1  a1=+1
21:21:52    [L] game  89/100  (a1=P2)  raw=+1  a1=-1
21:22:03    [L] game  90/100  (a1=P2)  raw=+1  a1=-1
21:22:18    [L] game  91/100  (a1=P2)  raw=+1  a1=-1
21:22:42    [L] game  92/100  (a1=P2)  raw=+1  a1=-1
21:22:49    [W] game  93/100  (a1=P2)  raw=-1  a1=+1
21:22:53    [L] game  94/100  (a1=P2)  raw=+1  a1=-1
21:23:04    [W] game  95/100  (a1=P2)  raw=-1  a1=+1
21:23:16    [L] game  96/100  (a1=P2)  raw=+1  a1=-1
21:23:32    [L] game  97/100  (a1=P2)  raw=+1  a1=-1
21:23:38    [W] game  98/100  (a1=P2)  raw=-1  a1=+1
21:23:44    [L] game  99/100  (a1=P2)  raw=+1  a1=-1
21:23:52    [W] game 100/100  (a1=P2)  raw=-1  a1=+1
21:23:52  
──────────────────────────────────────────────────────
  GRAVE(500,k=300,t=5,C=0.1)vs GRAVE(500,k=300,t=2)
  Games  : 100/100  (1013.8s)
  Wins   :  50 ( 50.0%)
  Draws  :   0 (  0.0%)
  Losses :  50 ( 50.0%)
──────────────────────────────────────────────────────
22:28:35  'GRAVE(500,k=300,t=5,C=0.1)_vs_GRAVE(500,k=300,t=2)_100g' already complete — using cached result.
07:00:14  'GRAVE(500,k=300,t=5,C=0.1)_vs_GRAVE(500,k=300,t=2)_100g' already complete — using cached result.
08:06:23  'GRAVE(500,k=300,t=5,C=0.1)_vs_GRAVE(500,k=300,t=2)_100g' already complete — using cached result.
