10:01:41  Starting 'GRAVE(500,k=300,t=3)_vs_MCTS(500)_50g' — 50 games (GRAVE(500,k=300,t=3) vs MCTS(500))
10:01:47    [L] game   1/50  (a1=P1)  raw=-1  a1=-1
10:31:31  Resuming 'GRAVE(500,k=300,t=3)_vs_MCTS(500)_50g' — 1/50 done.
10:31:50    [W] game   2/50  (a1=P1)  raw=+1  a1=+1
10:32:00    [W] game   3/50  (a1=P1)  raw=+1  a1=+1
10:32:13    [W] game   4/50  (a1=P1)  raw=+1  a1=+1
10:32:22    [W] game   5/50  (a1=P1)  raw=+1  a1=+1
10:32:36    [W] game   6/50  (a1=P1)  raw=+1  a1=+1
10:32:48    [L] game   7/50  (a1=P1)  raw=-1  a1=-1
10:32:56    [W] game   8/50  (a1=P1)  raw=+1  a1=+1
10:33:02    [W] game   9/50  (a1=P1)  raw=+1  a1=+1
10:33:14    [W] game  10/50  (a1=P1)  raw=+1  a1=+1
10:33:26    [L] game  11/50  (a1=P1)  raw=-1  a1=-1
10:33:34    [W] game  12/50  (a1=P1)  raw=+1  a1=+1
10:33:43    [L] game  13/50  (a1=P1)  raw=-1  a1=-1
10:33:51    [L] game  14/50  (a1=P1)  raw=-1  a1=-1
10:34:11    [W] game  15/50  (a1=P1)  raw=+1  a1=+1
10:34:18    [W] game  16/50  (a1=P1)  raw=+1  a1=+1
10:34:21    [W] game  17/50  (a1=P1)  raw=+1  a1=+1
10:34:36    [L] game  18/50  (a1=P1)  raw=-1  a1=-1
10:34:47    [W] game  19/50  (a1=P1)  raw=+1  a1=+1
10:34:52    [W] game  20/50  (a1=P1)  raw=+1  a1=+1
10:35:02    [L] game  21/50  (a1=P1)  raw=-1  a1=-1
10:35:09    [W] game  22/50  (a1=P1)  raw=+1  a1=+1
10:35:24    [L] game  23/50  (a1=P1)  raw=-1  a1=-1
10:35:35    [W] game  24/50  (a1=P1)  raw=+1  a1=+1
10:35:44    [L] game  25/50  (a1=P1)  raw=-1  a1=-1
10:35:52    [L] game  26/50  (a1=P2)  raw=+1  a1=-1
10:36:00    [L] game  27/50  (a1=P2)  raw=+1  a1=-1
10:36:10    [L] game  28/50  (a1=P2)  raw=+1  a1=-1
10:36:18    [L] game  29/50  (a1=P2)  raw=+1  a1=-1
10:36:28    [L] game  30/50  (a1=P2)  raw=+1  a1=-1
10:36:32    [L] game  31/50  (a1=P2)  raw=+1  a1=-1
10:36:48    [W] game  32/50  (a1=P2)  raw=-1  a1=+1
10:36:54    [W] game  33/50  (a1=P2)  raw=-1  a1=+1
10:37:03    [L] game  34/50  (a1=P2)  raw=+1  a1=-1
10:37:08    [L] game  35/50  (a1=P2)  raw=+1  a1=-1
10:37:20    [W] game  36/50  (a1=P2)  raw=-1  a1=+1
10:37:31    [W] game  37/50  (a1=P2)  raw=-1  a1=+1
10:37:42    [L] game  38/50  (a1=P2)  raw=+1  a1=-1
10:37:50    [W] game  39/50  (a1=P2)  raw=-1  a1=+1
10:38:03    [L] game  40/50  (a1=P2)  raw=+1  a1=-1
10:38:14    [W] game  41/50  (a1=P2)  raw=-1  a1=+1
10:38:18    [L] game  42/50  (a1=P2)  raw=+1  a1=-1
10:38:27    [L] game  43/50  (a1=P2)  raw=+1  a1=-1
10:38:33    [L] game  44/50  (a1=P2)  raw=+1  a1=-1
10:38:45    [W] game  45/50  (a1=P2)  raw=-1  a1=+1
10:38:55    [L] game  46/50  (a1=P2)  raw=+1  a1=-1
10:39:06    [W] game  47/50  (a1=P2)  raw=-1  a1=+1
10:39:15    [L] game  48/50  (a1=P2)  raw=+1  a1=-1
10:39:27    [L] game  49/50  (a1=P2)  raw=+1  a1=-1
10:39:34    [W] game  50/50  (a1=P2)  raw=-1  a1=+1
10:39:34  
──────────────────────────────────────────────────────
  GRAVE(500,k=300,t=3)      vs MCTS(500)
  Games  : 50/50  (483.1s)
  Wins   :  25 ( 50.0%)
  Draws  :   0 (  0.0%)
  Losses :  25 ( 50.0%)
──────────────────────────────────────────────────────
18:03:34  'GRAVE(500,k=300,t=3)_vs_MCTS(500)_50g' already complete — using cached result.
19:05:07  'GRAVE(500,k=300,t=3)_vs_MCTS(500)_50g' already complete — using cached result.
20:02:57  'GRAVE(500,k=300,t=3)_vs_MCTS(500)_50g' already complete — using cached result.
21:06:58  'GRAVE(500,k=300,t=3)_vs_MCTS(500)_50g' already complete — using cached result.
22:28:34  'GRAVE(500,k=300,t=3)_vs_MCTS(500)_50g' already complete — using cached result.
07:00:14  'GRAVE(500,k=300,t=3)_vs_MCTS(500)_50g' already complete — using cached result.
08:06:23  'GRAVE(500,k=300,t=3)_vs_MCTS(500)_50g' already complete — using cached result.
