11:11:48  Starting 'GRAVE(500,k=1000,t=5)_vs_MCTS(500)_50g' — 50 games (GRAVE(500,k=1000,t=5) vs MCTS(500))
11:12:03    [L] game   1/50  (a1=P1)  raw=-1  a1=-1
11:12:11    [W] game   2/50  (a1=P1)  raw=+1  a1=+1
11:12:17    [W] game   3/50  (a1=P1)  raw=+1  a1=+1
11:12:29    [L] game   4/50  (a1=P1)  raw=-1  a1=-1
11:12:40    [W] game   5/50  (a1=P1)  raw=+1  a1=+1
11:12:56    [W] game   6/50  (a1=P1)  raw=+1  a1=+1
11:13:00    [L] game   7/50  (a1=P1)  raw=-1  a1=-1
11:13:07    [W] game   8/50  (a1=P1)  raw=+1  a1=+1
11:13:13    [L] game   9/50  (a1=P1)  raw=-1  a1=-1
11:13:20    [W] game  10/50  (a1=P1)  raw=+1  a1=+1
11:13:26    [W] game  11/50  (a1=P1)  raw=+1  a1=+1
11:13:33    [L] game  12/50  (a1=P1)  raw=-1  a1=-1
11:13:44    [L] game  13/50  (a1=P1)  raw=-1  a1=-1
11:13:52    [W] game  14/50  (a1=P1)  raw=+1  a1=+1
11:14:05    [L] game  15/50  (a1=P1)  raw=-1  a1=-1
11:14:12    [L] game  16/50  (a1=P1)  raw=-1  a1=-1
11:14:18    [L] game  17/50  (a1=P1)  raw=-1  a1=-1
11:14:26    [L] game  18/50  (a1=P1)  raw=-1  a1=-1
11:14:34    [L] game  19/50  (a1=P1)  raw=-1  a1=-1
11:14:44    [L] game  20/50  (a1=P1)  raw=-1  a1=-1
11:14:56    [W] game  21/50  (a1=P1)  raw=+1  a1=+1
11:15:05    [W] game  22/50  (a1=P1)  raw=+1  a1=+1
11:15:11    [W] game  23/50  (a1=P1)  raw=+1  a1=+1
11:15:18    [W] game  24/50  (a1=P1)  raw=+1  a1=+1
11:15:28    [L] game  25/50  (a1=P1)  raw=-1  a1=-1
11:15:42    [W] game  26/50  (a1=P2)  raw=-1  a1=+1
11:15:50    [W] game  27/50  (a1=P2)  raw=-1  a1=+1
11:15:58    [L] game  28/50  (a1=P2)  raw=+1  a1=-1
11:16:09    [L] game  29/50  (a1=P2)  raw=+1  a1=-1
11:16:16    [W] game  30/50  (a1=P2)  raw=-1  a1=+1
11:16:21    [L] game  31/50  (a1=P2)  raw=+1  a1=-1
11:16:32    [W] game  32/50  (a1=P2)  raw=-1  a1=+1
11:16:43    [L] game  33/50  (a1=P2)  raw=+1  a1=-1
11:16:55    [L] game  34/50  (a1=P2)  raw=+1  a1=-1
11:17:01    [L] game  35/50  (a1=P2)  raw=+1  a1=-1
11:17:11    [L] game  36/50  (a1=P2)  raw=+1  a1=-1
11:17:22    [L] game  37/50  (a1=P2)  raw=+1  a1=-1
11:17:31    [L] game  38/50  (a1=P2)  raw=+1  a1=-1
11:17:40    [W] game  39/50  (a1=P2)  raw=-1  a1=+1
11:17:49    [W] game  40/50  (a1=P2)  raw=-1  a1=+1
11:18:05    [W] game  41/50  (a1=P2)  raw=-1  a1=+1
11:18:15    [W] game  42/50  (a1=P2)  raw=-1  a1=+1
11:18:26    [W] game  43/50  (a1=P2)  raw=-1  a1=+1
11:18:32    [L] game  44/50  (a1=P2)  raw=+1  a1=-1
11:18:43    [L] game  45/50  (a1=P2)  raw=+1  a1=-1
11:18:49    [L] game  46/50  (a1=P2)  raw=+1  a1=-1
11:18:57    [W] game  47/50  (a1=P2)  raw=-1  a1=+1
11:19:11    [W] game  48/50  (a1=P2)  raw=-1  a1=+1
11:19:21    [W] game  49/50  (a1=P2)  raw=-1  a1=+1
11:19:32    [W] game  50/50  (a1=P2)  raw=-1  a1=+1
11:19:32  
──────────────────────────────────────────────────────
  GRAVE(500,k=1000,t=5)     vs MCTS(500)
  Games  : 50/50  (463.8s)
  Wins   :  25 ( 50.0%)
  Draws  :   0 (  0.0%)
  Losses :  25 ( 50.0%)
──────────────────────────────────────────────────────
18:03:34  'GRAVE(500,k=1000,t=5)_vs_MCTS(500)_50g' already complete — using cached result.
19:05:07  'GRAVE(500,k=1000,t=5)_vs_MCTS(500)_50g' already complete — using cached result.
20:02:57  'GRAVE(500,k=1000,t=5)_vs_MCTS(500)_50g' already complete — using cached result.
21:06:58  'GRAVE(500,k=1000,t=5)_vs_MCTS(500)_50g' already complete — using cached result.
22:28:34  'GRAVE(500,k=1000,t=5)_vs_MCTS(500)_50g' already complete — using cached result.
07:00:14  'GRAVE(500,k=1000,t=5)_vs_MCTS(500)_50g' already complete — using cached result.
08:06:23  'GRAVE(500,k=1000,t=5)_vs_MCTS(500)_50g' already complete — using cached result.
