09:10:00  Starting 'GRAVE(500,k=300,t=50)_vs_RAVE(500,k=300)_100g' — 100 games  (GRAVE(500,k=300,t=50) vs RAVE(500,k=300))
09:10:08    [W] game   1/100  (a1=P1)  raw=+1  agent1_result=+1
09:10:21    [L] game   2/100  (a1=P1)  raw=-1  agent1_result=-1
09:10:30    [L] game   3/100  (a1=P1)  raw=-1  agent1_result=-1
09:10:38    [W] game   4/100  (a1=P1)  raw=+1  agent1_result=+1
09:10:49    [W] game   5/100  (a1=P1)  raw=+1  agent1_result=+1
09:10:59    [W] game   6/100  (a1=P1)  raw=+1  agent1_result=+1
09:11:04    [W] game   7/100  (a1=P1)  raw=+1  agent1_result=+1
09:11:16    [L] game   8/100  (a1=P1)  raw=-1  agent1_result=-1
09:11:26    [W] game   9/100  (a1=P1)  raw=+1  agent1_result=+1
09:11:32    [W] game  10/100  (a1=P1)  raw=+1  agent1_result=+1
09:11:44    [L] game  11/100  (a1=P1)  raw=-1  agent1_result=-1
09:11:53    [L] game  12/100  (a1=P1)  raw=-1  agent1_result=-1
09:12:05    [L] game  13/100  (a1=P1)  raw=-1  agent1_result=-1
09:12:18    [W] game  14/100  (a1=P1)  raw=+1  agent1_result=+1
09:12:52    [W] game  15/100  (a1=P1)  raw=+1  agent1_result=+1
09:12:56    [W] game  16/100  (a1=P1)  raw=+1  agent1_result=+1
09:13:01    [W] game  17/100  (a1=P1)  raw=+1  agent1_result=+1
09:13:14    [L] game  18/100  (a1=P1)  raw=-1  agent1_result=-1
09:13:22    [W] game  19/100  (a1=P1)  raw=+1  agent1_result=+1
09:13:28    [W] game  20/100  (a1=P1)  raw=+1  agent1_result=+1
09:13:44    [W] game  21/100  (a1=P1)  raw=+1  agent1_result=+1
09:13:55    [W] game  22/100  (a1=P1)  raw=+1  agent1_result=+1
09:14:09    [L] game  23/100  (a1=P1)  raw=-1  agent1_result=-1
09:14:35    [L] game  24/100  (a1=P1)  raw=-1  agent1_result=-1
09:14:44    [L] game  25/100  (a1=P1)  raw=-1  agent1_result=-1
09:14:50    [W] game  26/100  (a1=P1)  raw=+1  agent1_result=+1
09:14:58    [W] game  27/100  (a1=P1)  raw=+1  agent1_result=+1
09:15:06    [L] game  28/100  (a1=P1)  raw=-1  agent1_result=-1
09:15:19    [L] game  29/100  (a1=P1)  raw=-1  agent1_result=-1
09:15:29    [L] game  30/100  (a1=P1)  raw=-1  agent1_result=-1
09:15:37    [W] game  31/100  (a1=P1)  raw=+1  agent1_result=+1
09:15:52    [L] game  32/100  (a1=P1)  raw=-1  agent1_result=-1
09:16:02    [W] game  33/100  (a1=P1)  raw=+1  agent1_result=+1
09:16:10    [W] game  34/100  (a1=P1)  raw=+1  agent1_result=+1
09:16:24    [W] game  35/100  (a1=P1)  raw=+1  agent1_result=+1
09:16:36    [W] game  36/100  (a1=P1)  raw=+1  agent1_result=+1
09:16:46    [W] game  37/100  (a1=P1)  raw=+1  agent1_result=+1
09:17:01    [L] game  38/100  (a1=P1)  raw=-1  agent1_result=-1
09:17:10    [L] game  39/100  (a1=P1)  raw=-1  agent1_result=-1
09:17:17    [W] game  40/100  (a1=P1)  raw=+1  agent1_result=+1
09:17:30    [L] game  41/100  (a1=P1)  raw=-1  agent1_result=-1
09:17:42    [W] game  42/100  (a1=P1)  raw=+1  agent1_result=+1
09:17:49    [L] game  43/100  (a1=P1)  raw=-1  agent1_result=-1
09:18:11    [L] game  44/100  (a1=P1)  raw=-1  agent1_result=-1
09:18:26    [L] game  45/100  (a1=P1)  raw=-1  agent1_result=-1
09:18:32    [L] game  46/100  (a1=P1)  raw=-1  agent1_result=-1
09:18:42    [W] game  47/100  (a1=P1)  raw=+1  agent1_result=+1
09:18:49    [L] game  48/100  (a1=P1)  raw=-1  agent1_result=-1
09:19:00    [L] game  49/100  (a1=P1)  raw=-1  agent1_result=-1
09:19:11    [W] game  50/100  (a1=P1)  raw=+1  agent1_result=+1
09:19:19    [L] game  51/100  (a1=P2)  raw=+1  agent1_result=-1
09:19:28    [L] game  52/100  (a1=P2)  raw=+1  agent1_result=-1
09:19:35    [L] game  53/100  (a1=P2)  raw=+1  agent1_result=-1
09:19:43    [W] game  54/100  (a1=P2)  raw=-1  agent1_result=+1
09:19:50    [L] game  55/100  (a1=P2)  raw=+1  agent1_result=-1
09:20:05    [W] game  56/100  (a1=P2)  raw=-1  agent1_result=+1
09:20:14    [W] game  57/100  (a1=P2)  raw=-1  agent1_result=+1
09:20:20    [L] game  58/100  (a1=P2)  raw=+1  agent1_result=-1
09:20:32    [L] game  59/100  (a1=P2)  raw=+1  agent1_result=-1
09:20:39    [W] game  60/100  (a1=P2)  raw=-1  agent1_result=+1
09:20:49    [L] game  61/100  (a1=P2)  raw=+1  agent1_result=-1
09:21:03    [W] game  62/100  (a1=P2)  raw=-1  agent1_result=+1
09:21:10    [L] game  63/100  (a1=P2)  raw=+1  agent1_result=-1
09:21:17    [L] game  64/100  (a1=P2)  raw=+1  agent1_result=-1
09:21:22    [L] game  65/100  (a1=P2)  raw=+1  agent1_result=-1
09:21:31    [L] game  66/100  (a1=P2)  raw=+1  agent1_result=-1
09:21:38    [W] game  67/100  (a1=P2)  raw=-1  agent1_result=+1
09:21:53    [L] game  68/100  (a1=P2)  raw=+1  agent1_result=-1
09:21:58    [W] game  69/100  (a1=P2)  raw=-1  agent1_result=+1
09:22:08    [W] game  70/100  (a1=P2)  raw=-1  agent1_result=+1
09:22:18    [L] game  71/100  (a1=P2)  raw=+1  agent1_result=-1
09:22:25    [L] game  72/100  (a1=P2)  raw=+1  agent1_result=-1
09:22:33    [L] game  73/100  (a1=P2)  raw=+1  agent1_result=-1
09:22:45    [W] game  74/100  (a1=P2)  raw=-1  agent1_result=+1
09:23:04    [L] game  75/100  (a1=P2)  raw=+1  agent1_result=-1
09:23:12    [L] game  76/100  (a1=P2)  raw=+1  agent1_result=-1
09:23:22    [W] game  77/100  (a1=P2)  raw=-1  agent1_result=+1
09:23:27    [L] game  78/100  (a1=P2)  raw=+1  agent1_result=-1
09:23:31    [L] game  79/100  (a1=P2)  raw=+1  agent1_result=-1
09:23:41    [W] game  80/100  (a1=P2)  raw=-1  agent1_result=+1
09:23:55    [L] game  81/100  (a1=P2)  raw=+1  agent1_result=-1
09:24:04    [W] game  82/100  (a1=P2)  raw=-1  agent1_result=+1
09:24:17    [L] game  83/100  (a1=P2)  raw=+1  agent1_result=-1
09:24:34    [L] game  84/100  (a1=P2)  raw=+1  agent1_result=-1
09:24:53    [W] game  85/100  (a1=P2)  raw=-1  agent1_result=+1
09:25:02    [L] game  86/100  (a1=P2)  raw=+1  agent1_result=-1
09:25:09    [L] game  87/100  (a1=P2)  raw=+1  agent1_result=-1
09:25:18    [L] game  88/100  (a1=P2)  raw=+1  agent1_result=-1
09:25:25    [L] game  89/100  (a1=P2)  raw=+1  agent1_result=-1
09:25:39    [W] game  90/100  (a1=P2)  raw=-1  agent1_result=+1
09:25:46    [W] game  91/100  (a1=P2)  raw=-1  agent1_result=+1
09:25:59    [W] game  92/100  (a1=P2)  raw=-1  agent1_result=+1
09:26:08    [L] game  93/100  (a1=P2)  raw=+1  agent1_result=-1
09:26:17    [W] game  94/100  (a1=P2)  raw=-1  agent1_result=+1
09:26:21    [L] game  95/100  (a1=P2)  raw=+1  agent1_result=-1
09:26:31    [L] game  96/100  (a1=P2)  raw=+1  agent1_result=-1
09:26:42    [L] game  97/100  (a1=P2)  raw=+1  agent1_result=-1
09:26:48    [L] game  98/100  (a1=P2)  raw=+1  agent1_result=-1
09:26:57    [W] game  99/100  (a1=P2)  raw=-1  agent1_result=+1
09:27:07    [L] game 100/100  (a1=P2)  raw=+1  agent1_result=-1
09:27:07  
──────────────────────────────────────────────────
  GRAVE(500,k=300,t=50) vs RAVE(500,k=300)
  Games  : 100 / 100  (1026.6s)
  Wins   :  45 ( 45.0%)
  Draws  :   0 (  0.0%)
  Losses :  55 ( 55.0%)
──────────────────────────────────────────────────
