07:22:54  Starting 'GRAVE(500,k=300,t=25)_vs_MCTS(500)_100g' — 100 games (GRAVE(500,k=300,t=25) vs MCTS(500))
07:23:07    [W] game   1/100  (a1=P1)  raw=+1  a1=+1
07:23:18    [W] game   2/100  (a1=P1)  raw=+1  a1=+1
07:23:36    [L] game   3/100  (a1=P1)  raw=-1  a1=-1
07:23:57    [W] game   4/100  (a1=P1)  raw=+1  a1=+1
07:24:18    [W] game   5/100  (a1=P1)  raw=+1  a1=+1
07:24:36    [W] game   6/100  (a1=P1)  raw=+1  a1=+1
07:24:53    [W] game   7/100  (a1=P1)  raw=+1  a1=+1
07:25:08    [L] game   8/100  (a1=P1)  raw=-1  a1=-1
07:25:23    [W] game   9/100  (a1=P1)  raw=+1  a1=+1
07:25:42    [W] game  10/100  (a1=P1)  raw=+1  a1=+1
07:26:01    [L] game  11/100  (a1=P1)  raw=-1  a1=-1
07:26:19    [W] game  12/100  (a1=P1)  raw=+1  a1=+1
07:26:38    [W] game  13/100  (a1=P1)  raw=+1  a1=+1
07:26:50    [W] game  14/100  (a1=P1)  raw=+1  a1=+1
07:27:05    [L] game  15/100  (a1=P1)  raw=-1  a1=-1
07:27:23    [W] game  16/100  (a1=P1)  raw=+1  a1=+1
07:27:39    [W] game  17/100  (a1=P1)  raw=+1  a1=+1
07:27:57    [L] game  18/100  (a1=P1)  raw=-1  a1=-1
07:28:14    [W] game  19/100  (a1=P1)  raw=+1  a1=+1
07:28:33    [L] game  20/100  (a1=P1)  raw=-1  a1=-1
07:28:54    [W] game  21/100  (a1=P1)  raw=+1  a1=+1
07:29:08    [W] game  22/100  (a1=P1)  raw=+1  a1=+1
07:29:17    [W] game  23/100  (a1=P1)  raw=+1  a1=+1
07:29:51    [L] game  24/100  (a1=P1)  raw=-1  a1=-1
07:30:10    [W] game  25/100  (a1=P1)  raw=+1  a1=+1
07:30:42    [W] game  26/100  (a1=P1)  raw=+1  a1=+1
07:31:13    [W] game  27/100  (a1=P1)  raw=+1  a1=+1
07:31:33    [W] game  28/100  (a1=P1)  raw=+1  a1=+1
07:32:03    [W] game  29/100  (a1=P1)  raw=+1  a1=+1
07:32:19    [W] game  30/100  (a1=P1)  raw=+1  a1=+1
07:32:48    [W] game  31/100  (a1=P1)  raw=+1  a1=+1
07:33:06    [W] game  32/100  (a1=P1)  raw=+1  a1=+1
07:33:21    [L] game  33/100  (a1=P1)  raw=-1  a1=-1
07:33:37    [W] game  34/100  (a1=P1)  raw=+1  a1=+1
07:33:58    [L] game  35/100  (a1=P1)  raw=-1  a1=-1
07:34:12    [L] game  36/100  (a1=P1)  raw=-1  a1=-1
07:34:26    [W] game  37/100  (a1=P1)  raw=+1  a1=+1
07:34:42    [W] game  38/100  (a1=P1)  raw=+1  a1=+1
07:34:55    [W] game  39/100  (a1=P1)  raw=+1  a1=+1
07:35:21    [W] game  40/100  (a1=P1)  raw=+1  a1=+1
07:35:35    [L] game  41/100  (a1=P1)  raw=-1  a1=-1
07:36:02    [W] game  42/100  (a1=P1)  raw=+1  a1=+1
07:36:14    [W] game  43/100  (a1=P1)  raw=+1  a1=+1
07:36:34    [L] game  44/100  (a1=P1)  raw=-1  a1=-1
07:37:08    [W] game  45/100  (a1=P1)  raw=+1  a1=+1
07:37:46    [W] game  46/100  (a1=P1)  raw=+1  a1=+1
07:38:01    [W] game  47/100  (a1=P1)  raw=+1  a1=+1
07:38:33    [W] game  48/100  (a1=P1)  raw=+1  a1=+1
07:38:47    [W] game  49/100  (a1=P1)  raw=+1  a1=+1
07:39:02    [W] game  50/100  (a1=P1)  raw=+1  a1=+1
07:39:16    [W] game  51/100  (a1=P2)  raw=-1  a1=+1
07:39:34    [W] game  52/100  (a1=P2)  raw=-1  a1=+1
07:39:46    [W] game  53/100  (a1=P2)  raw=-1  a1=+1
07:40:07    [L] game  54/100  (a1=P2)  raw=+1  a1=-1
07:40:27    [L] game  55/100  (a1=P2)  raw=+1  a1=-1
07:40:43    [W] game  56/100  (a1=P2)  raw=-1  a1=+1
07:41:05    [L] game  57/100  (a1=P2)  raw=+1  a1=-1
07:41:18    [W] game  58/100  (a1=P2)  raw=-1  a1=+1
07:41:28    [W] game  59/100  (a1=P2)  raw=-1  a1=+1
07:41:37    [L] game  60/100  (a1=P2)  raw=+1  a1=-1
07:41:53    [L] game  61/100  (a1=P2)  raw=+1  a1=-1
07:42:08    [L] game  62/100  (a1=P2)  raw=+1  a1=-1
07:42:18    [L] game  63/100  (a1=P2)  raw=+1  a1=-1
07:42:39    [L] game  64/100  (a1=P2)  raw=+1  a1=-1
07:43:14    [W] game  65/100  (a1=P2)  raw=-1  a1=+1
07:43:27    [W] game  66/100  (a1=P2)  raw=-1  a1=+1
07:43:41    [W] game  67/100  (a1=P2)  raw=-1  a1=+1
07:44:01    [W] game  68/100  (a1=P2)  raw=-1  a1=+1
07:44:22    [L] game  69/100  (a1=P2)  raw=+1  a1=-1
07:44:46    [W] game  70/100  (a1=P2)  raw=-1  a1=+1
07:45:07    [L] game  71/100  (a1=P2)  raw=+1  a1=-1
07:45:28    [W] game  72/100  (a1=P2)  raw=-1  a1=+1
07:45:58    [L] game  73/100  (a1=P2)  raw=+1  a1=-1
07:46:08    [W] game  74/100  (a1=P2)  raw=-1  a1=+1
07:46:35    [W] game  75/100  (a1=P2)  raw=-1  a1=+1
07:46:52    [W] game  76/100  (a1=P2)  raw=-1  a1=+1
07:47:13    [L] game  77/100  (a1=P2)  raw=+1  a1=-1
07:47:32    [W] game  78/100  (a1=P2)  raw=-1  a1=+1
07:47:49    [L] game  79/100  (a1=P2)  raw=+1  a1=-1
07:48:03    [L] game  80/100  (a1=P2)  raw=+1  a1=-1
07:48:22    [W] game  81/100  (a1=P2)  raw=-1  a1=+1
07:48:41    [L] game  82/100  (a1=P2)  raw=+1  a1=-1
07:49:00    [L] game  83/100  (a1=P2)  raw=+1  a1=-1
07:49:13    [L] game  84/100  (a1=P2)  raw=+1  a1=-1
07:49:29    [W] game  85/100  (a1=P2)  raw=-1  a1=+1
07:49:55    [W] game  86/100  (a1=P2)  raw=-1  a1=+1
07:50:07    [L] game  87/100  (a1=P2)  raw=+1  a1=-1
07:50:38    [W] game  88/100  (a1=P2)  raw=-1  a1=+1
07:50:57    [W] game  89/100  (a1=P2)  raw=-1  a1=+1
07:51:12    [W] game  90/100  (a1=P2)  raw=-1  a1=+1
07:51:22    [W] game  91/100  (a1=P2)  raw=-1  a1=+1
07:51:38    [W] game  92/100  (a1=P2)  raw=-1  a1=+1
07:51:53    [L] game  93/100  (a1=P2)  raw=+1  a1=-1
07:52:05    [L] game  94/100  (a1=P2)  raw=+1  a1=-1
07:52:25    [W] game  95/100  (a1=P2)  raw=-1  a1=+1
07:52:37    [L] game  96/100  (a1=P2)  raw=+1  a1=-1
07:52:55    [L] game  97/100  (a1=P2)  raw=+1  a1=-1
07:53:20    [L] game  98/100  (a1=P2)  raw=+1  a1=-1
07:53:48    [W] game  99/100  (a1=P2)  raw=-1  a1=+1
07:54:10    [L] game 100/100  (a1=P2)  raw=+1  a1=-1
07:54:10  
──────────────────────────────────────────────────────
  GRAVE(500,k=300,t=25)     vs MCTS(500)
  Games  : 100/100  (1876.4s)
  Wins   :  64 ( 64.0%)
  Draws  :   0 (  0.0%)
  Losses :  36 ( 36.0%)
──────────────────────────────────────────────────────
08:06:23  'GRAVE(500,k=300,t=25)_vs_MCTS(500)_100g' already complete — using cached result.
