13:52:12  Starting 'GRAVE(1000,k=300,t=5)_vs_MCTS(1000)_50g' — 50 games (GRAVE(1000,k=300,t=5) vs MCTS(1000))
13:52:35    [L] game   1/50  (a1=P1)  raw=-1  a1=-1
13:52:50    [W] game   2/50  (a1=P1)  raw=+1  a1=+1
13:53:07    [W] game   3/50  (a1=P1)  raw=+1  a1=+1
13:53:27    [W] game   4/50  (a1=P1)  raw=+1  a1=+1
13:53:47    [W] game   5/50  (a1=P1)  raw=+1  a1=+1
13:54:30    [L] game   6/50  (a1=P1)  raw=-1  a1=-1
13:54:51    [W] game   7/50  (a1=P1)  raw=+1  a1=+1
13:55:15    [W] game   8/50  (a1=P1)  raw=+1  a1=+1
13:55:44    [W] game   9/50  (a1=P1)  raw=+1  a1=+1
13:56:07    [W] game  10/50  (a1=P1)  raw=+1  a1=+1
13:56:24    [W] game  11/50  (a1=P1)  raw=+1  a1=+1
13:56:37    [W] game  12/50  (a1=P1)  raw=+1  a1=+1
13:57:04    [W] game  13/50  (a1=P1)  raw=+1  a1=+1
13:57:24    [W] game  14/50  (a1=P1)  raw=+1  a1=+1
13:57:44    [W] game  15/50  (a1=P1)  raw=+1  a1=+1
13:58:07    [L] game  16/50  (a1=P1)  raw=-1  a1=-1
13:58:21    [W] game  17/50  (a1=P1)  raw=+1  a1=+1
13:58:37    [W] game  18/50  (a1=P1)  raw=+1  a1=+1
13:58:54    [W] game  19/50  (a1=P1)  raw=+1  a1=+1
13:59:12    [W] game  20/50  (a1=P1)  raw=+1  a1=+1
13:59:33    [W] game  21/50  (a1=P1)  raw=+1  a1=+1
14:00:00    [W] game  22/50  (a1=P1)  raw=+1  a1=+1
14:00:20    [W] game  23/50  (a1=P1)  raw=+1  a1=+1
14:00:38    [W] game  24/50  (a1=P1)  raw=+1  a1=+1
14:00:53    [W] game  25/50  (a1=P1)  raw=+1  a1=+1
14:01:13    [L] game  26/50  (a1=P2)  raw=+1  a1=-1
14:02:01    [L] game  27/50  (a1=P2)  raw=+1  a1=-1
14:02:24    [L] game  28/50  (a1=P2)  raw=+1  a1=-1
15:27:40  Resuming 'GRAVE(1000,k=300,t=5)_vs_MCTS(1000)_50g' — 28/50 done.
15:28:01    [L] game  29/50  (a1=P2)  raw=+1  a1=-1
15:28:38    [W] game  30/50  (a1=P2)  raw=-1  a1=+1
15:28:55    [L] game  31/50  (a1=P2)  raw=+1  a1=-1
15:29:19    [W] game  32/50  (a1=P2)  raw=-1  a1=+1
15:30:24    [W] game  33/50  (a1=P2)  raw=-1  a1=+1
15:30:51    [W] game  34/50  (a1=P2)  raw=-1  a1=+1
15:31:10    [L] game  35/50  (a1=P2)  raw=+1  a1=-1
15:31:44    [L] game  36/50  (a1=P2)  raw=+1  a1=-1
15:32:07    [W] game  37/50  (a1=P2)  raw=-1  a1=+1
15:33:00    [W] game  38/50  (a1=P2)  raw=-1  a1=+1
15:33:17    [W] game  39/50  (a1=P2)  raw=-1  a1=+1
15:33:37    [W] game  40/50  (a1=P2)  raw=-1  a1=+1
15:34:02    [L] game  41/50  (a1=P2)  raw=+1  a1=-1
15:34:22    [W] game  42/50  (a1=P2)  raw=-1  a1=+1
15:35:02    [W] game  43/50  (a1=P2)  raw=-1  a1=+1
15:35:40    [W] game  44/50  (a1=P2)  raw=-1  a1=+1
15:35:55    [L] game  45/50  (a1=P2)  raw=+1  a1=-1
15:36:24    [W] game  46/50  (a1=P2)  raw=-1  a1=+1
15:36:42    [L] game  47/50  (a1=P2)  raw=+1  a1=-1
15:37:13    [W] game  48/50  (a1=P2)  raw=-1  a1=+1
15:37:32    [L] game  49/50  (a1=P2)  raw=+1  a1=-1
15:37:59    [W] game  50/50  (a1=P2)  raw=-1  a1=+1
15:37:59  
──────────────────────────────────────────────────────
  GRAVE(1000,k=300,t=5)     vs MCTS(1000)
  Games  : 50/50  (618.2s)
  Wins   :  36 ( 72.0%)
  Draws  :   0 (  0.0%)
  Losses :  14 ( 28.0%)
──────────────────────────────────────────────────────
18:03:34  'GRAVE(1000,k=300,t=5)_vs_MCTS(1000)_50g' already complete — using cached result.
19:05:07  'GRAVE(1000,k=300,t=5)_vs_MCTS(1000)_50g' already complete — using cached result.
20:02:57  'GRAVE(1000,k=300,t=5)_vs_MCTS(1000)_50g' already complete — using cached result.
21:06:58  'GRAVE(1000,k=300,t=5)_vs_MCTS(1000)_50g' already complete — using cached result.
22:28:35  'GRAVE(1000,k=300,t=5)_vs_MCTS(1000)_50g' already complete — using cached result.
07:00:14  'GRAVE(1000,k=300,t=5)_vs_MCTS(1000)_50g' already complete — using cached result.
08:06:23  'GRAVE(1000,k=300,t=5)_vs_MCTS(1000)_50g' already complete — using cached result.
