11:27:08  Starting 'GRAVE(500,k=3000,t=5)_vs_MCTS(500)_50g' — 50 games (GRAVE(500,k=3000,t=5) vs MCTS(500))
11:27:15    [L] game   1/50  (a1=P1)  raw=-1  a1=-1
11:27:21    [W] game   2/50  (a1=P1)  raw=+1  a1=+1
11:27:30    [W] game   3/50  (a1=P1)  raw=+1  a1=+1
11:27:40    [L] game   4/50  (a1=P1)  raw=-1  a1=-1
11:27:46    [W] game   5/50  (a1=P1)  raw=+1  a1=+1
11:28:04    [L] game   6/50  (a1=P1)  raw=-1  a1=-1
11:28:11    [L] game   7/50  (a1=P1)  raw=-1  a1=-1
11:28:19    [W] game   8/50  (a1=P1)  raw=+1  a1=+1
11:28:29    [W] game   9/50  (a1=P1)  raw=+1  a1=+1
11:28:36    [W] game  10/50  (a1=P1)  raw=+1  a1=+1
11:28:41    [L] game  11/50  (a1=P1)  raw=-1  a1=-1
11:28:49    [W] game  12/50  (a1=P1)  raw=+1  a1=+1
11:28:57    [W] game  13/50  (a1=P1)  raw=+1  a1=+1
11:29:04    [W] game  14/50  (a1=P1)  raw=+1  a1=+1
11:29:15    [W] game  15/50  (a1=P1)  raw=+1  a1=+1
11:29:20    [L] game  16/50  (a1=P1)  raw=-1  a1=-1
11:29:29    [W] game  17/50  (a1=P1)  raw=+1  a1=+1
11:29:36    [L] game  18/50  (a1=P1)  raw=-1  a1=-1
11:29:44    [W] game  19/50  (a1=P1)  raw=+1  a1=+1
11:29:54    [W] game  20/50  (a1=P1)  raw=+1  a1=+1
11:30:02    [W] game  21/50  (a1=P1)  raw=+1  a1=+1
11:30:07    [W] game  22/50  (a1=P1)  raw=+1  a1=+1
11:30:15    [W] game  23/50  (a1=P1)  raw=+1  a1=+1
11:30:22    [L] game  24/50  (a1=P1)  raw=-1  a1=-1
11:30:34    [W] game  25/50  (a1=P1)  raw=+1  a1=+1
11:30:42    [W] game  26/50  (a1=P2)  raw=-1  a1=+1
11:30:50    [L] game  27/50  (a1=P2)  raw=+1  a1=-1
11:30:57    [W] game  28/50  (a1=P2)  raw=-1  a1=+1
11:31:10    [W] game  29/50  (a1=P2)  raw=-1  a1=+1
11:31:16    [W] game  30/50  (a1=P2)  raw=-1  a1=+1
11:31:21    [L] game  31/50  (a1=P2)  raw=+1  a1=-1
11:31:27    [L] game  32/50  (a1=P2)  raw=+1  a1=-1
11:31:39    [L] game  33/50  (a1=P2)  raw=+1  a1=-1
11:31:43    [L] game  34/50  (a1=P2)  raw=+1  a1=-1
11:31:53    [W] game  35/50  (a1=P2)  raw=-1  a1=+1
11:32:05    [W] game  36/50  (a1=P2)  raw=-1  a1=+1
11:32:14    [W] game  37/50  (a1=P2)  raw=-1  a1=+1
11:32:25    [L] game  38/50  (a1=P2)  raw=+1  a1=-1
11:32:35    [W] game  39/50  (a1=P2)  raw=-1  a1=+1
11:32:46    [W] game  40/50  (a1=P2)  raw=-1  a1=+1
11:32:57    [W] game  41/50  (a1=P2)  raw=-1  a1=+1
11:33:05    [L] game  42/50  (a1=P2)  raw=+1  a1=-1
11:33:16    [W] game  43/50  (a1=P2)  raw=-1  a1=+1
11:33:27    [W] game  44/50  (a1=P2)  raw=-1  a1=+1
11:33:41    [W] game  45/50  (a1=P2)  raw=-1  a1=+1
11:33:49    [W] game  46/50  (a1=P2)  raw=-1  a1=+1
11:33:58    [W] game  47/50  (a1=P2)  raw=-1  a1=+1
11:34:13    [L] game  48/50  (a1=P2)  raw=+1  a1=-1
11:34:22    [L] game  49/50  (a1=P2)  raw=+1  a1=-1
11:34:27    [L] game  50/50  (a1=P2)  raw=+1  a1=-1
11:34:27  
──────────────────────────────────────────────────────
  GRAVE(500,k=3000,t=5)     vs MCTS(500)
  Games  : 50/50  (439.1s)
  Wins   :  32 ( 64.0%)
  Draws  :   0 (  0.0%)
  Losses :  18 ( 36.0%)
──────────────────────────────────────────────────────
18:03:34  'GRAVE(500,k=3000,t=5)_vs_MCTS(500)_50g' already complete — using cached result.
19:05:07  'GRAVE(500,k=3000,t=5)_vs_MCTS(500)_50g' already complete — using cached result.
20:02:57  'GRAVE(500,k=3000,t=5)_vs_MCTS(500)_50g' already complete — using cached result.
21:06:58  'GRAVE(500,k=3000,t=5)_vs_MCTS(500)_50g' already complete — using cached result.
22:28:34  'GRAVE(500,k=3000,t=5)_vs_MCTS(500)_50g' already complete — using cached result.
07:00:14  'GRAVE(500,k=3000,t=5)_vs_MCTS(500)_50g' already complete — using cached result.
08:06:23  'GRAVE(500,k=3000,t=5)_vs_MCTS(500)_50g' already complete — using cached result.
