22:46:04  Starting 'GRAVE(500,k=300,t=2)_vs_GRAVE(500,k=300,t=25)_100g' — 100 games (GRAVE(500,k=300,t=2) vs GRAVE(500,k=300,t=25))
22:46:20    [L] game   1/100  (a1=P1)  raw=-1  a1=-1
22:46:32    [W] game   2/100  (a1=P1)  raw=+1  a1=+1
22:46:53    [L] game   3/100  (a1=P1)  raw=-1  a1=-1
22:47:07    [L] game   4/100  (a1=P1)  raw=-1  a1=-1
22:47:26    [W] game   5/100  (a1=P1)  raw=+1  a1=+1
22:47:40    [L] game   6/100  (a1=P1)  raw=-1  a1=-1
22:47:51    [L] game   7/100  (a1=P1)  raw=-1  a1=-1
22:48:00    [W] game   8/100  (a1=P1)  raw=+1  a1=+1
22:48:09    [W] game   9/100  (a1=P1)  raw=+1  a1=+1
22:48:17    [W] game  10/100  (a1=P1)  raw=+1  a1=+1
22:48:28    [W] game  11/100  (a1=P1)  raw=+1  a1=+1
22:48:35    [L] game  12/100  (a1=P1)  raw=-1  a1=-1
22:48:40    [W] game  13/100  (a1=P1)  raw=+1  a1=+1
22:48:52    [L] game  14/100  (a1=P1)  raw=-1  a1=-1
22:49:15    [W] game  15/100  (a1=P1)  raw=+1  a1=+1
22:49:25    [W] game  16/100  (a1=P1)  raw=+1  a1=+1
22:49:35    [L] game  17/100  (a1=P1)  raw=-1  a1=-1
22:49:41    [W] game  18/100  (a1=P1)  raw=+1  a1=+1
22:49:51    [W] game  19/100  (a1=P1)  raw=+1  a1=+1
22:50:00    [L] game  20/100  (a1=P1)  raw=-1  a1=-1
22:50:21    [L] game  21/100  (a1=P1)  raw=-1  a1=-1
22:50:32    [W] game  22/100  (a1=P1)  raw=+1  a1=+1
22:50:46    [L] game  23/100  (a1=P1)  raw=-1  a1=-1
22:50:57    [W] game  24/100  (a1=P1)  raw=+1  a1=+1
22:51:05    [W] game  25/100  (a1=P1)  raw=+1  a1=+1
22:51:13    [L] game  26/100  (a1=P1)  raw=-1  a1=-1
22:51:18    [W] game  27/100  (a1=P1)  raw=+1  a1=+1
22:51:27    [L] game  28/100  (a1=P1)  raw=-1  a1=-1
22:51:34    [W] game  29/100  (a1=P1)  raw=+1  a1=+1
22:51:47    [W] game  30/100  (a1=P1)  raw=+1  a1=+1
22:51:59    [L] game  31/100  (a1=P1)  raw=-1  a1=-1
22:52:10    [W] game  32/100  (a1=P1)  raw=+1  a1=+1
22:52:23    [W] game  33/100  (a1=P1)  raw=+1  a1=+1
22:52:30    [W] game  34/100  (a1=P1)  raw=+1  a1=+1
22:52:40    [W] game  35/100  (a1=P1)  raw=+1  a1=+1
22:52:56    [L] game  36/100  (a1=P1)  raw=-1  a1=-1
22:53:11    [L] game  37/100  (a1=P1)  raw=-1  a1=-1
22:53:23    [W] game  38/100  (a1=P1)  raw=+1  a1=+1
22:53:34    [W] game  39/100  (a1=P1)  raw=+1  a1=+1
22:53:44    [L] game  40/100  (a1=P1)  raw=-1  a1=-1
22:54:01    [W] game  41/100  (a1=P1)  raw=+1  a1=+1
22:54:10    [W] game  42/100  (a1=P1)  raw=+1  a1=+1
22:54:14    [L] game  43/100  (a1=P1)  raw=-1  a1=-1
22:54:22    [L] game  44/100  (a1=P1)  raw=-1  a1=-1
22:54:44    [W] game  45/100  (a1=P1)  raw=+1  a1=+1
22:55:04    [W] game  46/100  (a1=P1)  raw=+1  a1=+1
22:55:12    [W] game  47/100  (a1=P1)  raw=+1  a1=+1
22:55:20    [L] game  48/100  (a1=P1)  raw=-1  a1=-1
22:55:37    [W] game  49/100  (a1=P1)  raw=+1  a1=+1
22:55:43    [L] game  50/100  (a1=P1)  raw=-1  a1=-1
22:56:09    [W] game  51/100  (a1=P2)  raw=-1  a1=+1
22:56:17    [W] game  52/100  (a1=P2)  raw=-1  a1=+1
22:56:26    [L] game  53/100  (a1=P2)  raw=+1  a1=-1
22:56:42    [L] game  54/100  (a1=P2)  raw=+1  a1=-1
22:56:51    [L] game  55/100  (a1=P2)  raw=+1  a1=-1
22:57:01    [L] game  56/100  (a1=P2)  raw=+1  a1=-1
22:57:19    [W] game  57/100  (a1=P2)  raw=-1  a1=+1
22:57:28    [W] game  58/100  (a1=P2)  raw=-1  a1=+1
22:57:40    [W] game  59/100  (a1=P2)  raw=-1  a1=+1
22:57:52    [W] game  60/100  (a1=P2)  raw=-1  a1=+1
22:58:03    [L] game  61/100  (a1=P2)  raw=+1  a1=-1
22:58:14    [L] game  62/100  (a1=P2)  raw=+1  a1=-1
22:58:26    [W] game  63/100  (a1=P2)  raw=-1  a1=+1
22:58:43    [W] game  64/100  (a1=P2)  raw=-1  a1=+1
22:58:51    [L] game  65/100  (a1=P2)  raw=+1  a1=-1
22:58:57    [L] game  66/100  (a1=P2)  raw=+1  a1=-1
22:59:08    [L] game  67/100  (a1=P2)  raw=+1  a1=-1
22:59:27    [L] game  68/100  (a1=P2)  raw=+1  a1=-1
22:59:40    [L] game  69/100  (a1=P2)  raw=+1  a1=-1
23:00:00    [W] game  70/100  (a1=P2)  raw=-1  a1=+1
23:00:11    [L] game  71/100  (a1=P2)  raw=+1  a1=-1
23:00:21    [L] game  72/100  (a1=P2)  raw=+1  a1=-1
23:00:32    [L] game  73/100  (a1=P2)  raw=+1  a1=-1
23:00:39    [L] game  74/100  (a1=P2)  raw=+1  a1=-1
23:00:55    [W] game  75/100  (a1=P2)  raw=-1  a1=+1
23:01:06    [L] game  76/100  (a1=P2)  raw=+1  a1=-1
23:01:11    [W] game  77/100  (a1=P2)  raw=-1  a1=+1
23:01:26    [W] game  78/100  (a1=P2)  raw=-1  a1=+1
23:01:43    [W] game  79/100  (a1=P2)  raw=-1  a1=+1
23:01:52    [L] game  80/100  (a1=P2)  raw=+1  a1=-1
23:02:06    [L] game  81/100  (a1=P2)  raw=+1  a1=-1
23:02:12    [L] game  82/100  (a1=P2)  raw=+1  a1=-1
23:02:28    [W] game  83/100  (a1=P2)  raw=-1  a1=+1
23:02:37    [L] game  84/100  (a1=P2)  raw=+1  a1=-1
23:02:44    [L] game  85/100  (a1=P2)  raw=+1  a1=-1
23:02:52    [W] game  86/100  (a1=P2)  raw=-1  a1=+1
23:03:05    [W] game  87/100  (a1=P2)  raw=-1  a1=+1
23:03:13    [W] game  88/100  (a1=P2)  raw=-1  a1=+1
23:03:19    [L] game  89/100  (a1=P2)  raw=+1  a1=-1
23:03:37    [W] game  90/100  (a1=P2)  raw=-1  a1=+1
23:03:45    [L] game  91/100  (a1=P2)  raw=+1  a1=-1
23:03:51    [L] game  92/100  (a1=P2)  raw=+1  a1=-1
23:04:08    [W] game  93/100  (a1=P2)  raw=-1  a1=+1
23:04:17    [W] game  94/100  (a1=P2)  raw=-1  a1=+1
23:04:23    [L] game  95/100  (a1=P2)  raw=+1  a1=-1
23:04:33    [L] game  96/100  (a1=P2)  raw=+1  a1=-1
23:04:41    [L] game  97/100  (a1=P2)  raw=+1  a1=-1
23:04:49    [L] game  98/100  (a1=P2)  raw=+1  a1=-1
23:05:01    [L] game  99/100  (a1=P2)  raw=+1  a1=-1
23:05:13    [L] game 100/100  (a1=P2)  raw=+1  a1=-1
23:05:13  
──────────────────────────────────────────────────────
  GRAVE(500,k=300,t=2)      vs GRAVE(500,k=300,t=25)
  Games  : 100/100  (1148.7s)
  Wins   :  49 ( 49.0%)
  Draws  :   0 (  0.0%)
  Losses :  51 ( 51.0%)
──────────────────────────────────────────────────────
07:00:14  'GRAVE(500,k=300,t=2)_vs_GRAVE(500,k=300,t=25)_100g' already complete — using cached result.
08:06:23  'GRAVE(500,k=300,t=2)_vs_GRAVE(500,k=300,t=25)_100g' already complete — using cached result.
