22:00:25  Starting 'GRAVE(500,k=300,t=5,C=0.1)_vs_MCTS(500)_100g' — 100 games (GRAVE(500,k=300,t=5,C=0.1) vs MCTS(500))
22:00:32    [W] game   1/100  (a1=P1)  raw=+1  a1=+1
22:00:41    [W] game   2/100  (a1=P1)  raw=+1  a1=+1
22:01:02    [L] game   3/100  (a1=P1)  raw=-1  a1=-1
22:01:12    [W] game   4/100  (a1=P1)  raw=+1  a1=+1
22:28:35  Resuming 'GRAVE(500,k=300,t=5,C=0.1)_vs_MCTS(500)_100g' — 4/100 done.
22:28:52    [L] game   5/100  (a1=P1)  raw=-1  a1=-1
22:29:01    [W] game   6/100  (a1=P1)  raw=+1  a1=+1
22:29:09    [W] game   7/100  (a1=P1)  raw=+1  a1=+1
22:29:25    [L] game   8/100  (a1=P1)  raw=-1  a1=-1
22:29:42    [W] game   9/100  (a1=P1)  raw=+1  a1=+1
22:30:03    [W] game  10/100  (a1=P1)  raw=+1  a1=+1
22:30:07    [W] game  11/100  (a1=P1)  raw=+1  a1=+1
22:30:18    [W] game  12/100  (a1=P1)  raw=+1  a1=+1
22:30:27    [L] game  13/100  (a1=P1)  raw=-1  a1=-1
22:30:39    [L] game  14/100  (a1=P1)  raw=-1  a1=-1
22:30:45    [L] game  15/100  (a1=P1)  raw=-1  a1=-1
22:30:56    [L] game  16/100  (a1=P1)  raw=-1  a1=-1
22:31:08    [W] game  17/100  (a1=P1)  raw=+1  a1=+1
22:31:15    [W] game  18/100  (a1=P1)  raw=+1  a1=+1
22:31:23    [W] game  19/100  (a1=P1)  raw=+1  a1=+1
22:31:41    [L] game  20/100  (a1=P1)  raw=-1  a1=-1
22:31:45    [W] game  21/100  (a1=P1)  raw=+1  a1=+1
22:31:54    [W] game  22/100  (a1=P1)  raw=+1  a1=+1
22:32:02    [W] game  23/100  (a1=P1)  raw=+1  a1=+1
22:32:09    [L] game  24/100  (a1=P1)  raw=-1  a1=-1
22:32:16    [W] game  25/100  (a1=P1)  raw=+1  a1=+1
22:32:28    [W] game  26/100  (a1=P1)  raw=+1  a1=+1
22:32:38    [W] game  27/100  (a1=P1)  raw=+1  a1=+1
22:32:48    [L] game  28/100  (a1=P1)  raw=-1  a1=-1
22:32:56    [W] game  29/100  (a1=P1)  raw=+1  a1=+1
22:33:13    [W] game  30/100  (a1=P1)  raw=+1  a1=+1
22:33:23    [W] game  31/100  (a1=P1)  raw=+1  a1=+1
22:33:35    [W] game  32/100  (a1=P1)  raw=+1  a1=+1
22:33:50    [L] game  33/100  (a1=P1)  raw=-1  a1=-1
22:34:00    [W] game  34/100  (a1=P1)  raw=+1  a1=+1
22:34:08    [W] game  35/100  (a1=P1)  raw=+1  a1=+1
22:34:27    [L] game  36/100  (a1=P1)  raw=-1  a1=-1
22:34:35    [L] game  37/100  (a1=P1)  raw=-1  a1=-1
22:34:44    [L] game  38/100  (a1=P1)  raw=-1  a1=-1
22:34:54    [W] game  39/100  (a1=P1)  raw=+1  a1=+1
22:35:02    [W] game  40/100  (a1=P1)  raw=+1  a1=+1
22:35:10    [L] game  41/100  (a1=P1)  raw=-1  a1=-1
22:35:18    [W] game  42/100  (a1=P1)  raw=+1  a1=+1
22:35:26    [W] game  43/100  (a1=P1)  raw=+1  a1=+1
22:35:40    [L] game  44/100  (a1=P1)  raw=-1  a1=-1
22:35:52    [W] game  45/100  (a1=P1)  raw=+1  a1=+1
22:36:06    [W] game  46/100  (a1=P1)  raw=+1  a1=+1
22:36:22    [W] game  47/100  (a1=P1)  raw=+1  a1=+1
22:36:29    [W] game  48/100  (a1=P1)  raw=+1  a1=+1
22:36:51    [W] game  49/100  (a1=P1)  raw=+1  a1=+1
22:37:02    [W] game  50/100  (a1=P1)  raw=+1  a1=+1
22:37:09    [L] game  51/100  (a1=P2)  raw=+1  a1=-1
22:37:15    [W] game  52/100  (a1=P2)  raw=-1  a1=+1
22:37:21    [L] game  53/100  (a1=P2)  raw=+1  a1=-1
22:37:33    [L] game  54/100  (a1=P2)  raw=+1  a1=-1
22:37:44    [L] game  55/100  (a1=P2)  raw=+1  a1=-1
22:37:53    [W] game  56/100  (a1=P2)  raw=-1  a1=+1
22:38:05    [W] game  57/100  (a1=P2)  raw=-1  a1=+1
22:38:13    [L] game  58/100  (a1=P2)  raw=+1  a1=-1
22:38:26    [W] game  59/100  (a1=P2)  raw=-1  a1=+1
22:38:35    [W] game  60/100  (a1=P2)  raw=-1  a1=+1
22:38:40    [W] game  61/100  (a1=P2)  raw=-1  a1=+1
22:38:54    [W] game  62/100  (a1=P2)  raw=-1  a1=+1
22:39:00    [L] game  63/100  (a1=P2)  raw=+1  a1=-1
22:39:16    [W] game  64/100  (a1=P2)  raw=-1  a1=+1
22:39:28    [L] game  65/100  (a1=P2)  raw=+1  a1=-1
22:39:35    [L] game  66/100  (a1=P2)  raw=+1  a1=-1
22:39:44    [W] game  67/100  (a1=P2)  raw=-1  a1=+1
22:39:52    [W] game  68/100  (a1=P2)  raw=-1  a1=+1
22:40:00    [W] game  69/100  (a1=P2)  raw=-1  a1=+1
22:40:14    [L] game  70/100  (a1=P2)  raw=+1  a1=-1
22:40:23    [L] game  71/100  (a1=P2)  raw=+1  a1=-1
22:40:38    [W] game  72/100  (a1=P2)  raw=-1  a1=+1
22:40:45    [W] game  73/100  (a1=P2)  raw=-1  a1=+1
22:40:54    [W] game  74/100  (a1=P2)  raw=-1  a1=+1
22:41:01    [L] game  75/100  (a1=P2)  raw=+1  a1=-1
22:41:19    [W] game  76/100  (a1=P2)  raw=-1  a1=+1
22:41:27    [W] game  77/100  (a1=P2)  raw=-1  a1=+1
22:41:39    [L] game  78/100  (a1=P2)  raw=+1  a1=-1
22:41:47    [L] game  79/100  (a1=P2)  raw=+1  a1=-1
22:41:57    [W] game  80/100  (a1=P2)  raw=-1  a1=+1
22:42:08    [W] game  81/100  (a1=P2)  raw=-1  a1=+1
22:42:22    [W] game  82/100  (a1=P2)  raw=-1  a1=+1
22:42:28    [L] game  83/100  (a1=P2)  raw=+1  a1=-1
22:42:44    [L] game  84/100  (a1=P2)  raw=+1  a1=-1
22:43:03    [W] game  85/100  (a1=P2)  raw=-1  a1=+1
22:43:09    [L] game  86/100  (a1=P2)  raw=+1  a1=-1
22:43:21    [W] game  87/100  (a1=P2)  raw=-1  a1=+1
22:43:38    [W] game  88/100  (a1=P2)  raw=-1  a1=+1
22:43:55    [W] game  89/100  (a1=P2)  raw=-1  a1=+1
22:44:06    [W] game  90/100  (a1=P2)  raw=-1  a1=+1
22:44:23    [W] game  91/100  (a1=P2)  raw=-1  a1=+1
22:44:26    [L] game  92/100  (a1=P2)  raw=+1  a1=-1
22:44:41    [L] game  93/100  (a1=P2)  raw=+1  a1=-1
22:44:55    [L] game  94/100  (a1=P2)  raw=+1  a1=-1
22:45:03    [L] game  95/100  (a1=P2)  raw=+1  a1=-1
22:45:15    [L] game  96/100  (a1=P2)  raw=+1  a1=-1
22:45:24    [L] game  97/100  (a1=P2)  raw=+1  a1=-1
22:45:32    [L] game  98/100  (a1=P2)  raw=+1  a1=-1
22:45:45    [W] game  99/100  (a1=P2)  raw=-1  a1=+1
22:46:04    [W] game 100/100  (a1=P2)  raw=-1  a1=+1
22:46:04  
──────────────────────────────────────────────────────
  GRAVE(500,k=300,t=5,C=0.1)vs MCTS(500)
  Games  : 100/100  (1049.5s)
  Wins   :  61 ( 61.0%)
  Draws  :   0 (  0.0%)
  Losses :  39 ( 39.0%)
──────────────────────────────────────────────────────
07:00:14  'GRAVE(500,k=300,t=5,C=0.1)_vs_MCTS(500)_100g' already complete — using cached result.
08:06:23  'GRAVE(500,k=300,t=5,C=0.1)_vs_MCTS(500)_100g' already complete — using cached result.
