16:21:26  Starting 'GRAVE(1000,k=300,t=5)_vs_MCTS(500)_50g' — 50 games (GRAVE(1000,k=300,t=5) vs MCTS(500))
16:21:40    [W] game   1/50  (a1=P1)  raw=+1  a1=+1
16:22:00    [W] game   2/50  (a1=P1)  raw=+1  a1=+1
16:22:38    [L] game   3/50  (a1=P1)  raw=-1  a1=-1
16:23:10    [L] game   4/50  (a1=P1)  raw=-1  a1=-1
16:23:21    [W] game   5/50  (a1=P1)  raw=+1  a1=+1
16:23:39    [W] game   6/50  (a1=P1)  raw=+1  a1=+1
16:23:52    [W] game   7/50  (a1=P1)  raw=+1  a1=+1
16:24:21    [W] game   8/50  (a1=P1)  raw=+1  a1=+1
16:24:33    [L] game   9/50  (a1=P1)  raw=-1  a1=-1
16:24:51    [W] game  10/50  (a1=P1)  raw=+1  a1=+1
16:25:10    [W] game  11/50  (a1=P1)  raw=+1  a1=+1
16:25:25    [W] game  12/50  (a1=P1)  raw=+1  a1=+1
16:25:42    [L] game  13/50  (a1=P1)  raw=-1  a1=-1
16:25:57    [W] game  14/50  (a1=P1)  raw=+1  a1=+1
16:26:15    [W] game  15/50  (a1=P1)  raw=+1  a1=+1
16:26:30    [W] game  16/50  (a1=P1)  raw=+1  a1=+1
16:27:02    [W] game  17/50  (a1=P1)  raw=+1  a1=+1
16:27:14    [W] game  18/50  (a1=P1)  raw=+1  a1=+1
16:27:28    [L] game  19/50  (a1=P1)  raw=-1  a1=-1
16:27:43    [W] game  20/50  (a1=P1)  raw=+1  a1=+1
16:28:06    [L] game  21/50  (a1=P1)  raw=-1  a1=-1
16:28:33    [L] game  22/50  (a1=P1)  raw=-1  a1=-1
16:28:44    [W] game  23/50  (a1=P1)  raw=+1  a1=+1
16:29:16    [W] game  24/50  (a1=P1)  raw=+1  a1=+1
16:29:30    [W] game  25/50  (a1=P1)  raw=+1  a1=+1
16:29:39    [L] game  26/50  (a1=P2)  raw=+1  a1=-1
16:29:52    [L] game  27/50  (a1=P2)  raw=+1  a1=-1
16:29:59    [W] game  28/50  (a1=P2)  raw=-1  a1=+1
16:30:08    [W] game  29/50  (a1=P2)  raw=-1  a1=+1
16:30:32    [W] game  30/50  (a1=P2)  raw=-1  a1=+1
16:30:46    [L] game  31/50  (a1=P2)  raw=+1  a1=-1
16:31:00    [W] game  32/50  (a1=P2)  raw=-1  a1=+1
16:31:10    [L] game  33/50  (a1=P2)  raw=+1  a1=-1
16:31:22    [W] game  34/50  (a1=P2)  raw=-1  a1=+1
16:31:44    [L] game  35/50  (a1=P2)  raw=+1  a1=-1
16:31:56    [W] game  36/50  (a1=P2)  raw=-1  a1=+1
16:32:16    [L] game  37/50  (a1=P2)  raw=+1  a1=-1
16:32:30    [L] game  38/50  (a1=P2)  raw=+1  a1=-1
16:33:03    [W] game  39/50  (a1=P2)  raw=-1  a1=+1
16:33:21    [L] game  40/50  (a1=P2)  raw=+1  a1=-1
16:33:32    [W] game  41/50  (a1=P2)  raw=-1  a1=+1
16:33:52    [W] game  42/50  (a1=P2)  raw=-1  a1=+1
16:34:08    [W] game  43/50  (a1=P2)  raw=-1  a1=+1
16:34:32    [W] game  44/50  (a1=P2)  raw=-1  a1=+1
16:34:44    [W] game  45/50  (a1=P2)  raw=-1  a1=+1
16:34:54    [L] game  46/50  (a1=P2)  raw=+1  a1=-1
16:35:18    [W] game  47/50  (a1=P2)  raw=-1  a1=+1
16:35:29    [L] game  48/50  (a1=P2)  raw=+1  a1=-1
16:35:54    [L] game  49/50  (a1=P2)  raw=+1  a1=-1
16:36:19    [W] game  50/50  (a1=P2)  raw=-1  a1=+1
16:36:19  
──────────────────────────────────────────────────────
  GRAVE(1000,k=300,t=5)     vs MCTS(500)
  Games  : 50/50  (893.8s)
  Wins   :  32 ( 64.0%)
  Draws  :   0 (  0.0%)
  Losses :  18 ( 36.0%)
──────────────────────────────────────────────────────
18:03:34  'GRAVE(1000,k=300,t=5)_vs_MCTS(500)_50g' already complete — using cached result.
19:05:07  'GRAVE(1000,k=300,t=5)_vs_MCTS(500)_50g' already complete — using cached result.
20:02:57  'GRAVE(1000,k=300,t=5)_vs_MCTS(500)_50g' already complete — using cached result.
21:06:58  'GRAVE(1000,k=300,t=5)_vs_MCTS(500)_50g' already complete — using cached result.
22:28:35  'GRAVE(1000,k=300,t=5)_vs_MCTS(500)_50g' already complete — using cached result.
07:00:14  'GRAVE(1000,k=300,t=5)_vs_MCTS(500)_50g' already complete — using cached result.
08:06:23  'GRAVE(1000,k=300,t=5)_vs_MCTS(500)_50g' already complete — using cached result.
