23:05:13  Starting 'GRAVE(500,k=300,t=2)_vs_MCTS(500,C=0.3)_100g' — 100 games (GRAVE(500,k=300,t=2) vs MCTS(500,C=0.3))
23:05:22    [W] game   1/100  (a1=P1)  raw=+1  a1=+1
23:05:31    [W] game   2/100  (a1=P1)  raw=+1  a1=+1
23:05:39    [W] game   3/100  (a1=P1)  raw=+1  a1=+1
23:05:50    [L] game   4/100  (a1=P1)  raw=-1  a1=-1
23:06:01    [L] game   5/100  (a1=P1)  raw=-1  a1=-1
23:06:10    [L] game   6/100  (a1=P1)  raw=-1  a1=-1
23:06:32    [W] game   7/100  (a1=P1)  raw=+1  a1=+1
23:06:44    [W] game   8/100  (a1=P1)  raw=+1  a1=+1
23:06:56    [W] game   9/100  (a1=P1)  raw=+1  a1=+1
23:07:15    [W] game  10/100  (a1=P1)  raw=+1  a1=+1
23:07:56    [W] game  11/100  (a1=P1)  raw=+1  a1=+1
23:08:08    [W] game  12/100  (a1=P1)  raw=+1  a1=+1
23:08:19    [L] game  13/100  (a1=P1)  raw=-1  a1=-1
23:08:32    [W] game  14/100  (a1=P1)  raw=+1  a1=+1
23:08:52    [L] game  15/100  (a1=P1)  raw=-1  a1=-1
23:09:06    [L] game  16/100  (a1=P1)  raw=-1  a1=-1
23:09:17    [W] game  17/100  (a1=P1)  raw=+1  a1=+1
23:09:25    [W] game  18/100  (a1=P1)  raw=+1  a1=+1
23:09:40    [L] game  19/100  (a1=P1)  raw=-1  a1=-1
23:09:53    [W] game  20/100  (a1=P1)  raw=+1  a1=+1
23:10:17    [W] game  21/100  (a1=P1)  raw=+1  a1=+1
23:10:25    [W] game  22/100  (a1=P1)  raw=+1  a1=+1
23:10:33    [W] game  23/100  (a1=P1)  raw=+1  a1=+1
23:11:06    [W] game  24/100  (a1=P1)  raw=+1  a1=+1
23:11:47    [L] game  25/100  (a1=P1)  raw=-1  a1=-1
23:11:55    [L] game  26/100  (a1=P1)  raw=-1  a1=-1
23:12:05    [W] game  27/100  (a1=P1)  raw=+1  a1=+1
23:12:16    [L] game  28/100  (a1=P1)  raw=-1  a1=-1
23:12:40    [W] game  29/100  (a1=P1)  raw=+1  a1=+1
23:12:59    [L] game  30/100  (a1=P1)  raw=-1  a1=-1
23:13:10    [W] game  31/100  (a1=P1)  raw=+1  a1=+1
23:13:22    [W] game  32/100  (a1=P1)  raw=+1  a1=+1
23:13:30    [W] game  33/100  (a1=P1)  raw=+1  a1=+1
23:13:57    [L] game  34/100  (a1=P1)  raw=-1  a1=-1
23:14:13    [W] game  35/100  (a1=P1)  raw=+1  a1=+1
23:14:22    [L] game  36/100  (a1=P1)  raw=-1  a1=-1
23:14:29    [L] game  37/100  (a1=P1)  raw=-1  a1=-1
23:14:44    [W] game  38/100  (a1=P1)  raw=+1  a1=+1
23:15:09    [W] game  39/100  (a1=P1)  raw=+1  a1=+1
23:15:22    [W] game  40/100  (a1=P1)  raw=+1  a1=+1
23:15:34    [L] game  41/100  (a1=P1)  raw=-1  a1=-1
23:15:49    [W] game  42/100  (a1=P1)  raw=+1  a1=+1
23:16:11    [W] game  43/100  (a1=P1)  raw=+1  a1=+1
23:16:28    [L] game  44/100  (a1=P1)  raw=-1  a1=-1
23:16:39    [L] game  45/100  (a1=P1)  raw=-1  a1=-1
23:16:50    [L] game  46/100  (a1=P1)  raw=-1  a1=-1
23:17:15    [L] game  47/100  (a1=P1)  raw=-1  a1=-1
23:17:26    [W] game  48/100  (a1=P1)  raw=+1  a1=+1
23:17:46    [W] game  49/100  (a1=P1)  raw=+1  a1=+1
23:17:55    [W] game  50/100  (a1=P1)  raw=+1  a1=+1
23:18:05    [L] game  51/100  (a1=P2)  raw=+1  a1=-1
23:18:18    [L] game  52/100  (a1=P2)  raw=+1  a1=-1
23:18:32    [L] game  53/100  (a1=P2)  raw=+1  a1=-1
23:18:44    [W] game  54/100  (a1=P2)  raw=-1  a1=+1
23:19:09    [W] game  55/100  (a1=P2)  raw=-1  a1=+1
23:19:31    [L] game  56/100  (a1=P2)  raw=+1  a1=-1
23:19:51    [L] game  57/100  (a1=P2)  raw=+1  a1=-1
23:20:18    [L] game  58/100  (a1=P2)  raw=+1  a1=-1
23:20:39    [W] game  59/100  (a1=P2)  raw=-1  a1=+1
23:20:58    [W] game  60/100  (a1=P2)  raw=-1  a1=+1
23:21:09    [W] game  61/100  (a1=P2)  raw=-1  a1=+1
23:21:28    [W] game  62/100  (a1=P2)  raw=-1  a1=+1
23:21:51    [W] game  63/100  (a1=P2)  raw=-1  a1=+1
23:22:14    [L] game  64/100  (a1=P2)  raw=+1  a1=-1
23:22:32    [W] game  65/100  (a1=P2)  raw=-1  a1=+1
23:22:42    [L] game  66/100  (a1=P2)  raw=+1  a1=-1
23:22:55    [W] game  67/100  (a1=P2)  raw=-1  a1=+1
23:23:06    [L] game  68/100  (a1=P2)  raw=+1  a1=-1
23:23:21    [W] game  69/100  (a1=P2)  raw=-1  a1=+1
23:23:38    [L] game  70/100  (a1=P2)  raw=+1  a1=-1
23:23:53    [L] game  71/100  (a1=P2)  raw=+1  a1=-1
23:24:05    [L] game  72/100  (a1=P2)  raw=+1  a1=-1
23:24:19    [L] game  73/100  (a1=P2)  raw=+1  a1=-1
23:24:26    [L] game  74/100  (a1=P2)  raw=+1  a1=-1
23:24:47    [W] game  75/100  (a1=P2)  raw=-1  a1=+1
23:24:59    [L] game  76/100  (a1=P2)  raw=+1  a1=-1
23:25:21    [W] game  77/100  (a1=P2)  raw=-1  a1=+1
23:25:48    [L] game  78/100  (a1=P2)  raw=+1  a1=-1
23:26:03    [L] game  79/100  (a1=P2)  raw=+1  a1=-1
23:26:11    [L] game  80/100  (a1=P2)  raw=+1  a1=-1
23:26:19    [L] game  81/100  (a1=P2)  raw=+1  a1=-1
23:26:35    [W] game  82/100  (a1=P2)  raw=-1  a1=+1
23:26:44    [W] game  83/100  (a1=P2)  raw=-1  a1=+1
23:26:57    [L] game  84/100  (a1=P2)  raw=+1  a1=-1
23:27:06    [L] game  85/100  (a1=P2)  raw=+1  a1=-1
23:27:15    [L] game  86/100  (a1=P2)  raw=+1  a1=-1
23:27:31    [W] game  87/100  (a1=P2)  raw=-1  a1=+1
23:27:40    [L] game  88/100  (a1=P2)  raw=+1  a1=-1
23:27:59    [L] game  89/100  (a1=P2)  raw=+1  a1=-1
23:28:17    [W] game  90/100  (a1=P2)  raw=-1  a1=+1
23:28:31    [L] game  91/100  (a1=P2)  raw=+1  a1=-1
23:28:44    [L] game  92/100  (a1=P2)  raw=+1  a1=-1
23:29:05    [W] game  93/100  (a1=P2)  raw=-1  a1=+1
23:29:21    [L] game  94/100  (a1=P2)  raw=+1  a1=-1
23:29:45    [W] game  95/100  (a1=P2)  raw=-1  a1=+1
23:30:19    [W] game  96/100  (a1=P2)  raw=-1  a1=+1
23:30:31    [L] game  97/100  (a1=P2)  raw=+1  a1=-1
23:30:42    [L] game  98/100  (a1=P2)  raw=+1  a1=-1
23:30:56    [W] game  99/100  (a1=P2)  raw=-1  a1=+1
23:31:03    [L] game 100/100  (a1=P2)  raw=+1  a1=-1
23:31:03  
──────────────────────────────────────────────────────
  GRAVE(500,k=300,t=2)      vs MCTS(500,C=0.3)
  Games  : 100/100  (1550.2s)
  Wins   :  51 ( 51.0%)
  Draws  :   0 (  0.0%)
  Losses :  49 ( 49.0%)
──────────────────────────────────────────────────────
07:00:14  'GRAVE(500,k=300,t=2)_vs_MCTS(500,C=0.3)_100g' already complete — using cached result.
08:06:23  'GRAVE(500,k=300,t=2)_vs_MCTS(500,C=0.3)_100g' already complete — using cached result.
