08:45:06  Starting 'GRAVE(1000,k=3000,t=5)_vs_MCTS(500)_100g' — 100 games  (GRAVE(1000,k=3000,t=5) vs MCTS(500))
08:45:42    [W] game   1/100  (a1=P1)  raw=+1  agent1_result=+1
08:46:10    [W] game   2/100  (a1=P1)  raw=+1  agent1_result=+1
08:46:54    [W] game   3/100  (a1=P1)  raw=+1  agent1_result=+1
08:47:24    [W] game   4/100  (a1=P1)  raw=+1  agent1_result=+1
08:48:03    [W] game   5/100  (a1=P1)  raw=+1  agent1_result=+1
08:48:24    [W] game   6/100  (a1=P1)  raw=+1  agent1_result=+1
08:49:06    [W] game   7/100  (a1=P1)  raw=+1  agent1_result=+1
08:49:41    [W] game   8/100  (a1=P1)  raw=+1  agent1_result=+1
08:50:02    [L] game   9/100  (a1=P1)  raw=-1  agent1_result=-1
08:50:56    [W] game  10/100  (a1=P1)  raw=+1  agent1_result=+1
08:51:24    [L] game  11/100  (a1=P1)  raw=-1  agent1_result=-1
08:52:18    [W] game  12/100  (a1=P1)  raw=+1  agent1_result=+1
08:52:52    [W] game  13/100  (a1=P1)  raw=+1  agent1_result=+1
08:53:38    [W] game  14/100  (a1=P1)  raw=+1  agent1_result=+1
08:54:01    [L] game  15/100  (a1=P1)  raw=-1  agent1_result=-1
08:54:23    [W] game  16/100  (a1=P1)  raw=+1  agent1_result=+1
08:55:09    [W] game  17/100  (a1=P1)  raw=+1  agent1_result=+1
08:55:31    [W] game  18/100  (a1=P1)  raw=+1  agent1_result=+1
08:55:54    [L] game  19/100  (a1=P1)  raw=-1  agent1_result=-1
08:56:11    [W] game  20/100  (a1=P1)  raw=+1  agent1_result=+1
08:56:38    [W] game  21/100  (a1=P1)  raw=+1  agent1_result=+1
08:56:56    [W] game  22/100  (a1=P1)  raw=+1  agent1_result=+1
08:57:20    [W] game  23/100  (a1=P1)  raw=+1  agent1_result=+1
08:57:51    [W] game  24/100  (a1=P1)  raw=+1  agent1_result=+1
08:58:04    [W] game  25/100  (a1=P1)  raw=+1  agent1_result=+1
08:58:31    [W] game  26/100  (a1=P1)  raw=+1  agent1_result=+1
08:58:51    [W] game  27/100  (a1=P1)  raw=+1  agent1_result=+1
08:59:09    [W] game  28/100  (a1=P1)  raw=+1  agent1_result=+1
08:59:34    [W] game  29/100  (a1=P1)  raw=+1  agent1_result=+1
09:00:10    [W] game  30/100  (a1=P1)  raw=+1  agent1_result=+1
09:00:42    [W] game  31/100  (a1=P1)  raw=+1  agent1_result=+1
09:01:12    [L] game  32/100  (a1=P1)  raw=-1  agent1_result=-1
09:01:34    [W] game  33/100  (a1=P1)  raw=+1  agent1_result=+1
09:09:18  Resuming 'GRAVE(1000,k=3000,t=5)_vs_MCTS(500)_100g' — 33/100 games already done.
09:10:01    [W] game  34/100  (a1=P1)  raw=+1  agent1_result=+1
09:10:16    [W] game  35/100  (a1=P1)  raw=+1  agent1_result=+1
09:11:02    [W] game  36/100  (a1=P1)  raw=+1  agent1_result=+1
09:11:24    [W] game  37/100  (a1=P1)  raw=+1  agent1_result=+1
09:11:44    [L] game  38/100  (a1=P1)  raw=-1  agent1_result=-1
09:12:20    [L] game  39/100  (a1=P1)  raw=-1  agent1_result=-1
09:12:43    [W] game  40/100  (a1=P1)  raw=+1  agent1_result=+1
09:13:11    [L] game  41/100  (a1=P1)  raw=-1  agent1_result=-1
09:13:40    [W] game  42/100  (a1=P1)  raw=+1  agent1_result=+1
09:13:59    [W] game  43/100  (a1=P1)  raw=+1  agent1_result=+1
09:14:44    [W] game  44/100  (a1=P1)  raw=+1  agent1_result=+1
09:15:10    [W] game  45/100  (a1=P1)  raw=+1  agent1_result=+1
09:15:55    [W] game  46/100  (a1=P1)  raw=+1  agent1_result=+1
09:16:30    [W] game  47/100  (a1=P1)  raw=+1  agent1_result=+1
09:17:08    [W] game  48/100  (a1=P1)  raw=+1  agent1_result=+1
09:17:31    [W] game  49/100  (a1=P1)  raw=+1  agent1_result=+1
09:17:47    [L] game  50/100  (a1=P1)  raw=-1  agent1_result=-1
09:18:17    [W] game  51/100  (a1=P2)  raw=-1  agent1_result=+1
09:19:18    [W] game  52/100  (a1=P2)  raw=-1  agent1_result=+1
09:20:00    [W] game  53/100  (a1=P2)  raw=-1  agent1_result=+1
09:20:46    [L] game  54/100  (a1=P2)  raw=+1  agent1_result=-1
09:21:25    [W] game  55/100  (a1=P2)  raw=-1  agent1_result=+1
09:22:03    [W] game  56/100  (a1=P2)  raw=-1  agent1_result=+1
09:22:22    [W] game  57/100  (a1=P2)  raw=-1  agent1_result=+1
09:22:51    [W] game  58/100  (a1=P2)  raw=-1  agent1_result=+1
09:23:18    [W] game  59/100  (a1=P2)  raw=-1  agent1_result=+1
09:24:12    [W] game  60/100  (a1=P2)  raw=-1  agent1_result=+1
09:24:50    [W] game  61/100  (a1=P2)  raw=-1  agent1_result=+1
09:25:01    [L] game  62/100  (a1=P2)  raw=+1  agent1_result=-1
09:25:20    [L] game  63/100  (a1=P2)  raw=+1  agent1_result=-1
09:25:44    [W] game  64/100  (a1=P2)  raw=-1  agent1_result=+1
09:26:06    [W] game  65/100  (a1=P2)  raw=-1  agent1_result=+1
09:26:38    [W] game  66/100  (a1=P2)  raw=-1  agent1_result=+1
09:26:53    [L] game  67/100  (a1=P2)  raw=+1  agent1_result=-1
09:27:16    [W] game  68/100  (a1=P2)  raw=-1  agent1_result=+1
09:27:36    [W] game  69/100  (a1=P2)  raw=-1  agent1_result=+1
09:27:56    [W] game  70/100  (a1=P2)  raw=-1  agent1_result=+1
09:28:36    [W] game  71/100  (a1=P2)  raw=-1  agent1_result=+1
09:28:51    [W] game  72/100  (a1=P2)  raw=-1  agent1_result=+1
09:29:14    [L] game  73/100  (a1=P2)  raw=+1  agent1_result=-1
09:29:49    [W] game  74/100  (a1=P2)  raw=-1  agent1_result=+1
09:30:16    [W] game  75/100  (a1=P2)  raw=-1  agent1_result=+1
09:31:06    [L] game  76/100  (a1=P2)  raw=+1  agent1_result=-1
09:31:36    [W] game  77/100  (a1=P2)  raw=-1  agent1_result=+1
09:32:41    [W] game  78/100  (a1=P2)  raw=-1  agent1_result=+1
09:33:04    [L] game  79/100  (a1=P2)  raw=+1  agent1_result=-1
09:33:18    [L] game  80/100  (a1=P2)  raw=+1  agent1_result=-1
09:33:40    [W] game  81/100  (a1=P2)  raw=-1  agent1_result=+1
09:34:01    [W] game  82/100  (a1=P2)  raw=-1  agent1_result=+1
09:34:29    [W] game  83/100  (a1=P2)  raw=-1  agent1_result=+1
09:35:35    [W] game  84/100  (a1=P2)  raw=-1  agent1_result=+1
09:36:05    [L] game  85/100  (a1=P2)  raw=+1  agent1_result=-1
09:36:26    [W] game  86/100  (a1=P2)  raw=-1  agent1_result=+1
09:37:08    [L] game  87/100  (a1=P2)  raw=+1  agent1_result=-1
09:37:27    [L] game  88/100  (a1=P2)  raw=+1  agent1_result=-1
09:37:58    [W] game  89/100  (a1=P2)  raw=-1  agent1_result=+1
09:38:31    [W] game  90/100  (a1=P2)  raw=-1  agent1_result=+1
09:38:44    [W] game  91/100  (a1=P2)  raw=-1  agent1_result=+1
09:39:20    [W] game  92/100  (a1=P2)  raw=-1  agent1_result=+1
09:39:58    [W] game  93/100  (a1=P2)  raw=-1  agent1_result=+1
09:40:27    [L] game  94/100  (a1=P2)  raw=+1  agent1_result=-1
09:40:47    [L] game  95/100  (a1=P2)  raw=+1  agent1_result=-1
09:41:19    [L] game  96/100  (a1=P2)  raw=+1  agent1_result=-1
09:41:49    [W] game  97/100  (a1=P2)  raw=-1  agent1_result=+1
09:42:09    [L] game  98/100  (a1=P2)  raw=+1  agent1_result=-1
09:42:36    [L] game  99/100  (a1=P2)  raw=+1  agent1_result=-1
09:43:14    [L] game 100/100  (a1=P2)  raw=+1  agent1_result=-1
09:43:14  
──────────────────────────────────────────────────
  GRAVE(1000,k=3000,t=5) vs MCTS(500)
  Games  : 100 / 100  (2036.3s)
  Wins   :  74 ( 74.0%)
  Draws  :   0 (  0.0%)
  Losses :  26 ( 26.0%)
──────────────────────────────────────────────────
