23:31:03  Starting 'GRAVE(500,k=300,t=2)_vs_MCTS(500)_100g' — 100 games (GRAVE(500,k=300,t=2) vs MCTS(500))
23:31:14    [W] game   1/100  (a1=P1)  raw=+1  a1=+1
23:31:29    [W] game   2/100  (a1=P1)  raw=+1  a1=+1
23:31:56    [W] game   3/100  (a1=P1)  raw=+1  a1=+1
23:32:21    [W] game   4/100  (a1=P1)  raw=+1  a1=+1
23:32:32    [W] game   5/100  (a1=P1)  raw=+1  a1=+1
23:32:44    [W] game   6/100  (a1=P1)  raw=+1  a1=+1
23:33:02    [L] game   7/100  (a1=P1)  raw=-1  a1=-1
23:33:23    [W] game   8/100  (a1=P1)  raw=+1  a1=+1
23:33:34    [W] game   9/100  (a1=P1)  raw=+1  a1=+1
23:33:42    [W] game  10/100  (a1=P1)  raw=+1  a1=+1
23:33:50    [L] game  11/100  (a1=P1)  raw=-1  a1=-1
23:34:08    [W] game  12/100  (a1=P1)  raw=+1  a1=+1
23:34:23    [L] game  13/100  (a1=P1)  raw=-1  a1=-1
23:34:30    [W] game  14/100  (a1=P1)  raw=+1  a1=+1
23:34:49    [W] game  15/100  (a1=P1)  raw=+1  a1=+1
23:35:17    [L] game  16/100  (a1=P1)  raw=-1  a1=-1
23:35:26    [W] game  17/100  (a1=P1)  raw=+1  a1=+1
23:35:36    [W] game  18/100  (a1=P1)  raw=+1  a1=+1
23:35:43    [W] game  19/100  (a1=P1)  raw=+1  a1=+1
23:35:56    [W] game  20/100  (a1=P1)  raw=+1  a1=+1
23:36:11    [W] game  21/100  (a1=P1)  raw=+1  a1=+1
23:36:28    [W] game  22/100  (a1=P1)  raw=+1  a1=+1
23:36:40    [W] game  23/100  (a1=P1)  raw=+1  a1=+1
23:36:52    [L] game  24/100  (a1=P1)  raw=-1  a1=-1
23:37:00    [W] game  25/100  (a1=P1)  raw=+1  a1=+1
23:37:10    [W] game  26/100  (a1=P1)  raw=+1  a1=+1
23:37:24    [W] game  27/100  (a1=P1)  raw=+1  a1=+1
23:37:34    [W] game  28/100  (a1=P1)  raw=+1  a1=+1
23:37:51    [L] game  29/100  (a1=P1)  raw=-1  a1=-1
23:38:10    [L] game  30/100  (a1=P1)  raw=-1  a1=-1
23:38:24    [W] game  31/100  (a1=P1)  raw=+1  a1=+1
23:38:35    [W] game  32/100  (a1=P1)  raw=+1  a1=+1
23:38:48    [W] game  33/100  (a1=P1)  raw=+1  a1=+1
23:39:02    [W] game  34/100  (a1=P1)  raw=+1  a1=+1
23:39:14    [W] game  35/100  (a1=P1)  raw=+1  a1=+1
23:39:40    [W] game  36/100  (a1=P1)  raw=+1  a1=+1
23:39:53    [W] game  37/100  (a1=P1)  raw=+1  a1=+1
23:40:04    [W] game  38/100  (a1=P1)  raw=+1  a1=+1
23:40:11    [W] game  39/100  (a1=P1)  raw=+1  a1=+1
23:40:29    [L] game  40/100  (a1=P1)  raw=-1  a1=-1
23:40:51    [W] game  41/100  (a1=P1)  raw=+1  a1=+1
23:41:14    [W] game  42/100  (a1=P1)  raw=+1  a1=+1
23:41:32    [L] game  43/100  (a1=P1)  raw=-1  a1=-1
23:41:48    [W] game  44/100  (a1=P1)  raw=+1  a1=+1
23:41:59    [W] game  45/100  (a1=P1)  raw=+1  a1=+1
23:42:27    [W] game  46/100  (a1=P1)  raw=+1  a1=+1
23:42:38    [W] game  47/100  (a1=P1)  raw=+1  a1=+1
23:42:47    [W] game  48/100  (a1=P1)  raw=+1  a1=+1
23:43:04    [L] game  49/100  (a1=P1)  raw=-1  a1=-1
23:43:13    [W] game  50/100  (a1=P1)  raw=+1  a1=+1
23:43:27    [L] game  51/100  (a1=P2)  raw=+1  a1=-1
23:43:34    [L] game  52/100  (a1=P2)  raw=+1  a1=-1
23:43:52    [L] game  53/100  (a1=P2)  raw=+1  a1=-1
23:44:12    [L] game  54/100  (a1=P2)  raw=+1  a1=-1
23:44:33    [L] game  55/100  (a1=P2)  raw=+1  a1=-1
23:44:48    [W] game  56/100  (a1=P2)  raw=-1  a1=+1
23:45:05    [W] game  57/100  (a1=P2)  raw=-1  a1=+1
23:45:18    [W] game  58/100  (a1=P2)  raw=-1  a1=+1
23:45:34    [W] game  59/100  (a1=P2)  raw=-1  a1=+1
23:45:58    [L] game  60/100  (a1=P2)  raw=+1  a1=-1
23:46:18    [L] game  61/100  (a1=P2)  raw=+1  a1=-1
23:46:25    [W] game  62/100  (a1=P2)  raw=-1  a1=+1
23:46:36    [L] game  63/100  (a1=P2)  raw=+1  a1=-1
23:46:51    [W] game  64/100  (a1=P2)  raw=-1  a1=+1
23:47:04    [W] game  65/100  (a1=P2)  raw=-1  a1=+1
23:47:14    [L] game  66/100  (a1=P2)  raw=+1  a1=-1
23:47:43    [L] game  67/100  (a1=P2)  raw=+1  a1=-1
23:47:57    [W] game  68/100  (a1=P2)  raw=-1  a1=+1
23:48:05    [L] game  69/100  (a1=P2)  raw=+1  a1=-1
23:48:14    [W] game  70/100  (a1=P2)  raw=-1  a1=+1
23:48:21    [W] game  71/100  (a1=P2)  raw=-1  a1=+1
23:48:29    [L] game  72/100  (a1=P2)  raw=+1  a1=-1
23:48:39    [L] game  73/100  (a1=P2)  raw=+1  a1=-1
23:48:50    [L] game  74/100  (a1=P2)  raw=+1  a1=-1
23:49:02    [L] game  75/100  (a1=P2)  raw=+1  a1=-1
23:49:14    [W] game  76/100  (a1=P2)  raw=-1  a1=+1
23:49:46    [W] game  77/100  (a1=P2)  raw=-1  a1=+1
23:49:57    [W] game  78/100  (a1=P2)  raw=-1  a1=+1
23:50:11    [L] game  79/100  (a1=P2)  raw=+1  a1=-1
23:50:21    [L] game  80/100  (a1=P2)  raw=+1  a1=-1
23:50:31    [L] game  81/100  (a1=P2)  raw=+1  a1=-1
23:50:49    [W] game  82/100  (a1=P2)  raw=-1  a1=+1
23:51:10    [L] game  83/100  (a1=P2)  raw=+1  a1=-1
23:51:20    [L] game  84/100  (a1=P2)  raw=+1  a1=-1
23:51:37    [W] game  85/100  (a1=P2)  raw=-1  a1=+1
23:51:45    [L] game  86/100  (a1=P2)  raw=+1  a1=-1
23:51:56    [L] game  87/100  (a1=P2)  raw=+1  a1=-1
23:52:10    [L] game  88/100  (a1=P2)  raw=+1  a1=-1
23:52:28    [L] game  89/100  (a1=P2)  raw=+1  a1=-1
23:52:44    [L] game  90/100  (a1=P2)  raw=+1  a1=-1
23:52:57    [L] game  91/100  (a1=P2)  raw=+1  a1=-1
23:53:12    [W] game  92/100  (a1=P2)  raw=-1  a1=+1
23:53:24    [W] game  93/100  (a1=P2)  raw=-1  a1=+1
23:53:36    [W] game  94/100  (a1=P2)  raw=-1  a1=+1
23:53:47    [L] game  95/100  (a1=P2)  raw=+1  a1=-1
23:54:00    [W] game  96/100  (a1=P2)  raw=-1  a1=+1
23:54:18    [L] game  97/100  (a1=P2)  raw=+1  a1=-1
23:54:25    [L] game  98/100  (a1=P2)  raw=+1  a1=-1
23:54:40    [L] game  99/100  (a1=P2)  raw=+1  a1=-1
23:54:56    [L] game 100/100  (a1=P2)  raw=+1  a1=-1
23:54:56  
──────────────────────────────────────────────────────
  GRAVE(500,k=300,t=2)      vs MCTS(500)
  Games  : 100/100  (1433.2s)
  Wins   :  59 ( 59.0%)
  Draws  :   0 (  0.0%)
  Losses :  41 ( 41.0%)
──────────────────────────────────────────────────────
07:00:14  'GRAVE(500,k=300,t=2)_vs_MCTS(500)_100g' already complete — using cached result.
08:06:23  'GRAVE(500,k=300,t=2)_vs_MCTS(500)_100g' already complete — using cached result.
