21:23:52  Starting 'GRAVE(500,k=300,t=5,C=0.1)_vs_GRAVE(500,k=300,t=25)_100g' — 100 games (GRAVE(500,k=300,t=5,C=0.1) vs GRAVE(500,k=300,t=25))
21:24:04    [W] game   1/100  (a1=P1)  raw=+1  a1=+1
21:24:11    [W] game   2/100  (a1=P1)  raw=+1  a1=+1
21:24:19    [W] game   3/100  (a1=P1)  raw=+1  a1=+1
21:24:32    [W] game   4/100  (a1=P1)  raw=+1  a1=+1
21:24:37    [L] game   5/100  (a1=P1)  raw=-1  a1=-1
21:24:53    [W] game   6/100  (a1=P1)  raw=+1  a1=+1
21:25:00    [W] game   7/100  (a1=P1)  raw=+1  a1=+1
21:25:06    [W] game   8/100  (a1=P1)  raw=+1  a1=+1
21:25:15    [W] game   9/100  (a1=P1)  raw=+1  a1=+1
21:25:22    [W] game  10/100  (a1=P1)  raw=+1  a1=+1
21:25:33    [W] game  11/100  (a1=P1)  raw=+1  a1=+1
21:25:39    [W] game  12/100  (a1=P1)  raw=+1  a1=+1
21:25:55    [W] game  13/100  (a1=P1)  raw=+1  a1=+1
21:26:02    [W] game  14/100  (a1=P1)  raw=+1  a1=+1
21:26:14    [W] game  15/100  (a1=P1)  raw=+1  a1=+1
21:26:23    [W] game  16/100  (a1=P1)  raw=+1  a1=+1
21:26:38    [W] game  17/100  (a1=P1)  raw=+1  a1=+1
21:26:57    [W] game  18/100  (a1=P1)  raw=+1  a1=+1
21:27:10    [W] game  19/100  (a1=P1)  raw=+1  a1=+1
21:27:21    [W] game  20/100  (a1=P1)  raw=+1  a1=+1
21:27:29    [L] game  21/100  (a1=P1)  raw=-1  a1=-1
21:27:36    [W] game  22/100  (a1=P1)  raw=+1  a1=+1
21:27:43    [L] game  23/100  (a1=P1)  raw=-1  a1=-1
21:27:58    [W] game  24/100  (a1=P1)  raw=+1  a1=+1
21:28:15    [W] game  25/100  (a1=P1)  raw=+1  a1=+1
21:28:25    [W] game  26/100  (a1=P1)  raw=+1  a1=+1
21:28:33    [W] game  27/100  (a1=P1)  raw=+1  a1=+1
21:28:52    [W] game  28/100  (a1=P1)  raw=+1  a1=+1
21:29:19    [L] game  29/100  (a1=P1)  raw=-1  a1=-1
21:29:29    [W] game  30/100  (a1=P1)  raw=+1  a1=+1
21:29:35    [L] game  31/100  (a1=P1)  raw=-1  a1=-1
21:29:39    [W] game  32/100  (a1=P1)  raw=+1  a1=+1
21:29:48    [L] game  33/100  (a1=P1)  raw=-1  a1=-1
21:29:53    [L] game  34/100  (a1=P1)  raw=-1  a1=-1
21:30:01    [W] game  35/100  (a1=P1)  raw=+1  a1=+1
21:30:12    [L] game  36/100  (a1=P1)  raw=-1  a1=-1
21:30:16    [W] game  37/100  (a1=P1)  raw=+1  a1=+1
21:30:36    [W] game  38/100  (a1=P1)  raw=+1  a1=+1
21:30:49    [L] game  39/100  (a1=P1)  raw=-1  a1=-1
21:31:00    [L] game  40/100  (a1=P1)  raw=-1  a1=-1
21:31:08    [L] game  41/100  (a1=P1)  raw=-1  a1=-1
21:31:16    [W] game  42/100  (a1=P1)  raw=+1  a1=+1
21:31:25    [L] game  43/100  (a1=P1)  raw=-1  a1=-1
21:31:46    [L] game  44/100  (a1=P1)  raw=-1  a1=-1
21:31:55    [L] game  45/100  (a1=P1)  raw=-1  a1=-1
21:32:09    [L] game  46/100  (a1=P1)  raw=-1  a1=-1
21:32:16    [W] game  47/100  (a1=P1)  raw=+1  a1=+1
21:32:33    [L] game  48/100  (a1=P1)  raw=-1  a1=-1
21:32:50    [W] game  49/100  (a1=P1)  raw=+1  a1=+1
21:33:04    [W] game  50/100  (a1=P1)  raw=+1  a1=+1
21:33:15    [L] game  51/100  (a1=P2)  raw=+1  a1=-1
21:33:30    [W] game  52/100  (a1=P2)  raw=-1  a1=+1
21:33:40    [W] game  53/100  (a1=P2)  raw=-1  a1=+1
21:33:56    [L] game  54/100  (a1=P2)  raw=+1  a1=-1
21:34:06    [L] game  55/100  (a1=P2)  raw=+1  a1=-1
21:34:14    [L] game  56/100  (a1=P2)  raw=+1  a1=-1
21:34:30    [L] game  57/100  (a1=P2)  raw=+1  a1=-1
21:34:43    [L] game  58/100  (a1=P2)  raw=+1  a1=-1
21:34:52    [W] game  59/100  (a1=P2)  raw=-1  a1=+1
21:35:06    [L] game  60/100  (a1=P2)  raw=+1  a1=-1
21:35:13    [L] game  61/100  (a1=P2)  raw=+1  a1=-1
21:35:25    [L] game  62/100  (a1=P2)  raw=+1  a1=-1
21:35:34    [W] game  63/100  (a1=P2)  raw=-1  a1=+1
21:35:43    [W] game  64/100  (a1=P2)  raw=-1  a1=+1
21:35:54    [W] game  65/100  (a1=P2)  raw=-1  a1=+1
21:36:07    [W] game  66/100  (a1=P2)  raw=-1  a1=+1
21:36:20    [W] game  67/100  (a1=P2)  raw=-1  a1=+1
21:36:28    [L] game  68/100  (a1=P2)  raw=+1  a1=-1
21:36:44    [L] game  69/100  (a1=P2)  raw=+1  a1=-1
21:36:53    [W] game  70/100  (a1=P2)  raw=-1  a1=+1
21:36:59    [L] game  71/100  (a1=P2)  raw=+1  a1=-1
21:37:03    [L] game  72/100  (a1=P2)  raw=+1  a1=-1
21:37:15    [W] game  73/100  (a1=P2)  raw=-1  a1=+1
21:37:24    [L] game  74/100  (a1=P2)  raw=+1  a1=-1
21:37:37    [W] game  75/100  (a1=P2)  raw=-1  a1=+1
21:37:43    [L] game  76/100  (a1=P2)  raw=+1  a1=-1
21:37:48    [L] game  77/100  (a1=P2)  raw=+1  a1=-1
21:38:02    [W] game  78/100  (a1=P2)  raw=-1  a1=+1
21:38:18    [L] game  79/100  (a1=P2)  raw=+1  a1=-1
21:38:33    [L] game  80/100  (a1=P2)  raw=+1  a1=-1
21:38:43    [W] game  81/100  (a1=P2)  raw=-1  a1=+1
21:38:50    [L] game  82/100  (a1=P2)  raw=+1  a1=-1
21:39:20    [L] game  83/100  (a1=P2)  raw=+1  a1=-1
21:39:32    [W] game  84/100  (a1=P2)  raw=-1  a1=+1
21:39:42    [W] game  85/100  (a1=P2)  raw=-1  a1=+1
21:39:55    [W] game  86/100  (a1=P2)  raw=-1  a1=+1
21:40:05    [L] game  87/100  (a1=P2)  raw=+1  a1=-1
21:40:15    [W] game  88/100  (a1=P2)  raw=-1  a1=+1
21:40:28    [W] game  89/100  (a1=P2)  raw=-1  a1=+1
21:40:36    [L] game  90/100  (a1=P2)  raw=+1  a1=-1
21:40:47    [W] game  91/100  (a1=P2)  raw=-1  a1=+1
21:40:56    [L] game  92/100  (a1=P2)  raw=+1  a1=-1
21:41:03    [L] game  93/100  (a1=P2)  raw=+1  a1=-1
21:41:13    [L] game  94/100  (a1=P2)  raw=+1  a1=-1
21:41:28    [W] game  95/100  (a1=P2)  raw=-1  a1=+1
21:41:35    [W] game  96/100  (a1=P2)  raw=-1  a1=+1
21:41:53    [W] game  97/100  (a1=P2)  raw=-1  a1=+1
21:42:02    [L] game  98/100  (a1=P2)  raw=+1  a1=-1
21:42:13    [W] game  99/100  (a1=P2)  raw=-1  a1=+1
21:42:27    [W] game 100/100  (a1=P2)  raw=-1  a1=+1
21:42:27  
──────────────────────────────────────────────────────
  GRAVE(500,k=300,t=5,C=0.1)vs GRAVE(500,k=300,t=25)
  Games  : 100/100  (1114.4s)
  Wins   :  58 ( 58.0%)
  Draws  :   0 (  0.0%)
  Losses :  42 ( 42.0%)
──────────────────────────────────────────────────────
22:28:35  'GRAVE(500,k=300,t=5,C=0.1)_vs_GRAVE(500,k=300,t=25)_100g' already complete — using cached result.
07:00:14  'GRAVE(500,k=300,t=5,C=0.1)_vs_GRAVE(500,k=300,t=25)_100g' already complete — using cached result.
08:06:23  'GRAVE(500,k=300,t=5,C=0.1)_vs_GRAVE(500,k=300,t=25)_100g' already complete — using cached result.
