08:48:51  Starting 'GRAVE(500,k=300,t=50)_vs_MCTS(500)_100g' — 100 games  (GRAVE(500,k=300,t=50) vs MCTS(500))
08:49:05    [W] game   1/100  (a1=P1)  raw=+1  agent1_result=+1
08:49:13    [W] game   2/100  (a1=P1)  raw=+1  agent1_result=+1
08:49:25    [L] game   3/100  (a1=P1)  raw=-1  agent1_result=-1
08:49:34    [W] game   4/100  (a1=P1)  raw=+1  agent1_result=+1
08:49:42    [L] game   5/100  (a1=P1)  raw=-1  agent1_result=-1
08:49:52    [L] game   6/100  (a1=P1)  raw=-1  agent1_result=-1
08:50:00    [L] game   7/100  (a1=P1)  raw=-1  agent1_result=-1
08:50:09    [L] game   8/100  (a1=P1)  raw=-1  agent1_result=-1
08:50:24    [L] game   9/100  (a1=P1)  raw=-1  agent1_result=-1
08:50:34    [W] game  10/100  (a1=P1)  raw=+1  agent1_result=+1
08:50:46    [W] game  11/100  (a1=P1)  raw=+1  agent1_result=+1
08:50:57    [W] game  12/100  (a1=P1)  raw=+1  agent1_result=+1
08:51:03    [L] game  13/100  (a1=P1)  raw=-1  agent1_result=-1
08:51:16    [W] game  14/100  (a1=P1)  raw=+1  agent1_result=+1
08:51:24    [W] game  15/100  (a1=P1)  raw=+1  agent1_result=+1
08:51:44    [W] game  16/100  (a1=P1)  raw=+1  agent1_result=+1
08:51:56    [W] game  17/100  (a1=P1)  raw=+1  agent1_result=+1
08:52:04    [W] game  18/100  (a1=P1)  raw=+1  agent1_result=+1
08:52:11    [W] game  19/100  (a1=P1)  raw=+1  agent1_result=+1
08:52:22    [W] game  20/100  (a1=P1)  raw=+1  agent1_result=+1
08:52:37    [W] game  21/100  (a1=P1)  raw=+1  agent1_result=+1
08:52:46    [L] game  22/100  (a1=P1)  raw=-1  agent1_result=-1
08:52:52    [W] game  23/100  (a1=P1)  raw=+1  agent1_result=+1
08:53:03    [L] game  24/100  (a1=P1)  raw=-1  agent1_result=-1
08:53:15    [W] game  25/100  (a1=P1)  raw=+1  agent1_result=+1
08:53:28    [L] game  26/100  (a1=P1)  raw=-1  agent1_result=-1
08:53:40    [L] game  27/100  (a1=P1)  raw=-1  agent1_result=-1
08:53:47    [L] game  28/100  (a1=P1)  raw=-1  agent1_result=-1
08:53:57    [W] game  29/100  (a1=P1)  raw=+1  agent1_result=+1
08:54:05    [W] game  30/100  (a1=P1)  raw=+1  agent1_result=+1
08:54:16    [L] game  31/100  (a1=P1)  raw=-1  agent1_result=-1
08:54:22    [W] game  32/100  (a1=P1)  raw=+1  agent1_result=+1
08:54:43    [L] game  33/100  (a1=P1)  raw=-1  agent1_result=-1
08:54:55    [W] game  34/100  (a1=P1)  raw=+1  agent1_result=+1
08:55:03    [W] game  35/100  (a1=P1)  raw=+1  agent1_result=+1
08:55:14    [W] game  36/100  (a1=P1)  raw=+1  agent1_result=+1
08:55:19    [W] game  37/100  (a1=P1)  raw=+1  agent1_result=+1
08:55:30    [W] game  38/100  (a1=P1)  raw=+1  agent1_result=+1
08:55:38    [W] game  39/100  (a1=P1)  raw=+1  agent1_result=+1
08:55:47    [L] game  40/100  (a1=P1)  raw=-1  agent1_result=-1
08:55:52    [W] game  41/100  (a1=P1)  raw=+1  agent1_result=+1
08:56:20    [W] game  42/100  (a1=P1)  raw=+1  agent1_result=+1
08:56:28    [W] game  43/100  (a1=P1)  raw=+1  agent1_result=+1
08:56:37    [L] game  44/100  (a1=P1)  raw=-1  agent1_result=-1
08:56:49    [W] game  45/100  (a1=P1)  raw=+1  agent1_result=+1
08:56:55    [L] game  46/100  (a1=P1)  raw=-1  agent1_result=-1
08:57:08    [L] game  47/100  (a1=P1)  raw=-1  agent1_result=-1
08:57:18    [L] game  48/100  (a1=P1)  raw=-1  agent1_result=-1
08:57:24    [W] game  49/100  (a1=P1)  raw=+1  agent1_result=+1
08:57:32    [W] game  50/100  (a1=P1)  raw=+1  agent1_result=+1
08:57:40    [L] game  51/100  (a1=P2)  raw=+1  agent1_result=-1
08:57:48    [L] game  52/100  (a1=P2)  raw=+1  agent1_result=-1
08:57:52    [L] game  53/100  (a1=P2)  raw=+1  agent1_result=-1
08:58:01    [W] game  54/100  (a1=P2)  raw=-1  agent1_result=+1
08:58:09    [L] game  55/100  (a1=P2)  raw=+1  agent1_result=-1
08:58:28    [W] game  56/100  (a1=P2)  raw=-1  agent1_result=+1
08:58:36    [L] game  57/100  (a1=P2)  raw=+1  agent1_result=-1
08:58:49    [W] game  58/100  (a1=P2)  raw=-1  agent1_result=+1
08:58:55    [L] game  59/100  (a1=P2)  raw=+1  agent1_result=-1
08:59:17    [L] game  60/100  (a1=P2)  raw=+1  agent1_result=-1
08:59:23    [L] game  61/100  (a1=P2)  raw=+1  agent1_result=-1
08:59:41    [L] game  62/100  (a1=P2)  raw=+1  agent1_result=-1
08:59:51    [L] game  63/100  (a1=P2)  raw=+1  agent1_result=-1
08:59:58    [W] game  64/100  (a1=P2)  raw=-1  agent1_result=+1
09:00:06    [L] game  65/100  (a1=P2)  raw=+1  agent1_result=-1
09:00:21    [W] game  66/100  (a1=P2)  raw=-1  agent1_result=+1
09:00:28    [W] game  67/100  (a1=P2)  raw=-1  agent1_result=+1
09:00:38    [W] game  68/100  (a1=P2)  raw=-1  agent1_result=+1
09:05:13  Resuming 'GRAVE(500,k=300,t=50)_vs_MCTS(500)_100g' — 68/100 games already done.
09:05:21    [L] game  69/100  (a1=P2)  raw=+1  agent1_result=-1
09:05:33    [W] game  70/100  (a1=P2)  raw=-1  agent1_result=+1
09:05:41    [L] game  71/100  (a1=P2)  raw=+1  agent1_result=-1
09:05:50    [W] game  72/100  (a1=P2)  raw=-1  agent1_result=+1
09:06:02    [L] game  73/100  (a1=P2)  raw=+1  agent1_result=-1
09:06:10    [W] game  74/100  (a1=P2)  raw=-1  agent1_result=+1
09:06:23    [W] game  75/100  (a1=P2)  raw=-1  agent1_result=+1
09:06:32    [W] game  76/100  (a1=P2)  raw=-1  agent1_result=+1
09:06:41    [L] game  77/100  (a1=P2)  raw=+1  agent1_result=-1
09:06:49    [W] game  78/100  (a1=P2)  raw=-1  agent1_result=+1
09:07:04    [L] game  79/100  (a1=P2)  raw=+1  agent1_result=-1
09:07:10    [W] game  80/100  (a1=P2)  raw=-1  agent1_result=+1
09:07:16    [L] game  81/100  (a1=P2)  raw=+1  agent1_result=-1
09:07:22    [L] game  82/100  (a1=P2)  raw=+1  agent1_result=-1
09:07:39    [W] game  83/100  (a1=P2)  raw=-1  agent1_result=+1
09:07:45    [W] game  84/100  (a1=P2)  raw=-1  agent1_result=+1
09:07:51    [L] game  85/100  (a1=P2)  raw=+1  agent1_result=-1
09:07:56    [L] game  86/100  (a1=P2)  raw=+1  agent1_result=-1
09:08:06    [W] game  87/100  (a1=P2)  raw=-1  agent1_result=+1
09:08:13    [L] game  88/100  (a1=P2)  raw=+1  agent1_result=-1
09:08:24    [W] game  89/100  (a1=P2)  raw=-1  agent1_result=+1
09:08:31    [L] game  90/100  (a1=P2)  raw=+1  agent1_result=-1
09:08:40    [L] game  91/100  (a1=P2)  raw=+1  agent1_result=-1
09:08:58    [L] game  92/100  (a1=P2)  raw=+1  agent1_result=-1
09:09:03    [L] game  93/100  (a1=P2)  raw=+1  agent1_result=-1
09:09:07    [L] game  94/100  (a1=P2)  raw=+1  agent1_result=-1
09:09:15    [W] game  95/100  (a1=P2)  raw=-1  agent1_result=+1
09:09:29    [W] game  96/100  (a1=P2)  raw=-1  agent1_result=+1
09:09:38    [W] game  97/100  (a1=P2)  raw=-1  agent1_result=+1
09:09:43    [W] game  98/100  (a1=P2)  raw=-1  agent1_result=+1
09:09:52    [L] game  99/100  (a1=P2)  raw=+1  agent1_result=-1
09:10:00    [L] game 100/100  (a1=P2)  raw=+1  agent1_result=-1
09:10:00  
──────────────────────────────────────────────────
  GRAVE(500,k=300,t=50) vs MCTS(500)
  Games  : 100 / 100  (287.2s)
  Wins   :  53 ( 53.0%)
  Draws  :   0 (  0.0%)
  Losses :  47 ( 47.0%)
──────────────────────────────────────────────────
