21:42:27  Starting 'GRAVE(500,k=300,t=5,C=0.1)_vs_MCTS(500,C=0.3)_100g' — 100 games (GRAVE(500,k=300,t=5,C=0.1) vs MCTS(500,C=0.3))
21:42:36    [W] game   1/100  (a1=P1)  raw=+1  a1=+1
21:42:42    [W] game   2/100  (a1=P1)  raw=+1  a1=+1
21:42:52    [W] game   3/100  (a1=P1)  raw=+1  a1=+1
21:43:04    [W] game   4/100  (a1=P1)  raw=+1  a1=+1
21:43:14    [L] game   5/100  (a1=P1)  raw=-1  a1=-1
21:43:30    [L] game   6/100  (a1=P1)  raw=-1  a1=-1
21:43:42    [W] game   7/100  (a1=P1)  raw=+1  a1=+1
21:44:00    [W] game   8/100  (a1=P1)  raw=+1  a1=+1
21:44:07    [W] game   9/100  (a1=P1)  raw=+1  a1=+1
21:44:17    [W] game  10/100  (a1=P1)  raw=+1  a1=+1
21:44:24    [W] game  11/100  (a1=P1)  raw=+1  a1=+1
21:44:34    [W] game  12/100  (a1=P1)  raw=+1  a1=+1
21:44:52    [L] game  13/100  (a1=P1)  raw=-1  a1=-1
21:45:07    [L] game  14/100  (a1=P1)  raw=-1  a1=-1
21:45:14    [W] game  15/100  (a1=P1)  raw=+1  a1=+1
21:45:23    [W] game  16/100  (a1=P1)  raw=+1  a1=+1
21:45:37    [L] game  17/100  (a1=P1)  raw=-1  a1=-1
21:45:47    [L] game  18/100  (a1=P1)  raw=-1  a1=-1
21:45:52    [W] game  19/100  (a1=P1)  raw=+1  a1=+1
21:46:01    [W] game  20/100  (a1=P1)  raw=+1  a1=+1
21:46:11    [W] game  21/100  (a1=P1)  raw=+1  a1=+1
21:46:34    [W] game  22/100  (a1=P1)  raw=+1  a1=+1
21:46:41    [W] game  23/100  (a1=P1)  raw=+1  a1=+1
21:46:49    [W] game  24/100  (a1=P1)  raw=+1  a1=+1
21:47:01    [W] game  25/100  (a1=P1)  raw=+1  a1=+1
21:47:10    [W] game  26/100  (a1=P1)  raw=+1  a1=+1
21:47:23    [W] game  27/100  (a1=P1)  raw=+1  a1=+1
21:47:30    [W] game  28/100  (a1=P1)  raw=+1  a1=+1
21:47:34    [W] game  29/100  (a1=P1)  raw=+1  a1=+1
21:47:44    [W] game  30/100  (a1=P1)  raw=+1  a1=+1
21:47:52    [W] game  31/100  (a1=P1)  raw=+1  a1=+1
21:48:03    [W] game  32/100  (a1=P1)  raw=+1  a1=+1
21:48:25    [W] game  33/100  (a1=P1)  raw=+1  a1=+1
21:48:31    [L] game  34/100  (a1=P1)  raw=-1  a1=-1
21:48:43    [L] game  35/100  (a1=P1)  raw=-1  a1=-1
21:48:49    [W] game  36/100  (a1=P1)  raw=+1  a1=+1
21:48:56    [W] game  37/100  (a1=P1)  raw=+1  a1=+1
21:49:03    [W] game  38/100  (a1=P1)  raw=+1  a1=+1
21:49:12    [W] game  39/100  (a1=P1)  raw=+1  a1=+1
21:49:24    [W] game  40/100  (a1=P1)  raw=+1  a1=+1
21:49:30    [W] game  41/100  (a1=P1)  raw=+1  a1=+1
21:49:38    [L] game  42/100  (a1=P1)  raw=-1  a1=-1
21:49:49    [L] game  43/100  (a1=P1)  raw=-1  a1=-1
21:50:07    [L] game  44/100  (a1=P1)  raw=-1  a1=-1
21:50:20    [L] game  45/100  (a1=P1)  raw=-1  a1=-1
21:50:36    [W] game  46/100  (a1=P1)  raw=+1  a1=+1
21:50:46    [W] game  47/100  (a1=P1)  raw=+1  a1=+1
21:50:53    [W] game  48/100  (a1=P1)  raw=+1  a1=+1
21:51:01    [W] game  49/100  (a1=P1)  raw=+1  a1=+1
21:51:09    [W] game  50/100  (a1=P1)  raw=+1  a1=+1
21:51:14    [L] game  51/100  (a1=P2)  raw=+1  a1=-1
21:51:26    [L] game  52/100  (a1=P2)  raw=+1  a1=-1
21:51:35    [W] game  53/100  (a1=P2)  raw=-1  a1=+1
21:51:51    [W] game  54/100  (a1=P2)  raw=-1  a1=+1
21:52:03    [L] game  55/100  (a1=P2)  raw=+1  a1=-1
21:52:21    [L] game  56/100  (a1=P2)  raw=+1  a1=-1
21:52:36    [L] game  57/100  (a1=P2)  raw=+1  a1=-1
21:52:48    [L] game  58/100  (a1=P2)  raw=+1  a1=-1
21:52:57    [W] game  59/100  (a1=P2)  raw=-1  a1=+1
21:53:10    [W] game  60/100  (a1=P2)  raw=-1  a1=+1
21:53:25    [W] game  61/100  (a1=P2)  raw=-1  a1=+1
21:53:31    [W] game  62/100  (a1=P2)  raw=-1  a1=+1
21:53:39    [L] game  63/100  (a1=P2)  raw=+1  a1=-1
21:53:47    [L] game  64/100  (a1=P2)  raw=+1  a1=-1
21:53:57    [L] game  65/100  (a1=P2)  raw=+1  a1=-1
21:54:07    [L] game  66/100  (a1=P2)  raw=+1  a1=-1
21:54:21    [L] game  67/100  (a1=P2)  raw=+1  a1=-1
21:54:30    [L] game  68/100  (a1=P2)  raw=+1  a1=-1
21:54:37    [L] game  69/100  (a1=P2)  raw=+1  a1=-1
21:54:53    [W] game  70/100  (a1=P2)  raw=-1  a1=+1
21:55:08    [L] game  71/100  (a1=P2)  raw=+1  a1=-1
21:55:19    [L] game  72/100  (a1=P2)  raw=+1  a1=-1
21:55:27    [W] game  73/100  (a1=P2)  raw=-1  a1=+1
21:55:40    [W] game  74/100  (a1=P2)  raw=-1  a1=+1
21:55:49    [L] game  75/100  (a1=P2)  raw=+1  a1=-1
21:55:59    [L] game  76/100  (a1=P2)  raw=+1  a1=-1
21:56:04    [W] game  77/100  (a1=P2)  raw=-1  a1=+1
21:56:24    [W] game  78/100  (a1=P2)  raw=-1  a1=+1
21:56:37    [L] game  79/100  (a1=P2)  raw=+1  a1=-1
21:56:46    [L] game  80/100  (a1=P2)  raw=+1  a1=-1
21:57:08    [W] game  81/100  (a1=P2)  raw=-1  a1=+1
21:57:17    [L] game  82/100  (a1=P2)  raw=+1  a1=-1
21:57:27    [L] game  83/100  (a1=P2)  raw=+1  a1=-1
21:57:36    [L] game  84/100  (a1=P2)  raw=+1  a1=-1
21:57:49    [W] game  85/100  (a1=P2)  raw=-1  a1=+1
21:58:00    [L] game  86/100  (a1=P2)  raw=+1  a1=-1
21:58:06    [L] game  87/100  (a1=P2)  raw=+1  a1=-1
21:58:13    [W] game  88/100  (a1=P2)  raw=-1  a1=+1
21:58:20    [W] game  89/100  (a1=P2)  raw=-1  a1=+1
21:58:39    [W] game  90/100  (a1=P2)  raw=-1  a1=+1
21:58:51    [L] game  91/100  (a1=P2)  raw=+1  a1=-1
21:58:58    [L] game  92/100  (a1=P2)  raw=+1  a1=-1
21:59:12    [W] game  93/100  (a1=P2)  raw=-1  a1=+1
21:59:17    [L] game  94/100  (a1=P2)  raw=+1  a1=-1
21:59:25    [L] game  95/100  (a1=P2)  raw=+1  a1=-1
21:59:36    [L] game  96/100  (a1=P2)  raw=+1  a1=-1
21:59:45    [L] game  97/100  (a1=P2)  raw=+1  a1=-1
21:59:57    [W] game  98/100  (a1=P2)  raw=-1  a1=+1
22:00:16    [W] game  99/100  (a1=P2)  raw=-1  a1=+1
22:00:25    [L] game 100/100  (a1=P2)  raw=+1  a1=-1
22:00:25  
──────────────────────────────────────────────────────
  GRAVE(500,k=300,t=5,C=0.1)vs MCTS(500,C=0.3)
  Games  : 100/100  (1078.2s)
  Wins   :  57 ( 57.0%)
  Draws  :   0 (  0.0%)
  Losses :  43 ( 43.0%)
──────────────────────────────────────────────────────
22:28:35  'GRAVE(500,k=300,t=5,C=0.1)_vs_MCTS(500,C=0.3)_100g' already complete — using cached result.
07:00:14  'GRAVE(500,k=300,t=5,C=0.1)_vs_MCTS(500,C=0.3)_100g' already complete — using cached result.
08:06:23  'GRAVE(500,k=300,t=5,C=0.1)_vs_MCTS(500,C=0.3)_100g' already complete — using cached result.
