18:23:45  Starting 'MCTS(500)_vs_Greedy_100g' — 100 games  (MCTS(500) vs Greedy)
18:23:49    [W] game   1/100  (a1=P1)  raw=+1  agent1_result=+1
18:23:51    [W] game   2/100  (a1=P1)  raw=+1  agent1_result=+1
18:23:55    [W] game   3/100  (a1=P1)  raw=+1  agent1_result=+1
18:23:58    [W] game   4/100  (a1=P1)  raw=+1  agent1_result=+1
18:24:02    [W] game   5/100  (a1=P1)  raw=+1  agent1_result=+1
18:24:05    [W] game   6/100  (a1=P1)  raw=+1  agent1_result=+1
18:24:08    [W] game   7/100  (a1=P1)  raw=+1  agent1_result=+1
18:24:10    [W] game   8/100  (a1=P1)  raw=+1  agent1_result=+1
18:24:14    [W] game   9/100  (a1=P1)  raw=+1  agent1_result=+1
18:24:16    [W] game  10/100  (a1=P1)  raw=+1  agent1_result=+1
18:24:20    [W] game  11/100  (a1=P1)  raw=+1  agent1_result=+1
18:24:23    [W] game  12/100  (a1=P1)  raw=+1  agent1_result=+1
18:24:26    [W] game  13/100  (a1=P1)  raw=+1  agent1_result=+1
18:24:29    [W] game  14/100  (a1=P1)  raw=+1  agent1_result=+1
18:24:32    [W] game  15/100  (a1=P1)  raw=+1  agent1_result=+1
18:24:36    [W] game  16/100  (a1=P1)  raw=+1  agent1_result=+1
18:24:38    [W] game  17/100  (a1=P1)  raw=+1  agent1_result=+1
18:24:41    [W] game  18/100  (a1=P1)  raw=+1  agent1_result=+1
18:24:45    [W] game  19/100  (a1=P1)  raw=+1  agent1_result=+1
18:24:48    [W] game  20/100  (a1=P1)  raw=+1  agent1_result=+1
18:24:51    [W] game  21/100  (a1=P1)  raw=+1  agent1_result=+1
18:24:56    [W] game  22/100  (a1=P1)  raw=+1  agent1_result=+1
18:24:58    [W] game  23/100  (a1=P1)  raw=+1  agent1_result=+1
18:25:02    [W] game  24/100  (a1=P1)  raw=+1  agent1_result=+1
18:25:04    [L] game  25/100  (a1=P1)  raw=-1  agent1_result=-1
18:25:07    [W] game  26/100  (a1=P1)  raw=+1  agent1_result=+1
18:25:09    [L] game  27/100  (a1=P1)  raw=-1  agent1_result=-1
18:25:12    [W] game  28/100  (a1=P1)  raw=+1  agent1_result=+1
18:25:15    [W] game  29/100  (a1=P1)  raw=+1  agent1_result=+1
18:25:19    [W] game  30/100  (a1=P1)  raw=+1  agent1_result=+1
18:25:22    [W] game  31/100  (a1=P1)  raw=+1  agent1_result=+1
18:25:25    [W] game  32/100  (a1=P1)  raw=+1  agent1_result=+1
18:25:29    [W] game  33/100  (a1=P1)  raw=+1  agent1_result=+1
18:25:33    [W] game  34/100  (a1=P1)  raw=+1  agent1_result=+1
18:25:38    [W] game  35/100  (a1=P1)  raw=+1  agent1_result=+1
18:25:42    [W] game  36/100  (a1=P1)  raw=+1  agent1_result=+1
18:25:44    [W] game  37/100  (a1=P1)  raw=+1  agent1_result=+1
18:25:49    [W] game  38/100  (a1=P1)  raw=+1  agent1_result=+1
18:25:52    [W] game  39/100  (a1=P1)  raw=+1  agent1_result=+1
18:25:54    [L] game  40/100  (a1=P1)  raw=-1  agent1_result=-1
18:25:59    [W] game  41/100  (a1=P1)  raw=+1  agent1_result=+1
18:26:02    [W] game  42/100  (a1=P1)  raw=+1  agent1_result=+1
18:26:04    [L] game  43/100  (a1=P1)  raw=-1  agent1_result=-1
18:26:07    [W] game  44/100  (a1=P1)  raw=+1  agent1_result=+1
18:26:13    [W] game  45/100  (a1=P1)  raw=+1  agent1_result=+1
18:26:16    [W] game  46/100  (a1=P1)  raw=+1  agent1_result=+1
18:26:21    [W] game  47/100  (a1=P1)  raw=+1  agent1_result=+1
18:26:24    [W] game  48/100  (a1=P1)  raw=+1  agent1_result=+1
18:26:28    [W] game  49/100  (a1=P1)  raw=+1  agent1_result=+1
18:26:31    [W] game  50/100  (a1=P1)  raw=+1  agent1_result=+1
18:26:34    [W] game  51/100  (a1=P2)  raw=-1  agent1_result=+1
18:26:38    [W] game  52/100  (a1=P2)  raw=-1  agent1_result=+1
18:26:39    [L] game  53/100  (a1=P2)  raw=+1  agent1_result=-1
18:26:42    [W] game  54/100  (a1=P2)  raw=-1  agent1_result=+1
18:26:45    [L] game  55/100  (a1=P2)  raw=+1  agent1_result=-1
18:26:48    [L] game  56/100  (a1=P2)  raw=+1  agent1_result=-1
18:26:50    [L] game  57/100  (a1=P2)  raw=+1  agent1_result=-1
18:26:53    [W] game  58/100  (a1=P2)  raw=-1  agent1_result=+1
18:26:58    [W] game  59/100  (a1=P2)  raw=-1  agent1_result=+1
18:27:01    [W] game  60/100  (a1=P2)  raw=-1  agent1_result=+1
18:27:04    [W] game  61/100  (a1=P2)  raw=-1  agent1_result=+1
18:27:08    [W] game  62/100  (a1=P2)  raw=-1  agent1_result=+1
18:27:10    [W] game  63/100  (a1=P2)  raw=-1  agent1_result=+1
18:27:12    [L] game  64/100  (a1=P2)  raw=+1  agent1_result=-1
18:27:15    [W] game  65/100  (a1=P2)  raw=-1  agent1_result=+1
18:27:19    [W] game  66/100  (a1=P2)  raw=-1  agent1_result=+1
18:27:23    [W] game  67/100  (a1=P2)  raw=-1  agent1_result=+1
18:27:27    [W] game  68/100  (a1=P2)  raw=-1  agent1_result=+1
18:27:30    [W] game  69/100  (a1=P2)  raw=-1  agent1_result=+1
18:27:33    [W] game  70/100  (a1=P2)  raw=-1  agent1_result=+1
18:27:37    [W] game  71/100  (a1=P2)  raw=-1  agent1_result=+1
18:27:39    [W] game  72/100  (a1=P2)  raw=-1  agent1_result=+1
18:27:42    [W] game  73/100  (a1=P2)  raw=-1  agent1_result=+1
18:27:45    [W] game  74/100  (a1=P2)  raw=-1  agent1_result=+1
18:27:47    [L] game  75/100  (a1=P2)  raw=+1  agent1_result=-1
18:27:50    [W] game  76/100  (a1=P2)  raw=-1  agent1_result=+1
18:27:52    [W] game  77/100  (a1=P2)  raw=-1  agent1_result=+1
18:27:55    [W] game  78/100  (a1=P2)  raw=-1  agent1_result=+1
18:27:57    [W] game  79/100  (a1=P2)  raw=-1  agent1_result=+1
18:27:59    [L] game  80/100  (a1=P2)  raw=+1  agent1_result=-1
18:28:02    [W] game  81/100  (a1=P2)  raw=-1  agent1_result=+1
18:28:07    [W] game  82/100  (a1=P2)  raw=-1  agent1_result=+1
18:28:08    [L] game  83/100  (a1=P2)  raw=+1  agent1_result=-1
18:28:11    [W] game  84/100  (a1=P2)  raw=-1  agent1_result=+1
18:28:14    [W] game  85/100  (a1=P2)  raw=-1  agent1_result=+1
18:28:17    [W] game  86/100  (a1=P2)  raw=-1  agent1_result=+1
18:28:21    [W] game  87/100  (a1=P2)  raw=-1  agent1_result=+1
18:28:25    [W] game  88/100  (a1=P2)  raw=-1  agent1_result=+1
18:28:29    [W] game  89/100  (a1=P2)  raw=-1  agent1_result=+1
18:28:31    [L] game  90/100  (a1=P2)  raw=+1  agent1_result=-1
18:28:33    [W] game  91/100  (a1=P2)  raw=-1  agent1_result=+1
18:28:37    [W] game  92/100  (a1=P2)  raw=-1  agent1_result=+1
18:28:45    [W] game  93/100  (a1=P2)  raw=-1  agent1_result=+1
18:28:47    [W] game  94/100  (a1=P2)  raw=-1  agent1_result=+1
18:28:48    [L] game  95/100  (a1=P2)  raw=+1  agent1_result=-1
18:28:53    [W] game  96/100  (a1=P2)  raw=-1  agent1_result=+1
18:28:57    [W] game  97/100  (a1=P2)  raw=-1  agent1_result=+1
18:29:00    [W] game  98/100  (a1=P2)  raw=-1  agent1_result=+1
18:29:04    [W] game  99/100  (a1=P2)  raw=-1  agent1_result=+1
18:29:08    [W] game 100/100  (a1=P2)  raw=-1  agent1_result=+1
18:29:08  
──────────────────────────────────────────────────
  MCTS(500)            vs Greedy
  Games  : 100 / 100  (322.9s)
  Wins   :  86 ( 86.0%)
  Draws  :   0 (  0.0%)
  Losses :  14 ( 14.0%)
──────────────────────────────────────────────────
