07:54:10  Starting 'MCTS(500,C=0.3)_vs_MCTS(500)_100g' — 100 games (MCTS(500,C=0.3) vs MCTS(500))
07:54:30    [W] game   1/100  (a1=P1)  raw=+1  a1=+1
07:54:44    [W] game   2/100  (a1=P1)  raw=+1  a1=+1
07:55:00    [L] game   3/100  (a1=P1)  raw=-1  a1=-1
07:55:18    [L] game   4/100  (a1=P1)  raw=-1  a1=-1
07:55:33    [W] game   5/100  (a1=P1)  raw=+1  a1=+1
07:56:03    [W] game   6/100  (a1=P1)  raw=+1  a1=+1
07:56:18    [W] game   7/100  (a1=P1)  raw=+1  a1=+1
07:56:35    [L] game   8/100  (a1=P1)  raw=-1  a1=-1
07:56:48    [W] game   9/100  (a1=P1)  raw=+1  a1=+1
07:57:05    [W] game  10/100  (a1=P1)  raw=+1  a1=+1
07:57:19    [L] game  11/100  (a1=P1)  raw=-1  a1=-1
07:57:36    [W] game  12/100  (a1=P1)  raw=+1  a1=+1
07:57:48    [W] game  13/100  (a1=P1)  raw=+1  a1=+1
07:57:59    [L] game  14/100  (a1=P1)  raw=-1  a1=-1
07:58:16    [W] game  15/100  (a1=P1)  raw=+1  a1=+1
07:58:46    [W] game  16/100  (a1=P1)  raw=+1  a1=+1
07:59:00    [W] game  17/100  (a1=P1)  raw=+1  a1=+1
07:59:09    [W] game  18/100  (a1=P1)  raw=+1  a1=+1
07:59:30    [W] game  19/100  (a1=P1)  raw=+1  a1=+1
07:59:51    [W] game  20/100  (a1=P1)  raw=+1  a1=+1
08:00:07    [W] game  21/100  (a1=P1)  raw=+1  a1=+1
08:00:20    [W] game  22/100  (a1=P1)  raw=+1  a1=+1
08:00:41    [W] game  23/100  (a1=P1)  raw=+1  a1=+1
08:00:58    [W] game  24/100  (a1=P1)  raw=+1  a1=+1
08:01:11    [W] game  25/100  (a1=P1)  raw=+1  a1=+1
08:06:23  Resuming 'MCTS(500,C=0.3)_vs_MCTS(500)_100g' — 25/100 done.
08:06:37    [W] game  26/100  (a1=P1)  raw=+1  a1=+1
08:06:59    [W] game  27/100  (a1=P1)  raw=+1  a1=+1
08:07:21    [L] game  28/100  (a1=P1)  raw=-1  a1=-1
08:07:38    [W] game  29/100  (a1=P1)  raw=+1  a1=+1
08:07:56    [L] game  30/100  (a1=P1)  raw=-1  a1=-1
08:08:40    [W] game  31/100  (a1=P1)  raw=+1  a1=+1
08:08:53    [W] game  32/100  (a1=P1)  raw=+1  a1=+1
08:09:10    [W] game  33/100  (a1=P1)  raw=+1  a1=+1
08:09:28    [W] game  34/100  (a1=P1)  raw=+1  a1=+1
08:09:42    [W] game  35/100  (a1=P1)  raw=+1  a1=+1
08:10:00    [L] game  36/100  (a1=P1)  raw=-1  a1=-1
08:10:31    [W] game  37/100  (a1=P1)  raw=+1  a1=+1
08:10:45    [W] game  38/100  (a1=P1)  raw=+1  a1=+1
08:11:02    [L] game  39/100  (a1=P1)  raw=-1  a1=-1
08:11:25    [W] game  40/100  (a1=P1)  raw=+1  a1=+1
08:12:16    [W] game  41/100  (a1=P1)  raw=+1  a1=+1
08:12:32    [W] game  42/100  (a1=P1)  raw=+1  a1=+1
08:12:52    [W] game  43/100  (a1=P1)  raw=+1  a1=+1
08:13:37    [L] game  44/100  (a1=P1)  raw=-1  a1=-1
08:14:03    [L] game  45/100  (a1=P1)  raw=-1  a1=-1
08:14:23    [W] game  46/100  (a1=P1)  raw=+1  a1=+1
08:14:39    [W] game  47/100  (a1=P1)  raw=+1  a1=+1
08:14:52    [W] game  48/100  (a1=P1)  raw=+1  a1=+1
08:15:07    [W] game  49/100  (a1=P1)  raw=+1  a1=+1
08:15:15    [W] game  50/100  (a1=P1)  raw=+1  a1=+1
08:15:26    [L] game  51/100  (a1=P2)  raw=+1  a1=-1
08:15:37    [L] game  52/100  (a1=P2)  raw=+1  a1=-1
08:16:05    [L] game  53/100  (a1=P2)  raw=+1  a1=-1
08:16:31    [L] game  54/100  (a1=P2)  raw=+1  a1=-1
08:16:57    [W] game  55/100  (a1=P2)  raw=-1  a1=+1
08:17:08    [L] game  56/100  (a1=P2)  raw=+1  a1=-1
08:17:25    [W] game  57/100  (a1=P2)  raw=-1  a1=+1
08:17:44    [L] game  58/100  (a1=P2)  raw=+1  a1=-1
08:18:04    [W] game  59/100  (a1=P2)  raw=-1  a1=+1
08:18:21    [W] game  60/100  (a1=P2)  raw=-1  a1=+1
08:18:34    [L] game  61/100  (a1=P2)  raw=+1  a1=-1
08:19:04    [L] game  62/100  (a1=P2)  raw=+1  a1=-1
08:19:17    [W] game  63/100  (a1=P2)  raw=-1  a1=+1
08:19:37    [W] game  64/100  (a1=P2)  raw=-1  a1=+1
08:19:58    [W] game  65/100  (a1=P2)  raw=-1  a1=+1
08:20:14    [W] game  66/100  (a1=P2)  raw=-1  a1=+1
08:20:31    [L] game  67/100  (a1=P2)  raw=+1  a1=-1
08:20:46    [L] game  68/100  (a1=P2)  raw=+1  a1=-1
08:21:00    [L] game  69/100  (a1=P2)  raw=+1  a1=-1
08:21:17    [W] game  70/100  (a1=P2)  raw=-1  a1=+1
08:21:38    [W] game  71/100  (a1=P2)  raw=-1  a1=+1
08:21:45    [L] game  72/100  (a1=P2)  raw=+1  a1=-1
08:22:05    [W] game  73/100  (a1=P2)  raw=-1  a1=+1
08:22:19    [L] game  74/100  (a1=P2)  raw=+1  a1=-1
08:22:37    [L] game  75/100  (a1=P2)  raw=+1  a1=-1
08:22:54    [L] game  76/100  (a1=P2)  raw=+1  a1=-1
08:23:17    [W] game  77/100  (a1=P2)  raw=-1  a1=+1
08:23:32    [W] game  78/100  (a1=P2)  raw=-1  a1=+1
08:23:50    [L] game  79/100  (a1=P2)  raw=+1  a1=-1
08:24:23    [W] game  80/100  (a1=P2)  raw=-1  a1=+1
08:24:47    [W] game  81/100  (a1=P2)  raw=-1  a1=+1
08:25:05    [L] game  82/100  (a1=P2)  raw=+1  a1=-1
08:25:16    [L] game  83/100  (a1=P2)  raw=+1  a1=-1
08:25:31    [L] game  84/100  (a1=P2)  raw=+1  a1=-1
08:25:47    [W] game  85/100  (a1=P2)  raw=-1  a1=+1
08:26:11    [W] game  86/100  (a1=P2)  raw=-1  a1=+1
08:26:44    [L] game  87/100  (a1=P2)  raw=+1  a1=-1
08:27:08    [W] game  88/100  (a1=P2)  raw=-1  a1=+1
08:27:35    [W] game  89/100  (a1=P2)  raw=-1  a1=+1
08:27:56    [L] game  90/100  (a1=P2)  raw=+1  a1=-1
08:28:30    [W] game  91/100  (a1=P2)  raw=-1  a1=+1
08:29:06    [L] game  92/100  (a1=P2)  raw=+1  a1=-1
08:29:34    [L] game  93/100  (a1=P2)  raw=+1  a1=-1
08:29:51    [W] game  94/100  (a1=P2)  raw=-1  a1=+1
08:30:05    [W] game  95/100  (a1=P2)  raw=-1  a1=+1
08:30:23    [L] game  96/100  (a1=P2)  raw=+1  a1=-1
08:30:32    [W] game  97/100  (a1=P2)  raw=-1  a1=+1
08:30:43    [W] game  98/100  (a1=P2)  raw=-1  a1=+1
08:31:31    [W] game  99/100  (a1=P2)  raw=-1  a1=+1
08:31:46    [W] game 100/100  (a1=P2)  raw=-1  a1=+1
08:31:46  
──────────────────────────────────────────────────────
  MCTS(500,C=0.3)           vs MCTS(500)
  Games  : 100/100  (1522.7s)
  Wins   :  65 ( 65.0%)
  Draws  :   0 (  0.0%)
  Losses :  35 ( 35.0%)
──────────────────────────────────────────────────────
