18:18:00  Starting 'MCTS(500)_vs_Random_100g' — 100 games  (MCTS(500) vs Random)
18:18:02    [W] game   1/100  (a1=P1)  raw=+1  agent1_result=+1
18:18:06    [W] game   2/100  (a1=P1)  raw=+1  agent1_result=+1
18:18:07    [W] game   3/100  (a1=P1)  raw=+1  agent1_result=+1
18:18:10    [W] game   4/100  (a1=P1)  raw=+1  agent1_result=+1
18:18:13    [W] game   5/100  (a1=P1)  raw=+1  agent1_result=+1
18:18:16    [W] game   6/100  (a1=P1)  raw=+1  agent1_result=+1
18:18:20    [W] game   7/100  (a1=P1)  raw=+1  agent1_result=+1
18:18:24    [W] game   8/100  (a1=P1)  raw=+1  agent1_result=+1
18:18:28    [W] game   9/100  (a1=P1)  raw=+1  agent1_result=+1
18:18:31    [W] game  10/100  (a1=P1)  raw=+1  agent1_result=+1
18:18:34    [W] game  11/100  (a1=P1)  raw=+1  agent1_result=+1
18:18:36    [W] game  12/100  (a1=P1)  raw=+1  agent1_result=+1
18:18:40    [W] game  13/100  (a1=P1)  raw=+1  agent1_result=+1
18:18:43    [W] game  14/100  (a1=P1)  raw=+1  agent1_result=+1
18:18:45    [W] game  15/100  (a1=P1)  raw=+1  agent1_result=+1
18:18:47    [W] game  16/100  (a1=P1)  raw=+1  agent1_result=+1
18:18:50    [W] game  17/100  (a1=P1)  raw=+1  agent1_result=+1
18:18:53    [W] game  18/100  (a1=P1)  raw=+1  agent1_result=+1
18:18:56    [W] game  19/100  (a1=P1)  raw=+1  agent1_result=+1
18:19:00    [W] game  20/100  (a1=P1)  raw=+1  agent1_result=+1
18:19:04    [W] game  21/100  (a1=P1)  raw=+1  agent1_result=+1
18:19:06    [W] game  22/100  (a1=P1)  raw=+1  agent1_result=+1
18:19:10    [W] game  23/100  (a1=P1)  raw=+1  agent1_result=+1
18:19:12    [W] game  24/100  (a1=P1)  raw=+1  agent1_result=+1
18:19:14    [W] game  25/100  (a1=P1)  raw=+1  agent1_result=+1
18:19:16    [W] game  26/100  (a1=P1)  raw=+1  agent1_result=+1
18:19:20    [W] game  27/100  (a1=P1)  raw=+1  agent1_result=+1
18:19:24    [W] game  28/100  (a1=P1)  raw=+1  agent1_result=+1
18:19:27    [W] game  29/100  (a1=P1)  raw=+1  agent1_result=+1
18:19:30    [W] game  30/100  (a1=P1)  raw=+1  agent1_result=+1
18:19:33    [W] game  31/100  (a1=P1)  raw=+1  agent1_result=+1
18:19:35    [W] game  32/100  (a1=P1)  raw=+1  agent1_result=+1
18:19:38    [W] game  33/100  (a1=P1)  raw=+1  agent1_result=+1
18:19:41    [W] game  34/100  (a1=P1)  raw=+1  agent1_result=+1
18:19:45    [W] game  35/100  (a1=P1)  raw=+1  agent1_result=+1
18:19:49    [W] game  36/100  (a1=P1)  raw=+1  agent1_result=+1
18:19:51    [W] game  37/100  (a1=P1)  raw=+1  agent1_result=+1
18:19:54    [W] game  38/100  (a1=P1)  raw=+1  agent1_result=+1
18:19:58    [W] game  39/100  (a1=P1)  raw=+1  agent1_result=+1
18:20:02    [W] game  40/100  (a1=P1)  raw=+1  agent1_result=+1
18:20:06    [W] game  41/100  (a1=P1)  raw=+1  agent1_result=+1
18:20:09    [W] game  42/100  (a1=P1)  raw=+1  agent1_result=+1
18:20:12    [W] game  43/100  (a1=P1)  raw=+1  agent1_result=+1
18:20:14    [W] game  44/100  (a1=P1)  raw=+1  agent1_result=+1
18:20:16    [W] game  45/100  (a1=P1)  raw=+1  agent1_result=+1
18:20:18    [W] game  46/100  (a1=P1)  raw=+1  agent1_result=+1
18:20:22    [W] game  47/100  (a1=P1)  raw=+1  agent1_result=+1
18:20:24    [W] game  48/100  (a1=P1)  raw=+1  agent1_result=+1
18:20:27    [W] game  49/100  (a1=P1)  raw=+1  agent1_result=+1
18:20:30    [W] game  50/100  (a1=P1)  raw=+1  agent1_result=+1
18:20:32    [W] game  51/100  (a1=P2)  raw=-1  agent1_result=+1
18:20:35    [W] game  52/100  (a1=P2)  raw=-1  agent1_result=+1
18:20:39    [W] game  53/100  (a1=P2)  raw=-1  agent1_result=+1
18:20:43    [W] game  54/100  (a1=P2)  raw=-1  agent1_result=+1
18:20:46    [W] game  55/100  (a1=P2)  raw=-1  agent1_result=+1
18:20:50    [W] game  56/100  (a1=P2)  raw=-1  agent1_result=+1
18:20:54    [W] game  57/100  (a1=P2)  raw=-1  agent1_result=+1
18:20:57    [W] game  58/100  (a1=P2)  raw=-1  agent1_result=+1
18:21:00    [W] game  59/100  (a1=P2)  raw=-1  agent1_result=+1
18:21:04    [W] game  60/100  (a1=P2)  raw=-1  agent1_result=+1
18:21:06    [W] game  61/100  (a1=P2)  raw=-1  agent1_result=+1
18:21:08    [W] game  62/100  (a1=P2)  raw=-1  agent1_result=+1
18:21:10    [W] game  63/100  (a1=P2)  raw=-1  agent1_result=+1
18:21:14    [W] game  64/100  (a1=P2)  raw=-1  agent1_result=+1
18:21:16    [W] game  65/100  (a1=P2)  raw=-1  agent1_result=+1
18:21:20    [W] game  66/100  (a1=P2)  raw=-1  agent1_result=+1
18:21:22    [W] game  67/100  (a1=P2)  raw=-1  agent1_result=+1
18:21:25    [W] game  68/100  (a1=P2)  raw=-1  agent1_result=+1
18:21:26    [W] game  69/100  (a1=P2)  raw=-1  agent1_result=+1
18:21:29    [W] game  70/100  (a1=P2)  raw=-1  agent1_result=+1
18:21:32    [W] game  71/100  (a1=P2)  raw=-1  agent1_result=+1
18:21:36    [W] game  72/100  (a1=P2)  raw=-1  agent1_result=+1
18:21:38    [W] game  73/100  (a1=P2)  raw=-1  agent1_result=+1
18:21:42    [W] game  74/100  (a1=P2)  raw=-1  agent1_result=+1
18:21:45    [W] game  75/100  (a1=P2)  raw=-1  agent1_result=+1
18:21:49    [W] game  76/100  (a1=P2)  raw=-1  agent1_result=+1
18:21:50    [W] game  77/100  (a1=P2)  raw=-1  agent1_result=+1
18:21:54    [W] game  78/100  (a1=P2)  raw=-1  agent1_result=+1
18:21:58    [W] game  79/100  (a1=P2)  raw=-1  agent1_result=+1
18:22:00    [W] game  80/100  (a1=P2)  raw=-1  agent1_result=+1
18:22:04    [W] game  81/100  (a1=P2)  raw=-1  agent1_result=+1
18:22:06    [W] game  82/100  (a1=P2)  raw=-1  agent1_result=+1
18:22:09    [W] game  83/100  (a1=P2)  raw=-1  agent1_result=+1
18:22:13    [W] game  84/100  (a1=P2)  raw=-1  agent1_result=+1
18:22:16    [W] game  85/100  (a1=P2)  raw=-1  agent1_result=+1
18:22:19    [W] game  86/100  (a1=P2)  raw=-1  agent1_result=+1
18:22:21    [W] game  87/100  (a1=P2)  raw=-1  agent1_result=+1
18:22:24    [W] game  88/100  (a1=P2)  raw=-1  agent1_result=+1
18:22:26    [W] game  89/100  (a1=P2)  raw=-1  agent1_result=+1
18:22:29    [W] game  90/100  (a1=P2)  raw=-1  agent1_result=+1
18:22:31    [W] game  91/100  (a1=P2)  raw=-1  agent1_result=+1
18:22:34    [W] game  92/100  (a1=P2)  raw=-1  agent1_result=+1
18:22:37    [W] game  93/100  (a1=P2)  raw=-1  agent1_result=+1
18:22:41    [W] game  94/100  (a1=P2)  raw=-1  agent1_result=+1
18:22:44    [W] game  95/100  (a1=P2)  raw=-1  agent1_result=+1
18:22:48    [W] game  96/100  (a1=P2)  raw=-1  agent1_result=+1
18:22:50    [W] game  97/100  (a1=P2)  raw=-1  agent1_result=+1
18:22:51    [W] game  98/100  (a1=P2)  raw=-1  agent1_result=+1
18:22:54    [W] game  99/100  (a1=P2)  raw=-1  agent1_result=+1
18:22:58    [W] game 100/100  (a1=P2)  raw=-1  agent1_result=+1
18:22:58  
──────────────────────────────────────────────────
  MCTS(500)            vs Random
  Games  : 100 / 100  (298.3s)
  Wins   : 100 (100.0%)
  Draws  :   0 (  0.0%)
  Losses :   0 (  0.0%)
──────────────────────────────────────────────────
