18:16:49  Starting 'MCTS(100)_vs_Random_100g' — 100 games  (MCTS(100) vs Random)
18:16:49    [W] game   1/100  (a1=P1)  raw=+1  agent1_result=+1
18:16:50    [W] game   2/100  (a1=P1)  raw=+1  agent1_result=+1
18:16:51    [W] game   3/100  (a1=P1)  raw=+1  agent1_result=+1
18:16:52    [W] game   4/100  (a1=P1)  raw=+1  agent1_result=+1
18:16:53    [W] game   5/100  (a1=P1)  raw=+1  agent1_result=+1
18:16:54    [W] game   6/100  (a1=P1)  raw=+1  agent1_result=+1
18:16:55    [W] game   7/100  (a1=P1)  raw=+1  agent1_result=+1
18:16:55    [W] game   8/100  (a1=P1)  raw=+1  agent1_result=+1
18:16:56    [W] game   9/100  (a1=P1)  raw=+1  agent1_result=+1
18:16:57    [W] game  10/100  (a1=P1)  raw=+1  agent1_result=+1
18:16:57    [W] game  11/100  (a1=P1)  raw=+1  agent1_result=+1
18:16:58    [W] game  12/100  (a1=P1)  raw=+1  agent1_result=+1
18:16:59    [W] game  13/100  (a1=P1)  raw=+1  agent1_result=+1
18:17:00    [W] game  14/100  (a1=P1)  raw=+1  agent1_result=+1
18:17:00    [W] game  15/100  (a1=P1)  raw=+1  agent1_result=+1
18:17:01    [W] game  16/100  (a1=P1)  raw=+1  agent1_result=+1
18:17:02    [W] game  17/100  (a1=P1)  raw=+1  agent1_result=+1
18:17:03    [W] game  18/100  (a1=P1)  raw=+1  agent1_result=+1
18:17:04    [W] game  19/100  (a1=P1)  raw=+1  agent1_result=+1
18:17:04    [W] game  20/100  (a1=P1)  raw=+1  agent1_result=+1
18:17:05    [W] game  21/100  (a1=P1)  raw=+1  agent1_result=+1
18:17:06    [W] game  22/100  (a1=P1)  raw=+1  agent1_result=+1
18:17:06    [W] game  23/100  (a1=P1)  raw=+1  agent1_result=+1
18:17:07    [W] game  24/100  (a1=P1)  raw=+1  agent1_result=+1
18:17:07    [W] game  25/100  (a1=P1)  raw=+1  agent1_result=+1
18:17:08    [W] game  26/100  (a1=P1)  raw=+1  agent1_result=+1
18:17:09    [W] game  27/100  (a1=P1)  raw=+1  agent1_result=+1
18:17:10    [W] game  28/100  (a1=P1)  raw=+1  agent1_result=+1
18:17:10    [W] game  29/100  (a1=P1)  raw=+1  agent1_result=+1
18:17:11    [W] game  30/100  (a1=P1)  raw=+1  agent1_result=+1
18:17:12    [W] game  31/100  (a1=P1)  raw=+1  agent1_result=+1
18:17:13    [W] game  32/100  (a1=P1)  raw=+1  agent1_result=+1
18:17:13    [W] game  33/100  (a1=P1)  raw=+1  agent1_result=+1
18:17:14    [W] game  34/100  (a1=P1)  raw=+1  agent1_result=+1
18:17:14    [W] game  35/100  (a1=P1)  raw=+1  agent1_result=+1
18:17:15    [W] game  36/100  (a1=P1)  raw=+1  agent1_result=+1
18:17:16    [W] game  37/100  (a1=P1)  raw=+1  agent1_result=+1
18:17:17    [W] game  38/100  (a1=P1)  raw=+1  agent1_result=+1
18:17:17    [W] game  39/100  (a1=P1)  raw=+1  agent1_result=+1
18:17:18    [W] game  40/100  (a1=P1)  raw=+1  agent1_result=+1
18:17:19    [W] game  41/100  (a1=P1)  raw=+1  agent1_result=+1
18:17:20    [W] game  42/100  (a1=P1)  raw=+1  agent1_result=+1
18:17:20    [W] game  43/100  (a1=P1)  raw=+1  agent1_result=+1
18:17:21    [L] game  44/100  (a1=P1)  raw=-1  agent1_result=-1
18:17:21    [W] game  45/100  (a1=P1)  raw=+1  agent1_result=+1
18:17:22    [W] game  46/100  (a1=P1)  raw=+1  agent1_result=+1
18:17:22    [W] game  47/100  (a1=P1)  raw=+1  agent1_result=+1
18:17:23    [W] game  48/100  (a1=P1)  raw=+1  agent1_result=+1
18:17:24    [W] game  49/100  (a1=P1)  raw=+1  agent1_result=+1
18:17:24    [L] game  50/100  (a1=P1)  raw=-1  agent1_result=-1
18:17:25    [W] game  51/100  (a1=P2)  raw=-1  agent1_result=+1
18:17:26    [W] game  52/100  (a1=P2)  raw=-1  agent1_result=+1
18:17:27    [W] game  53/100  (a1=P2)  raw=-1  agent1_result=+1
18:17:28    [W] game  54/100  (a1=P2)  raw=-1  agent1_result=+1
18:17:28    [W] game  55/100  (a1=P2)  raw=-1  agent1_result=+1
18:17:29    [W] game  56/100  (a1=P2)  raw=-1  agent1_result=+1
18:17:30    [W] game  57/100  (a1=P2)  raw=-1  agent1_result=+1
18:17:30    [W] game  58/100  (a1=P2)  raw=-1  agent1_result=+1
18:17:31    [W] game  59/100  (a1=P2)  raw=-1  agent1_result=+1
18:17:32    [W] game  60/100  (a1=P2)  raw=-1  agent1_result=+1
18:17:33    [W] game  61/100  (a1=P2)  raw=-1  agent1_result=+1
18:17:33    [W] game  62/100  (a1=P2)  raw=-1  agent1_result=+1
18:17:34    [W] game  63/100  (a1=P2)  raw=-1  agent1_result=+1
18:17:35    [L] game  64/100  (a1=P2)  raw=+1  agent1_result=-1
18:17:35    [W] game  65/100  (a1=P2)  raw=-1  agent1_result=+1
18:17:35    [W] game  66/100  (a1=P2)  raw=-1  agent1_result=+1
18:17:36    [W] game  67/100  (a1=P2)  raw=-1  agent1_result=+1
18:17:37    [W] game  68/100  (a1=P2)  raw=-1  agent1_result=+1
18:17:38    [W] game  69/100  (a1=P2)  raw=-1  agent1_result=+1
18:17:38    [W] game  70/100  (a1=P2)  raw=-1  agent1_result=+1
18:17:39    [W] game  71/100  (a1=P2)  raw=-1  agent1_result=+1
18:17:40    [W] game  72/100  (a1=P2)  raw=-1  agent1_result=+1
18:17:41    [W] game  73/100  (a1=P2)  raw=-1  agent1_result=+1
18:17:41    [W] game  74/100  (a1=P2)  raw=-1  agent1_result=+1
18:17:42    [W] game  75/100  (a1=P2)  raw=-1  agent1_result=+1
18:17:43    [W] game  76/100  (a1=P2)  raw=-1  agent1_result=+1
18:17:43    [W] game  77/100  (a1=P2)  raw=-1  agent1_result=+1
18:17:44    [W] game  78/100  (a1=P2)  raw=-1  agent1_result=+1
18:17:45    [W] game  79/100  (a1=P2)  raw=-1  agent1_result=+1
18:17:45    [W] game  80/100  (a1=P2)  raw=-1  agent1_result=+1
18:17:46    [W] game  81/100  (a1=P2)  raw=-1  agent1_result=+1
18:17:46    [W] game  82/100  (a1=P2)  raw=-1  agent1_result=+1
18:17:47    [W] game  83/100  (a1=P2)  raw=-1  agent1_result=+1
18:17:47    [W] game  84/100  (a1=P2)  raw=-1  agent1_result=+1
18:17:48    [W] game  85/100  (a1=P2)  raw=-1  agent1_result=+1
18:17:49    [W] game  86/100  (a1=P2)  raw=-1  agent1_result=+1
18:17:49    [W] game  87/100  (a1=P2)  raw=-1  agent1_result=+1
18:17:50    [W] game  88/100  (a1=P2)  raw=-1  agent1_result=+1
18:17:50    [W] game  89/100  (a1=P2)  raw=-1  agent1_result=+1
18:17:51    [W] game  90/100  (a1=P2)  raw=-1  agent1_result=+1
18:17:52    [W] game  91/100  (a1=P2)  raw=-1  agent1_result=+1
18:17:52    [W] game  92/100  (a1=P2)  raw=-1  agent1_result=+1
18:17:53    [W] game  93/100  (a1=P2)  raw=-1  agent1_result=+1
18:17:54    [W] game  94/100  (a1=P2)  raw=-1  agent1_result=+1
18:17:55    [W] game  95/100  (a1=P2)  raw=-1  agent1_result=+1
18:17:57    [W] game  96/100  (a1=P2)  raw=-1  agent1_result=+1
18:17:58    [W] game  97/100  (a1=P2)  raw=-1  agent1_result=+1
18:17:58    [W] game  98/100  (a1=P2)  raw=-1  agent1_result=+1
18:17:59    [W] game  99/100  (a1=P2)  raw=-1  agent1_result=+1
18:18:00    [W] game 100/100  (a1=P2)  raw=-1  agent1_result=+1
18:18:00  
──────────────────────────────────────────────────
  MCTS(100)            vs Random
  Games  : 100 / 100  (71.1s)
  Wins   :  97 ( 97.0%)
  Draws  :   0 (  0.0%)
  Losses :   3 (  3.0%)
──────────────────────────────────────────────────
