18:22:58  Starting 'MCTS(100)_vs_Greedy_100g' — 100 games  (MCTS(100) vs Greedy)
18:22:58    [L] game   1/100  (a1=P1)  raw=-1  agent1_result=-1
18:22:59    [L] game   2/100  (a1=P1)  raw=-1  agent1_result=-1
18:23:00    [L] game   3/100  (a1=P1)  raw=-1  agent1_result=-1
18:23:00    [L] game   4/100  (a1=P1)  raw=-1  agent1_result=-1
18:23:00    [L] game   5/100  (a1=P1)  raw=-1  agent1_result=-1
18:23:01    [L] game   6/100  (a1=P1)  raw=-1  agent1_result=-1
18:23:02    [W] game   7/100  (a1=P1)  raw=+1  agent1_result=+1
18:23:03    [L] game   8/100  (a1=P1)  raw=-1  agent1_result=-1
18:23:04    [L] game   9/100  (a1=P1)  raw=-1  agent1_result=-1
18:23:04    [L] game  10/100  (a1=P1)  raw=-1  agent1_result=-1
18:23:05    [L] game  11/100  (a1=P1)  raw=-1  agent1_result=-1
18:23:05    [L] game  12/100  (a1=P1)  raw=-1  agent1_result=-1
18:23:05    [L] game  13/100  (a1=P1)  raw=-1  agent1_result=-1
18:23:06    [L] game  14/100  (a1=P1)  raw=-1  agent1_result=-1
18:23:07    [L] game  15/100  (a1=P1)  raw=-1  agent1_result=-1
18:23:07    [L] game  16/100  (a1=P1)  raw=-1  agent1_result=-1
18:23:08    [L] game  17/100  (a1=P1)  raw=-1  agent1_result=-1
18:23:09    [L] game  18/100  (a1=P1)  raw=-1  agent1_result=-1
18:23:09    [L] game  19/100  (a1=P1)  raw=-1  agent1_result=-1
18:23:10    [L] game  20/100  (a1=P1)  raw=-1  agent1_result=-1
18:23:10    [L] game  21/100  (a1=P1)  raw=-1  agent1_result=-1
18:23:11    [L] game  22/100  (a1=P1)  raw=-1  agent1_result=-1
18:23:11    [L] game  23/100  (a1=P1)  raw=-1  agent1_result=-1
18:23:12    [L] game  24/100  (a1=P1)  raw=-1  agent1_result=-1
18:23:12    [L] game  25/100  (a1=P1)  raw=-1  agent1_result=-1
18:23:13    [W] game  26/100  (a1=P1)  raw=+1  agent1_result=+1
18:23:13    [L] game  27/100  (a1=P1)  raw=-1  agent1_result=-1
18:23:14    [L] game  28/100  (a1=P1)  raw=-1  agent1_result=-1
18:23:14    [L] game  29/100  (a1=P1)  raw=-1  agent1_result=-1
18:23:15    [L] game  30/100  (a1=P1)  raw=-1  agent1_result=-1
18:23:15    [L] game  31/100  (a1=P1)  raw=-1  agent1_result=-1
18:23:16    [L] game  32/100  (a1=P1)  raw=-1  agent1_result=-1
18:23:16    [L] game  33/100  (a1=P1)  raw=-1  agent1_result=-1
18:23:17    [L] game  34/100  (a1=P1)  raw=-1  agent1_result=-1
18:23:17    [L] game  35/100  (a1=P1)  raw=-1  agent1_result=-1
18:23:18    [W] game  36/100  (a1=P1)  raw=+1  agent1_result=+1
18:23:18    [L] game  37/100  (a1=P1)  raw=-1  agent1_result=-1
18:23:19    [L] game  38/100  (a1=P1)  raw=-1  agent1_result=-1
18:23:20    [L] game  39/100  (a1=P1)  raw=-1  agent1_result=-1
18:23:20    [L] game  40/100  (a1=P1)  raw=-1  agent1_result=-1
18:23:20    [L] game  41/100  (a1=P1)  raw=-1  agent1_result=-1
18:23:21    [L] game  42/100  (a1=P1)  raw=-1  agent1_result=-1
18:23:22    [L] game  43/100  (a1=P1)  raw=-1  agent1_result=-1
18:23:22    [L] game  44/100  (a1=P1)  raw=-1  agent1_result=-1
18:23:23    [L] game  45/100  (a1=P1)  raw=-1  agent1_result=-1
18:23:23    [L] game  46/100  (a1=P1)  raw=-1  agent1_result=-1
18:23:24    [L] game  47/100  (a1=P1)  raw=-1  agent1_result=-1
18:23:24    [L] game  48/100  (a1=P1)  raw=-1  agent1_result=-1
18:23:24    [L] game  49/100  (a1=P1)  raw=-1  agent1_result=-1
18:23:25    [L] game  50/100  (a1=P1)  raw=-1  agent1_result=-1
18:23:25    [L] game  51/100  (a1=P2)  raw=+1  agent1_result=-1
18:23:26    [L] game  52/100  (a1=P2)  raw=+1  agent1_result=-1
18:23:26    [L] game  53/100  (a1=P2)  raw=+1  agent1_result=-1
18:23:27    [L] game  54/100  (a1=P2)  raw=+1  agent1_result=-1
18:23:27    [L] game  55/100  (a1=P2)  raw=+1  agent1_result=-1
18:23:27    [L] game  56/100  (a1=P2)  raw=+1  agent1_result=-1
18:23:28    [L] game  57/100  (a1=P2)  raw=+1  agent1_result=-1
18:23:28    [L] game  58/100  (a1=P2)  raw=+1  agent1_result=-1
18:23:28    [L] game  59/100  (a1=P2)  raw=+1  agent1_result=-1
18:23:29    [L] game  60/100  (a1=P2)  raw=+1  agent1_result=-1
18:23:29    [L] game  61/100  (a1=P2)  raw=+1  agent1_result=-1
18:23:30    [L] game  62/100  (a1=P2)  raw=+1  agent1_result=-1
18:23:30    [L] game  63/100  (a1=P2)  raw=+1  agent1_result=-1
18:23:30    [L] game  64/100  (a1=P2)  raw=+1  agent1_result=-1
18:23:31    [L] game  65/100  (a1=P2)  raw=+1  agent1_result=-1
18:23:31    [W] game  66/100  (a1=P2)  raw=-1  agent1_result=+1
18:23:31    [L] game  67/100  (a1=P2)  raw=+1  agent1_result=-1
18:23:32    [L] game  68/100  (a1=P2)  raw=+1  agent1_result=-1
18:23:32    [L] game  69/100  (a1=P2)  raw=+1  agent1_result=-1
18:23:33    [L] game  70/100  (a1=P2)  raw=+1  agent1_result=-1
18:23:33    [L] game  71/100  (a1=P2)  raw=+1  agent1_result=-1
18:23:33    [L] game  72/100  (a1=P2)  raw=+1  agent1_result=-1
18:23:34    [L] game  73/100  (a1=P2)  raw=+1  agent1_result=-1
18:23:34    [L] game  74/100  (a1=P2)  raw=+1  agent1_result=-1
18:23:35    [L] game  75/100  (a1=P2)  raw=+1  agent1_result=-1
18:23:35    [L] game  76/100  (a1=P2)  raw=+1  agent1_result=-1
18:23:35    [L] game  77/100  (a1=P2)  raw=+1  agent1_result=-1
18:23:35    [L] game  78/100  (a1=P2)  raw=+1  agent1_result=-1
18:23:36    [L] game  79/100  (a1=P2)  raw=+1  agent1_result=-1
18:23:36    [L] game  80/100  (a1=P2)  raw=+1  agent1_result=-1
18:23:37    [L] game  81/100  (a1=P2)  raw=+1  agent1_result=-1
18:23:37    [L] game  82/100  (a1=P2)  raw=+1  agent1_result=-1
18:23:38    [L] game  83/100  (a1=P2)  raw=+1  agent1_result=-1
18:23:38    [L] game  84/100  (a1=P2)  raw=+1  agent1_result=-1
18:23:38    [L] game  85/100  (a1=P2)  raw=+1  agent1_result=-1
18:23:39    [L] game  86/100  (a1=P2)  raw=+1  agent1_result=-1
18:23:39    [L] game  87/100  (a1=P2)  raw=+1  agent1_result=-1
18:23:40    [L] game  88/100  (a1=P2)  raw=+1  agent1_result=-1
18:23:40    [L] game  89/100  (a1=P2)  raw=+1  agent1_result=-1
18:23:41    [L] game  90/100  (a1=P2)  raw=+1  agent1_result=-1
18:23:41    [L] game  91/100  (a1=P2)  raw=+1  agent1_result=-1
18:23:41    [L] game  92/100  (a1=P2)  raw=+1  agent1_result=-1
18:23:42    [L] game  93/100  (a1=P2)  raw=+1  agent1_result=-1
18:23:42    [L] game  94/100  (a1=P2)  raw=+1  agent1_result=-1
18:23:43    [W] game  95/100  (a1=P2)  raw=-1  agent1_result=+1
18:23:43    [L] game  96/100  (a1=P2)  raw=+1  agent1_result=-1
18:23:44    [L] game  97/100  (a1=P2)  raw=+1  agent1_result=-1
18:23:44    [L] game  98/100  (a1=P2)  raw=+1  agent1_result=-1
18:23:44    [L] game  99/100  (a1=P2)  raw=+1  agent1_result=-1
18:23:45    [L] game 100/100  (a1=P2)  raw=+1  agent1_result=-1
18:23:45  
──────────────────────────────────────────────────
  MCTS(100)            vs Greedy
  Games  : 100 / 100  (46.7s)
  Wins   :   5 (  5.0%)
  Draws  :   0 (  0.0%)
  Losses :  95 ( 95.0%)
──────────────────────────────────────────────────
