08:50:42  Starting 'RAVE(500,k=3000)_vs_MCTS(500)_100g' — 100 games (RAVE(500,k=3000) vs MCTS(500))
08:50:49    [W] game   1/100  (a1=P1)  raw=+1  a1=+1
08:50:59    [W] game   2/100  (a1=P1)  raw=+1  a1=+1
08:51:07    [W] game   3/100  (a1=P1)  raw=+1  a1=+1
08:51:14    [W] game   4/100  (a1=P1)  raw=+1  a1=+1
08:51:29    [W] game   5/100  (a1=P1)  raw=+1  a1=+1
08:51:40    [W] game   6/100  (a1=P1)  raw=+1  a1=+1
08:51:48    [W] game   7/100  (a1=P1)  raw=+1  a1=+1
08:51:59    [W] game   8/100  (a1=P1)  raw=+1  a1=+1
08:52:05    [L] game   9/100  (a1=P1)  raw=-1  a1=-1
08:52:13    [W] game  10/100  (a1=P1)  raw=+1  a1=+1
08:52:17    [W] game  11/100  (a1=P1)  raw=+1  a1=+1
08:52:23    [L] game  12/100  (a1=P1)  raw=-1  a1=-1
08:52:30    [W] game  13/100  (a1=P1)  raw=+1  a1=+1
08:52:38    [W] game  14/100  (a1=P1)  raw=+1  a1=+1
08:52:42    [L] game  15/100  (a1=P1)  raw=-1  a1=-1
08:52:49    [W] game  16/100  (a1=P1)  raw=+1  a1=+1
08:52:56    [L] game  17/100  (a1=P1)  raw=-1  a1=-1
08:53:02    [L] game  18/100  (a1=P1)  raw=-1  a1=-1
08:53:13    [W] game  19/100  (a1=P1)  raw=+1  a1=+1
08:53:20    [W] game  20/100  (a1=P1)  raw=+1  a1=+1
08:53:30    [W] game  21/100  (a1=P1)  raw=+1  a1=+1
08:53:42    [W] game  22/100  (a1=P1)  raw=+1  a1=+1
08:53:48    [L] game  23/100  (a1=P1)  raw=-1  a1=-1
08:53:54    [W] game  24/100  (a1=P1)  raw=+1  a1=+1
08:53:59    [L] game  25/100  (a1=P1)  raw=-1  a1=-1
08:54:09    [W] game  26/100  (a1=P1)  raw=+1  a1=+1
08:54:16    [W] game  27/100  (a1=P1)  raw=+1  a1=+1
08:54:24    [W] game  28/100  (a1=P1)  raw=+1  a1=+1
08:54:37    [W] game  29/100  (a1=P1)  raw=+1  a1=+1
08:54:50    [W] game  30/100  (a1=P1)  raw=+1  a1=+1
08:55:00    [W] game  31/100  (a1=P1)  raw=+1  a1=+1
08:55:06    [W] game  32/100  (a1=P1)  raw=+1  a1=+1
08:55:15    [W] game  33/100  (a1=P1)  raw=+1  a1=+1
08:55:21    [W] game  34/100  (a1=P1)  raw=+1  a1=+1
08:55:26    [W] game  35/100  (a1=P1)  raw=+1  a1=+1
08:55:39    [W] game  36/100  (a1=P1)  raw=+1  a1=+1
08:55:43    [L] game  37/100  (a1=P1)  raw=-1  a1=-1
08:55:48    [L] game  38/100  (a1=P1)  raw=-1  a1=-1
08:56:00    [W] game  39/100  (a1=P1)  raw=+1  a1=+1
08:56:10    [W] game  40/100  (a1=P1)  raw=+1  a1=+1
08:56:16    [L] game  41/100  (a1=P1)  raw=-1  a1=-1
08:56:24    [W] game  42/100  (a1=P1)  raw=+1  a1=+1
08:56:38    [W] game  43/100  (a1=P1)  raw=+1  a1=+1
08:56:51    [W] game  44/100  (a1=P1)  raw=+1  a1=+1
08:56:57    [L] game  45/100  (a1=P1)  raw=-1  a1=-1
08:57:05    [W] game  46/100  (a1=P1)  raw=+1  a1=+1
08:57:16    [L] game  47/100  (a1=P1)  raw=-1  a1=-1
08:57:35    [W] game  48/100  (a1=P1)  raw=+1  a1=+1
08:57:47    [W] game  49/100  (a1=P1)  raw=+1  a1=+1
08:57:55    [W] game  50/100  (a1=P1)  raw=+1  a1=+1
08:58:08    [W] game  51/100  (a1=P2)  raw=-1  a1=+1
08:58:14    [L] game  52/100  (a1=P2)  raw=+1  a1=-1
08:58:20    [L] game  53/100  (a1=P2)  raw=+1  a1=-1
08:58:24    [L] game  54/100  (a1=P2)  raw=+1  a1=-1
08:58:44    [W] game  55/100  (a1=P2)  raw=-1  a1=+1
08:58:52    [W] game  56/100  (a1=P2)  raw=-1  a1=+1
08:59:01    [L] game  57/100  (a1=P2)  raw=+1  a1=-1
08:59:08    [L] game  58/100  (a1=P2)  raw=+1  a1=-1
08:59:15    [L] game  59/100  (a1=P2)  raw=+1  a1=-1
08:59:22    [L] game  60/100  (a1=P2)  raw=+1  a1=-1
08:59:26    [W] game  61/100  (a1=P2)  raw=-1  a1=+1
08:59:34    [W] game  62/100  (a1=P2)  raw=-1  a1=+1
08:59:44    [W] game  63/100  (a1=P2)  raw=-1  a1=+1
08:59:53    [L] game  64/100  (a1=P2)  raw=+1  a1=-1
09:00:00    [L] game  65/100  (a1=P2)  raw=+1  a1=-1
09:00:09    [L] game  66/100  (a1=P2)  raw=+1  a1=-1
09:00:15    [L] game  67/100  (a1=P2)  raw=+1  a1=-1
09:00:23    [W] game  68/100  (a1=P2)  raw=-1  a1=+1
09:00:32    [L] game  69/100  (a1=P2)  raw=+1  a1=-1
09:00:39    [L] game  70/100  (a1=P2)  raw=+1  a1=-1
09:00:49    [L] game  71/100  (a1=P2)  raw=+1  a1=-1
09:00:56    [L] game  72/100  (a1=P2)  raw=+1  a1=-1
09:01:06    [W] game  73/100  (a1=P2)  raw=-1  a1=+1
09:01:11    [L] game  74/100  (a1=P2)  raw=+1  a1=-1
09:01:24    [L] game  75/100  (a1=P2)  raw=+1  a1=-1
09:01:33    [L] game  76/100  (a1=P2)  raw=+1  a1=-1
09:01:38    [L] game  77/100  (a1=P2)  raw=+1  a1=-1
09:01:46    [W] game  78/100  (a1=P2)  raw=-1  a1=+1
09:01:52    [L] game  79/100  (a1=P2)  raw=+1  a1=-1
09:02:00    [L] game  80/100  (a1=P2)  raw=+1  a1=-1
09:02:11    [L] game  81/100  (a1=P2)  raw=+1  a1=-1
09:02:19    [W] game  82/100  (a1=P2)  raw=-1  a1=+1
09:02:29    [W] game  83/100  (a1=P2)  raw=-1  a1=+1
09:02:36    [W] game  84/100  (a1=P2)  raw=-1  a1=+1
09:02:43    [L] game  85/100  (a1=P2)  raw=+1  a1=-1
09:02:54    [W] game  86/100  (a1=P2)  raw=-1  a1=+1
09:03:12    [L] game  87/100  (a1=P2)  raw=+1  a1=-1
09:03:27    [W] game  88/100  (a1=P2)  raw=-1  a1=+1
09:03:32    [L] game  89/100  (a1=P2)  raw=+1  a1=-1
09:03:40    [W] game  90/100  (a1=P2)  raw=-1  a1=+1
09:03:51    [W] game  91/100  (a1=P2)  raw=-1  a1=+1
09:04:00    [L] game  92/100  (a1=P2)  raw=+1  a1=-1
09:04:08    [L] game  93/100  (a1=P2)  raw=+1  a1=-1
09:04:15    [L] game  94/100  (a1=P2)  raw=+1  a1=-1
09:04:27    [L] game  95/100  (a1=P2)  raw=+1  a1=-1
09:04:35    [L] game  96/100  (a1=P2)  raw=+1  a1=-1
09:04:49    [W] game  97/100  (a1=P2)  raw=-1  a1=+1
09:05:00    [W] game  98/100  (a1=P2)  raw=-1  a1=+1
09:05:12    [W] game  99/100  (a1=P2)  raw=-1  a1=+1
09:05:25    [W] game 100/100  (a1=P2)  raw=-1  a1=+1
09:05:25  
──────────────────────────────────────────────────────
  RAVE(500,k=3000)          vs MCTS(500)
  Games  : 100/100  (883.6s)
  Wins   :  58 ( 58.0%)
  Draws  :   0 (  0.0%)
  Losses :  42 ( 42.0%)
──────────────────────────────────────────────────────
18:03:34  'RAVE(500,k=3000)_vs_MCTS(500)_100g' already complete — using cached result.
19:05:07  'RAVE(500,k=3000)_vs_MCTS(500)_100g' already complete — using cached result.
20:02:57  'RAVE(500,k=3000)_vs_MCTS(500)_100g' already complete — using cached result.
21:06:58  'RAVE(500,k=3000)_vs_MCTS(500)_100g' already complete — using cached result.
22:28:34  'RAVE(500,k=3000)_vs_MCTS(500)_100g' already complete — using cached result.
07:00:14  'RAVE(500,k=3000)_vs_MCTS(500)_100g' already complete — using cached result.
08:06:23  'RAVE(500,k=3000)_vs_MCTS(500)_100g' already complete — using cached result.
