19:35:22  Starting 'RAVE(1000,k=3000)_vs_GRAVE(500,k=300,t=25)_100g' — 100 games (RAVE(1000,k=3000) vs GRAVE(500,k=300,t=25))
19:35:38    [W] game   1/100  (a1=P1)  raw=+1  a1=+1
19:35:54    [W] game   2/100  (a1=P1)  raw=+1  a1=+1
19:36:05    [W] game   3/100  (a1=P1)  raw=+1  a1=+1
19:36:16    [L] game   4/100  (a1=P1)  raw=-1  a1=-1
19:36:47    [W] game   5/100  (a1=P1)  raw=+1  a1=+1
19:37:30    [W] game   6/100  (a1=P1)  raw=+1  a1=+1
19:37:56    [L] game   7/100  (a1=P1)  raw=-1  a1=-1
19:38:37    [W] game   8/100  (a1=P1)  raw=+1  a1=+1
19:38:56    [W] game   9/100  (a1=P1)  raw=+1  a1=+1
19:39:28    [W] game  10/100  (a1=P1)  raw=+1  a1=+1
19:39:54    [W] game  11/100  (a1=P1)  raw=+1  a1=+1
19:40:26    [W] game  12/100  (a1=P1)  raw=+1  a1=+1
19:40:58    [W] game  13/100  (a1=P1)  raw=+1  a1=+1
19:41:10    [W] game  14/100  (a1=P1)  raw=+1  a1=+1
19:41:18    [W] game  15/100  (a1=P1)  raw=+1  a1=+1
19:41:38    [W] game  16/100  (a1=P1)  raw=+1  a1=+1
19:41:47    [W] game  17/100  (a1=P1)  raw=+1  a1=+1
19:42:04    [W] game  18/100  (a1=P1)  raw=+1  a1=+1
19:43:00    [W] game  19/100  (a1=P1)  raw=+1  a1=+1
19:43:22    [W] game  20/100  (a1=P1)  raw=+1  a1=+1
19:43:37    [W] game  21/100  (a1=P1)  raw=+1  a1=+1
19:44:13    [W] game  22/100  (a1=P1)  raw=+1  a1=+1
19:44:30    [W] game  23/100  (a1=P1)  raw=+1  a1=+1
19:44:55    [W] game  24/100  (a1=P1)  raw=+1  a1=+1
19:45:05    [W] game  25/100  (a1=P1)  raw=+1  a1=+1
19:45:26    [W] game  26/100  (a1=P1)  raw=+1  a1=+1
19:45:40    [W] game  27/100  (a1=P1)  raw=+1  a1=+1
19:46:05    [W] game  28/100  (a1=P1)  raw=+1  a1=+1
19:46:40    [L] game  29/100  (a1=P1)  raw=-1  a1=-1
19:47:25    [W] game  30/100  (a1=P1)  raw=+1  a1=+1
19:48:10    [W] game  31/100  (a1=P1)  raw=+1  a1=+1
19:48:26    [W] game  32/100  (a1=P1)  raw=+1  a1=+1
19:48:38    [W] game  33/100  (a1=P1)  raw=+1  a1=+1
19:49:04    [W] game  34/100  (a1=P1)  raw=+1  a1=+1
19:49:13    [W] game  35/100  (a1=P1)  raw=+1  a1=+1
19:49:22    [W] game  36/100  (a1=P1)  raw=+1  a1=+1
19:49:39    [W] game  37/100  (a1=P1)  raw=+1  a1=+1
19:49:57    [L] game  38/100  (a1=P1)  raw=-1  a1=-1
19:50:37    [W] game  39/100  (a1=P1)  raw=+1  a1=+1
19:50:59    [W] game  40/100  (a1=P1)  raw=+1  a1=+1
19:51:20    [W] game  41/100  (a1=P1)  raw=+1  a1=+1
19:51:47    [L] game  42/100  (a1=P1)  raw=-1  a1=-1
19:52:08    [W] game  43/100  (a1=P1)  raw=+1  a1=+1
19:52:27    [W] game  44/100  (a1=P1)  raw=+1  a1=+1
19:52:34    [W] game  45/100  (a1=P1)  raw=+1  a1=+1
19:52:46    [W] game  46/100  (a1=P1)  raw=+1  a1=+1
19:53:25    [W] game  47/100  (a1=P1)  raw=+1  a1=+1
19:53:46    [W] game  48/100  (a1=P1)  raw=+1  a1=+1
19:54:17    [W] game  49/100  (a1=P1)  raw=+1  a1=+1
19:54:43    [W] game  50/100  (a1=P1)  raw=+1  a1=+1
19:55:05    [L] game  51/100  (a1=P2)  raw=+1  a1=-1
19:55:19    [L] game  52/100  (a1=P2)  raw=+1  a1=-1
19:56:01    [L] game  53/100  (a1=P2)  raw=+1  a1=-1
19:56:21    [W] game  54/100  (a1=P2)  raw=-1  a1=+1
19:56:43    [L] game  55/100  (a1=P2)  raw=+1  a1=-1
19:57:06    [W] game  56/100  (a1=P2)  raw=-1  a1=+1
19:57:20    [W] game  57/100  (a1=P2)  raw=-1  a1=+1
19:57:58    [W] game  58/100  (a1=P2)  raw=-1  a1=+1
19:58:14    [L] game  59/100  (a1=P2)  raw=+1  a1=-1
19:58:29    [W] game  60/100  (a1=P2)  raw=-1  a1=+1
19:58:40    [W] game  61/100  (a1=P2)  raw=-1  a1=+1
19:58:57    [L] game  62/100  (a1=P2)  raw=+1  a1=-1
19:59:22    [W] game  63/100  (a1=P2)  raw=-1  a1=+1
19:59:42    [W] game  64/100  (a1=P2)  raw=-1  a1=+1
20:00:02    [L] game  65/100  (a1=P2)  raw=+1  a1=-1
20:00:17    [W] game  66/100  (a1=P2)  raw=-1  a1=+1
20:00:32    [W] game  67/100  (a1=P2)  raw=-1  a1=+1
20:00:43    [W] game  68/100  (a1=P2)  raw=-1  a1=+1
20:02:58  Resuming 'RAVE(1000,k=3000)_vs_GRAVE(500,k=300,t=25)_100g' — 68/100 done.
20:03:11    [L] game  69/100  (a1=P2)  raw=+1  a1=-1
20:03:20    [L] game  70/100  (a1=P2)  raw=+1  a1=-1
20:03:35    [W] game  71/100  (a1=P2)  raw=-1  a1=+1
20:03:46    [W] game  72/100  (a1=P2)  raw=-1  a1=+1
20:04:05    [W] game  73/100  (a1=P2)  raw=-1  a1=+1
20:04:40    [L] game  74/100  (a1=P2)  raw=+1  a1=-1
20:04:53    [L] game  75/100  (a1=P2)  raw=+1  a1=-1
20:05:02    [L] game  76/100  (a1=P2)  raw=+1  a1=-1
20:05:13    [W] game  77/100  (a1=P2)  raw=-1  a1=+1
20:05:27    [L] game  78/100  (a1=P2)  raw=+1  a1=-1
20:05:41    [L] game  79/100  (a1=P2)  raw=+1  a1=-1
20:06:08    [W] game  80/100  (a1=P2)  raw=-1  a1=+1
20:06:15    [W] game  81/100  (a1=P2)  raw=-1  a1=+1
20:06:27    [L] game  82/100  (a1=P2)  raw=+1  a1=-1
20:06:42    [W] game  83/100  (a1=P2)  raw=-1  a1=+1
20:06:55    [L] game  84/100  (a1=P2)  raw=+1  a1=-1
20:07:09    [W] game  85/100  (a1=P2)  raw=-1  a1=+1
20:07:32    [L] game  86/100  (a1=P2)  raw=+1  a1=-1
20:07:49    [L] game  87/100  (a1=P2)  raw=+1  a1=-1
20:08:06    [W] game  88/100  (a1=P2)  raw=-1  a1=+1
20:08:19    [L] game  89/100  (a1=P2)  raw=+1  a1=-1
20:08:37    [W] game  90/100  (a1=P2)  raw=-1  a1=+1
20:08:47    [L] game  91/100  (a1=P2)  raw=+1  a1=-1
20:08:57    [W] game  92/100  (a1=P2)  raw=-1  a1=+1
20:09:14    [W] game  93/100  (a1=P2)  raw=-1  a1=+1
20:09:28    [L] game  94/100  (a1=P2)  raw=+1  a1=-1
20:09:38    [W] game  95/100  (a1=P2)  raw=-1  a1=+1
20:09:57    [W] game  96/100  (a1=P2)  raw=-1  a1=+1
20:10:15    [W] game  97/100  (a1=P2)  raw=-1  a1=+1
20:10:25    [W] game  98/100  (a1=P2)  raw=-1  a1=+1
20:10:32    [L] game  99/100  (a1=P2)  raw=+1  a1=-1
20:10:43    [W] game 100/100  (a1=P2)  raw=-1  a1=+1
20:10:43  
──────────────────────────────────────────────────────
  RAVE(1000,k=3000)         vs GRAVE(500,k=300,t=25)
  Games  : 100/100  (465.1s)
  Wins   :  73 ( 73.0%)
  Draws  :   0 (  0.0%)
  Losses :  27 ( 27.0%)
──────────────────────────────────────────────────────
21:06:58  'RAVE(1000,k=3000)_vs_GRAVE(500,k=300,t=25)_100g' already complete — using cached result.
22:28:35  'RAVE(1000,k=3000)_vs_GRAVE(500,k=300,t=25)_100g' already complete — using cached result.
07:00:14  'RAVE(1000,k=3000)_vs_GRAVE(500,k=300,t=25)_100g' already complete — using cached result.
08:06:23  'RAVE(1000,k=3000)_vs_GRAVE(500,k=300,t=25)_100g' already complete — using cached result.
