07:55:41  Starting 'RAVE(500,k=300)_vs_MCTS(500)_100g' — 100 games  (RAVE(500,k=300) vs MCTS(500))
07:55:53    [W] game   1/100  (a1=P1)  raw=+1  agent1_result=+1
07:56:01    [W] game   2/100  (a1=P1)  raw=+1  agent1_result=+1
07:56:12    [L] game   3/100  (a1=P1)  raw=-1  agent1_result=-1
07:56:24    [W] game   4/100  (a1=P1)  raw=+1  agent1_result=+1
07:56:40    [L] game   5/100  (a1=P1)  raw=-1  agent1_result=-1
07:56:59    [W] game   6/100  (a1=P1)  raw=+1  agent1_result=+1
07:57:25    [L] game   7/100  (a1=P1)  raw=-1  agent1_result=-1
07:57:33    [L] game   8/100  (a1=P1)  raw=-1  agent1_result=-1
07:57:42    [W] game   9/100  (a1=P1)  raw=+1  agent1_result=+1
07:57:46    [W] game  10/100  (a1=P1)  raw=+1  agent1_result=+1
07:57:51    [W] game  11/100  (a1=P1)  raw=+1  agent1_result=+1
07:57:57    [L] game  12/100  (a1=P1)  raw=-1  agent1_result=-1
07:58:04    [W] game  13/100  (a1=P1)  raw=+1  agent1_result=+1
07:58:20    [W] game  14/100  (a1=P1)  raw=+1  agent1_result=+1
07:58:29    [W] game  15/100  (a1=P1)  raw=+1  agent1_result=+1
07:58:36    [W] game  16/100  (a1=P1)  raw=+1  agent1_result=+1
07:58:46    [L] game  17/100  (a1=P1)  raw=-1  agent1_result=-1
07:58:53    [W] game  18/100  (a1=P1)  raw=+1  agent1_result=+1
07:59:02    [L] game  19/100  (a1=P1)  raw=-1  agent1_result=-1
07:59:11    [W] game  20/100  (a1=P1)  raw=+1  agent1_result=+1
07:59:22    [W] game  21/100  (a1=P1)  raw=+1  agent1_result=+1
07:59:27    [W] game  22/100  (a1=P1)  raw=+1  agent1_result=+1
07:59:32    [W] game  23/100  (a1=P1)  raw=+1  agent1_result=+1
07:59:46    [L] game  24/100  (a1=P1)  raw=-1  agent1_result=-1
07:59:58    [L] game  25/100  (a1=P1)  raw=-1  agent1_result=-1
08:00:07    [W] game  26/100  (a1=P1)  raw=+1  agent1_result=+1
08:00:11    [L] game  27/100  (a1=P1)  raw=-1  agent1_result=-1
08:00:16    [L] game  28/100  (a1=P1)  raw=-1  agent1_result=-1
08:00:25    [W] game  29/100  (a1=P1)  raw=+1  agent1_result=+1
08:00:31    [W] game  30/100  (a1=P1)  raw=+1  agent1_result=+1
08:00:41    [W] game  31/100  (a1=P1)  raw=+1  agent1_result=+1
08:00:53    [L] game  32/100  (a1=P1)  raw=-1  agent1_result=-1
08:01:02    [W] game  33/100  (a1=P1)  raw=+1  agent1_result=+1
08:01:08    [W] game  34/100  (a1=P1)  raw=+1  agent1_result=+1
08:01:23    [W] game  35/100  (a1=P1)  raw=+1  agent1_result=+1
08:01:31    [W] game  36/100  (a1=P1)  raw=+1  agent1_result=+1
08:01:42    [W] game  37/100  (a1=P1)  raw=+1  agent1_result=+1
08:01:52    [L] game  38/100  (a1=P1)  raw=-1  agent1_result=-1
08:02:08    [W] game  39/100  (a1=P1)  raw=+1  agent1_result=+1
08:02:18    [L] game  40/100  (a1=P1)  raw=-1  agent1_result=-1
08:02:26    [W] game  41/100  (a1=P1)  raw=+1  agent1_result=+1
08:02:36    [L] game  42/100  (a1=P1)  raw=-1  agent1_result=-1
08:02:44    [W] game  43/100  (a1=P1)  raw=+1  agent1_result=+1
08:02:55    [L] game  44/100  (a1=P1)  raw=-1  agent1_result=-1
08:03:02    [W] game  45/100  (a1=P1)  raw=+1  agent1_result=+1
08:03:11    [W] game  46/100  (a1=P1)  raw=+1  agent1_result=+1
08:03:18    [W] game  47/100  (a1=P1)  raw=+1  agent1_result=+1
08:03:27    [L] game  48/100  (a1=P1)  raw=-1  agent1_result=-1
08:03:38    [L] game  49/100  (a1=P1)  raw=-1  agent1_result=-1
08:03:49    [W] game  50/100  (a1=P1)  raw=+1  agent1_result=+1
08:03:57    [L] game  51/100  (a1=P2)  raw=+1  agent1_result=-1
08:04:09    [W] game  52/100  (a1=P2)  raw=-1  agent1_result=+1
08:04:24    [W] game  53/100  (a1=P2)  raw=-1  agent1_result=+1
08:04:46    [W] game  54/100  (a1=P2)  raw=-1  agent1_result=+1
08:04:55    [L] game  55/100  (a1=P2)  raw=+1  agent1_result=-1
08:05:03    [L] game  56/100  (a1=P2)  raw=+1  agent1_result=-1
08:05:10    [L] game  57/100  (a1=P2)  raw=+1  agent1_result=-1
08:05:23    [L] game  58/100  (a1=P2)  raw=+1  agent1_result=-1
08:05:31    [L] game  59/100  (a1=P2)  raw=+1  agent1_result=-1
08:05:40    [L] game  60/100  (a1=P2)  raw=+1  agent1_result=-1
08:05:50    [L] game  61/100  (a1=P2)  raw=+1  agent1_result=-1
08:06:02    [W] game  62/100  (a1=P2)  raw=-1  agent1_result=+1
08:06:12    [W] game  63/100  (a1=P2)  raw=-1  agent1_result=+1
08:06:19    [L] game  64/100  (a1=P2)  raw=+1  agent1_result=-1
08:06:33    [L] game  65/100  (a1=P2)  raw=+1  agent1_result=-1
08:06:41    [W] game  66/100  (a1=P2)  raw=-1  agent1_result=+1
08:06:49    [L] game  67/100  (a1=P2)  raw=+1  agent1_result=-1
08:06:58    [L] game  68/100  (a1=P2)  raw=+1  agent1_result=-1
08:07:08    [L] game  69/100  (a1=P2)  raw=+1  agent1_result=-1
08:07:15    [W] game  70/100  (a1=P2)  raw=-1  agent1_result=+1
08:07:33    [W] game  71/100  (a1=P2)  raw=-1  agent1_result=+1
08:07:49    [L] game  72/100  (a1=P2)  raw=+1  agent1_result=-1
08:07:59    [W] game  73/100  (a1=P2)  raw=-1  agent1_result=+1
08:08:09    [W] game  74/100  (a1=P2)  raw=-1  agent1_result=+1
08:08:25    [W] game  75/100  (a1=P2)  raw=-1  agent1_result=+1
08:08:40    [W] game  76/100  (a1=P2)  raw=-1  agent1_result=+1
08:08:52    [L] game  77/100  (a1=P2)  raw=+1  agent1_result=-1
08:09:01    [L] game  78/100  (a1=P2)  raw=+1  agent1_result=-1
08:09:08    [W] game  79/100  (a1=P2)  raw=-1  agent1_result=+1
08:09:15    [L] game  80/100  (a1=P2)  raw=+1  agent1_result=-1
08:09:22    [W] game  81/100  (a1=P2)  raw=-1  agent1_result=+1
08:09:27    [L] game  82/100  (a1=P2)  raw=+1  agent1_result=-1
08:09:36    [W] game  83/100  (a1=P2)  raw=-1  agent1_result=+1
08:09:46    [L] game  84/100  (a1=P2)  raw=+1  agent1_result=-1
08:09:57    [W] game  85/100  (a1=P2)  raw=-1  agent1_result=+1
08:10:12    [L] game  86/100  (a1=P2)  raw=+1  agent1_result=-1
08:10:22    [L] game  87/100  (a1=P2)  raw=+1  agent1_result=-1
08:10:27    [L] game  88/100  (a1=P2)  raw=+1  agent1_result=-1
08:10:41    [L] game  89/100  (a1=P2)  raw=+1  agent1_result=-1
08:10:50    [L] game  90/100  (a1=P2)  raw=+1  agent1_result=-1
08:11:02    [W] game  91/100  (a1=P2)  raw=-1  agent1_result=+1
08:11:24    [L] game  92/100  (a1=P2)  raw=+1  agent1_result=-1
08:11:40    [W] game  93/100  (a1=P2)  raw=-1  agent1_result=+1
08:11:54    [L] game  94/100  (a1=P2)  raw=+1  agent1_result=-1
08:12:07    [L] game  95/100  (a1=P2)  raw=+1  agent1_result=-1
08:12:15    [L] game  96/100  (a1=P2)  raw=+1  agent1_result=-1
08:12:24    [L] game  97/100  (a1=P2)  raw=+1  agent1_result=-1
08:12:33    [L] game  98/100  (a1=P2)  raw=+1  agent1_result=-1
08:12:41    [W] game  99/100  (a1=P2)  raw=-1  agent1_result=+1
08:12:49    [W] game 100/100  (a1=P2)  raw=-1  agent1_result=+1
08:12:49  
──────────────────────────────────────────────────
  RAVE(500,k=300)      vs MCTS(500)
  Games  : 100 / 100  (1028.2s)
  Wins   :  52 ( 52.0%)
  Draws  :   0 (  0.0%)
  Losses :  48 ( 48.0%)
──────────────────────────────────────────────────
