11:55:46  Starting 'RAVE(500,k=10000)_vs_MCTS(500)_50g' — 50 games (RAVE(500,k=10000) vs MCTS(500))
11:55:55    [W] game   1/50  (a1=P1)  raw=+1  a1=+1
11:56:03    [L] game   2/50  (a1=P1)  raw=-1  a1=-1
11:56:08    [W] game   3/50  (a1=P1)  raw=+1  a1=+1
11:56:15    [W] game   4/50  (a1=P1)  raw=+1  a1=+1
11:56:22    [L] game   5/50  (a1=P1)  raw=-1  a1=-1
11:56:30    [W] game   6/50  (a1=P1)  raw=+1  a1=+1
11:56:37    [W] game   7/50  (a1=P1)  raw=+1  a1=+1
11:56:42    [W] game   8/50  (a1=P1)  raw=+1  a1=+1
11:56:48    [W] game   9/50  (a1=P1)  raw=+1  a1=+1
11:56:59    [W] game  10/50  (a1=P1)  raw=+1  a1=+1
11:57:09    [W] game  11/50  (a1=P1)  raw=+1  a1=+1
11:57:24    [L] game  12/50  (a1=P1)  raw=-1  a1=-1
11:57:33    [L] game  13/50  (a1=P1)  raw=-1  a1=-1
11:57:41    [W] game  14/50  (a1=P1)  raw=+1  a1=+1
11:57:53    [W] game  15/50  (a1=P1)  raw=+1  a1=+1
11:58:01    [W] game  16/50  (a1=P1)  raw=+1  a1=+1
11:58:11    [W] game  17/50  (a1=P1)  raw=+1  a1=+1
11:58:17    [L] game  18/50  (a1=P1)  raw=-1  a1=-1
11:58:25    [L] game  19/50  (a1=P1)  raw=-1  a1=-1
11:58:33    [W] game  20/50  (a1=P1)  raw=+1  a1=+1
11:58:44    [L] game  21/50  (a1=P1)  raw=-1  a1=-1
11:58:50    [L] game  22/50  (a1=P1)  raw=-1  a1=-1
11:58:55    [L] game  23/50  (a1=P1)  raw=-1  a1=-1
11:59:09    [L] game  24/50  (a1=P1)  raw=-1  a1=-1
11:59:21    [W] game  25/50  (a1=P1)  raw=+1  a1=+1
11:59:28    [L] game  26/50  (a1=P2)  raw=+1  a1=-1
11:59:41    [W] game  27/50  (a1=P2)  raw=-1  a1=+1
11:59:53    [L] game  28/50  (a1=P2)  raw=+1  a1=-1
12:00:05    [W] game  29/50  (a1=P2)  raw=-1  a1=+1
12:00:12    [L] game  30/50  (a1=P2)  raw=+1  a1=-1
12:00:21    [W] game  31/50  (a1=P2)  raw=-1  a1=+1
12:00:28    [L] game  32/50  (a1=P2)  raw=+1  a1=-1
12:00:35    [L] game  33/50  (a1=P2)  raw=+1  a1=-1
12:00:43    [L] game  34/50  (a1=P2)  raw=+1  a1=-1
12:21:14  Resuming 'RAVE(500,k=10000)_vs_MCTS(500)_50g' — 34/50 done.
12:21:31    [L] game  35/50  (a1=P2)  raw=+1  a1=-1
12:21:39    [W] game  36/50  (a1=P2)  raw=-1  a1=+1
12:21:54    [W] game  37/50  (a1=P2)  raw=-1  a1=+1
12:22:02    [L] game  38/50  (a1=P2)  raw=+1  a1=-1
12:22:11    [W] game  39/50  (a1=P2)  raw=-1  a1=+1
12:22:21    [L] game  40/50  (a1=P2)  raw=+1  a1=-1
12:22:29    [L] game  41/50  (a1=P2)  raw=+1  a1=-1
12:22:36    [L] game  42/50  (a1=P2)  raw=+1  a1=-1
12:22:45    [W] game  43/50  (a1=P2)  raw=-1  a1=+1
12:22:50    [L] game  44/50  (a1=P2)  raw=+1  a1=-1
12:22:58    [W] game  45/50  (a1=P2)  raw=-1  a1=+1
12:23:04    [W] game  46/50  (a1=P2)  raw=-1  a1=+1
12:23:10    [L] game  47/50  (a1=P2)  raw=+1  a1=-1
12:23:20    [W] game  48/50  (a1=P2)  raw=-1  a1=+1
12:23:29    [W] game  49/50  (a1=P2)  raw=-1  a1=+1
12:23:37    [L] game  50/50  (a1=P2)  raw=+1  a1=-1
12:23:37  
──────────────────────────────────────────────────────
  RAVE(500,k=10000)         vs MCTS(500)
  Games  : 50/50  (143.5s)
  Wins   :  26 ( 52.0%)
  Draws  :   0 (  0.0%)
  Losses :  24 ( 48.0%)
──────────────────────────────────────────────────────
18:03:34  'RAVE(500,k=10000)_vs_MCTS(500)_50g' already complete — using cached result.
19:05:07  'RAVE(500,k=10000)_vs_MCTS(500)_50g' already complete — using cached result.
20:02:57  'RAVE(500,k=10000)_vs_MCTS(500)_50g' already complete — using cached result.
21:06:58  'RAVE(500,k=10000)_vs_MCTS(500)_50g' already complete — using cached result.
22:28:34  'RAVE(500,k=10000)_vs_MCTS(500)_50g' already complete — using cached result.
07:00:14  'RAVE(500,k=10000)_vs_MCTS(500)_50g' already complete — using cached result.
08:06:23  'RAVE(500,k=10000)_vs_MCTS(500)_50g' already complete — using cached result.
