16:48:25  Starting 'RAVE(1000,k=3000)_vs_GRAVE(1000,k=300,t=5)_100g' — 100 games (RAVE(1000,k=3000) vs GRAVE(1000,k=300,t=5))
16:49:09    [W] game   1/100  (a1=P1)  raw=+1  a1=+1
16:49:57    [W] game   2/100  (a1=P1)  raw=+1  a1=+1
16:50:16    [W] game   3/100  (a1=P1)  raw=+1  a1=+1
16:50:41    [W] game   4/100  (a1=P1)  raw=+1  a1=+1
16:51:22    [W] game   5/100  (a1=P1)  raw=+1  a1=+1
16:52:05    [W] game   6/100  (a1=P1)  raw=+1  a1=+1
16:52:50    [L] game   7/100  (a1=P1)  raw=-1  a1=-1
16:53:18    [W] game   8/100  (a1=P1)  raw=+1  a1=+1
16:53:33    [W] game   9/100  (a1=P1)  raw=+1  a1=+1
16:54:03    [W] game  10/100  (a1=P1)  raw=+1  a1=+1
16:54:28    [W] game  11/100  (a1=P1)  raw=+1  a1=+1
16:54:41    [L] game  12/100  (a1=P1)  raw=-1  a1=-1
16:55:10    [W] game  13/100  (a1=P1)  raw=+1  a1=+1
16:55:23    [W] game  14/100  (a1=P1)  raw=+1  a1=+1
16:55:41    [W] game  15/100  (a1=P1)  raw=+1  a1=+1
16:56:09    [W] game  16/100  (a1=P1)  raw=+1  a1=+1
16:56:41    [W] game  17/100  (a1=P1)  raw=+1  a1=+1
16:56:52    [L] game  18/100  (a1=P1)  raw=-1  a1=-1
16:57:03    [L] game  19/100  (a1=P1)  raw=-1  a1=-1
16:57:28    [W] game  20/100  (a1=P1)  raw=+1  a1=+1
16:57:45    [W] game  21/100  (a1=P1)  raw=+1  a1=+1
16:58:19    [W] game  22/100  (a1=P1)  raw=+1  a1=+1
16:58:42    [W] game  23/100  (a1=P1)  raw=+1  a1=+1
16:58:52    [L] game  24/100  (a1=P1)  raw=-1  a1=-1
16:59:11    [W] game  25/100  (a1=P1)  raw=+1  a1=+1
16:59:33    [W] game  26/100  (a1=P1)  raw=+1  a1=+1
16:59:55    [W] game  27/100  (a1=P1)  raw=+1  a1=+1
17:00:29    [W] game  28/100  (a1=P1)  raw=+1  a1=+1
17:00:57    [W] game  29/100  (a1=P1)  raw=+1  a1=+1
17:01:12    [L] game  30/100  (a1=P1)  raw=-1  a1=-1
17:01:31    [W] game  31/100  (a1=P1)  raw=+1  a1=+1
10:43:10  Resuming 'RAVE(1000,k=3000)_vs_GRAVE(1000,k=300,t=5)_100g' — 31/100 games already done.
10:44:06    [W] game  32/100  (a1=P1)  raw=+1  agent1_result=+1
10:44:27    [W] game  33/100  (a1=P1)  raw=+1  agent1_result=+1
10:45:14    [L] game  34/100  (a1=P1)  raw=-1  agent1_result=-1
10:46:03    [W] game  35/100  (a1=P1)  raw=+1  agent1_result=+1
10:46:33    [W] game  36/100  (a1=P1)  raw=+1  agent1_result=+1
10:47:22    [W] game  37/100  (a1=P1)  raw=+1  agent1_result=+1
10:47:51    [W] game  38/100  (a1=P1)  raw=+1  agent1_result=+1
10:48:12    [L] game  39/100  (a1=P1)  raw=-1  agent1_result=-1
10:48:28    [W] game  40/100  (a1=P1)  raw=+1  agent1_result=+1
10:49:17    [W] game  41/100  (a1=P1)  raw=+1  agent1_result=+1
10:49:55    [W] game  42/100  (a1=P1)  raw=+1  agent1_result=+1
10:50:16    [L] game  43/100  (a1=P1)  raw=-1  agent1_result=-1
10:50:45    [W] game  44/100  (a1=P1)  raw=+1  agent1_result=+1
10:51:10    [W] game  45/100  (a1=P1)  raw=+1  agent1_result=+1
10:51:33    [W] game  46/100  (a1=P1)  raw=+1  agent1_result=+1
10:52:03    [L] game  47/100  (a1=P1)  raw=-1  agent1_result=-1
10:52:24    [W] game  48/100  (a1=P1)  raw=+1  agent1_result=+1
10:53:22    [W] game  49/100  (a1=P1)  raw=+1  agent1_result=+1
10:53:53    [W] game  50/100  (a1=P1)  raw=+1  agent1_result=+1
10:54:05    [L] game  51/100  (a1=P2)  raw=+1  agent1_result=-1
10:54:59    [W] game  52/100  (a1=P2)  raw=-1  agent1_result=+1
10:55:24    [L] game  53/100  (a1=P2)  raw=+1  agent1_result=-1
10:55:37    [L] game  54/100  (a1=P2)  raw=+1  agent1_result=-1
10:56:22    [W] game  55/100  (a1=P2)  raw=-1  agent1_result=+1
10:56:56    [L] game  56/100  (a1=P2)  raw=+1  agent1_result=-1
10:57:06    [L] game  57/100  (a1=P2)  raw=+1  agent1_result=-1
10:57:31    [W] game  58/100  (a1=P2)  raw=-1  agent1_result=+1
10:57:47    [W] game  59/100  (a1=P2)  raw=-1  agent1_result=+1
10:58:20    [L] game  60/100  (a1=P2)  raw=+1  agent1_result=-1
10:58:44    [W] game  61/100  (a1=P2)  raw=-1  agent1_result=+1
10:59:34    [W] game  62/100  (a1=P2)  raw=-1  agent1_result=+1
10:59:57    [W] game  63/100  (a1=P2)  raw=-1  agent1_result=+1
11:00:54    [L] game  64/100  (a1=P2)  raw=+1  agent1_result=-1
11:01:43    [W] game  65/100  (a1=P2)  raw=-1  agent1_result=+1
11:03:04    [L] game  66/100  (a1=P2)  raw=+1  agent1_result=-1
11:03:40    [W] game  67/100  (a1=P2)  raw=-1  agent1_result=+1
11:04:11    [W] game  68/100  (a1=P2)  raw=-1  agent1_result=+1
11:04:34    [W] game  69/100  (a1=P2)  raw=-1  agent1_result=+1
11:05:07    [W] game  70/100  (a1=P2)  raw=-1  agent1_result=+1
11:05:28    [W] game  71/100  (a1=P2)  raw=-1  agent1_result=+1
11:05:50    [L] game  72/100  (a1=P2)  raw=+1  agent1_result=-1
11:06:06    [W] game  73/100  (a1=P2)  raw=-1  agent1_result=+1
11:06:49    [W] game  74/100  (a1=P2)  raw=-1  agent1_result=+1
11:07:21    [W] game  75/100  (a1=P2)  raw=-1  agent1_result=+1
11:07:47    [W] game  76/100  (a1=P2)  raw=-1  agent1_result=+1
11:08:31    [L] game  77/100  (a1=P2)  raw=+1  agent1_result=-1
11:08:49    [L] game  78/100  (a1=P2)  raw=+1  agent1_result=-1
11:09:41    [W] game  79/100  (a1=P2)  raw=-1  agent1_result=+1
11:09:57    [L] game  80/100  (a1=P2)  raw=+1  agent1_result=-1
11:10:34    [W] game  81/100  (a1=P2)  raw=-1  agent1_result=+1
11:11:07    [W] game  82/100  (a1=P2)  raw=-1  agent1_result=+1
11:11:20    [L] game  83/100  (a1=P2)  raw=+1  agent1_result=-1
11:12:06    [W] game  84/100  (a1=P2)  raw=-1  agent1_result=+1
11:12:27    [L] game  85/100  (a1=P2)  raw=+1  agent1_result=-1
11:12:56    [L] game  86/100  (a1=P2)  raw=+1  agent1_result=-1
11:13:10    [L] game  87/100  (a1=P2)  raw=+1  agent1_result=-1
11:13:40    [W] game  88/100  (a1=P2)  raw=-1  agent1_result=+1
11:14:17    [W] game  89/100  (a1=P2)  raw=-1  agent1_result=+1
11:14:56    [L] game  90/100  (a1=P2)  raw=+1  agent1_result=-1
11:15:43    [W] game  91/100  (a1=P2)  raw=-1  agent1_result=+1
11:16:15    [W] game  92/100  (a1=P2)  raw=-1  agent1_result=+1
11:16:38    [W] game  93/100  (a1=P2)  raw=-1  agent1_result=+1
11:16:56    [W] game  94/100  (a1=P2)  raw=-1  agent1_result=+1
11:17:11    [W] game  95/100  (a1=P2)  raw=-1  agent1_result=+1
11:17:24    [L] game  96/100  (a1=P2)  raw=+1  agent1_result=-1
11:17:40    [L] game  97/100  (a1=P2)  raw=+1  agent1_result=-1
11:18:04    [W] game  98/100  (a1=P2)  raw=-1  agent1_result=+1
11:18:23    [W] game  99/100  (a1=P2)  raw=-1  agent1_result=+1
11:18:36    [W] game 100/100  (a1=P2)  raw=-1  agent1_result=+1
11:18:36  
──────────────────────────────────────────────────
  RAVE(1000,k=3000)    vs GRAVE(1000,k=300,t=5)
  Games  : 100 / 100  (2125.7s)
  Wins   :  71 ( 71.0%)
  Draws  :   0 (  0.0%)
  Losses :  29 ( 29.0%)
──────────────────────────────────────────────────
