18:53:37  Starting 'RAVE(1000,k=3000)_vs_GRAVE(500,k=300,t=2)_100g' — 100 games (RAVE(1000,k=3000) vs GRAVE(500,k=300,t=2))
18:54:08    [L] game   1/100  (a1=P1)  raw=-1  a1=-1
18:54:30    [W] game   2/100  (a1=P1)  raw=+1  a1=+1
18:55:14    [W] game   3/100  (a1=P1)  raw=+1  a1=+1
18:56:03    [W] game   4/100  (a1=P1)  raw=+1  a1=+1
18:56:53    [W] game   5/100  (a1=P1)  raw=+1  a1=+1
18:57:27    [W] game   6/100  (a1=P1)  raw=+1  a1=+1
18:57:59    [W] game   7/100  (a1=P1)  raw=+1  a1=+1
18:58:21    [W] game   8/100  (a1=P1)  raw=+1  a1=+1
18:58:46    [W] game   9/100  (a1=P1)  raw=+1  a1=+1
18:59:14    [W] game  10/100  (a1=P1)  raw=+1  a1=+1
18:59:38    [W] game  11/100  (a1=P1)  raw=+1  a1=+1
19:00:13    [W] game  12/100  (a1=P1)  raw=+1  a1=+1
19:00:40    [W] game  13/100  (a1=P1)  raw=+1  a1=+1
19:05:07  Resuming 'RAVE(1000,k=3000)_vs_GRAVE(500,k=300,t=2)_100g' — 13/100 done.
19:05:40    [W] game  14/100  (a1=P1)  raw=+1  a1=+1
19:05:56    [W] game  15/100  (a1=P1)  raw=+1  a1=+1
19:06:11    [W] game  16/100  (a1=P1)  raw=+1  a1=+1
19:06:19    [W] game  17/100  (a1=P1)  raw=+1  a1=+1
19:06:34    [W] game  18/100  (a1=P1)  raw=+1  a1=+1
19:06:42    [W] game  19/100  (a1=P1)  raw=+1  a1=+1
19:07:00    [W] game  20/100  (a1=P1)  raw=+1  a1=+1
19:07:21    [W] game  21/100  (a1=P1)  raw=+1  a1=+1
19:07:40    [W] game  22/100  (a1=P1)  raw=+1  a1=+1
19:07:50    [W] game  23/100  (a1=P1)  raw=+1  a1=+1
19:08:10    [W] game  24/100  (a1=P1)  raw=+1  a1=+1
19:08:34    [W] game  25/100  (a1=P1)  raw=+1  a1=+1
19:09:00    [W] game  26/100  (a1=P1)  raw=+1  a1=+1
19:09:23    [L] game  27/100  (a1=P1)  raw=-1  a1=-1
19:09:41    [W] game  28/100  (a1=P1)  raw=+1  a1=+1
19:09:51    [L] game  29/100  (a1=P1)  raw=-1  a1=-1
19:10:12    [W] game  30/100  (a1=P1)  raw=+1  a1=+1
19:10:54    [W] game  31/100  (a1=P1)  raw=+1  a1=+1
19:11:13    [W] game  32/100  (a1=P1)  raw=+1  a1=+1
19:11:28    [L] game  33/100  (a1=P1)  raw=-1  a1=-1
19:11:48    [W] game  34/100  (a1=P1)  raw=+1  a1=+1
19:12:30    [W] game  35/100  (a1=P1)  raw=+1  a1=+1
19:12:47    [W] game  36/100  (a1=P1)  raw=+1  a1=+1
19:13:05    [W] game  37/100  (a1=P1)  raw=+1  a1=+1
19:13:23    [W] game  38/100  (a1=P1)  raw=+1  a1=+1
19:13:38    [L] game  39/100  (a1=P1)  raw=-1  a1=-1
19:13:58    [L] game  40/100  (a1=P1)  raw=-1  a1=-1
19:14:07    [L] game  41/100  (a1=P1)  raw=-1  a1=-1
19:14:26    [W] game  42/100  (a1=P1)  raw=+1  a1=+1
19:14:41    [W] game  43/100  (a1=P1)  raw=+1  a1=+1
19:14:59    [W] game  44/100  (a1=P1)  raw=+1  a1=+1
19:15:13    [W] game  45/100  (a1=P1)  raw=+1  a1=+1
19:15:45    [W] game  46/100  (a1=P1)  raw=+1  a1=+1
19:16:22    [W] game  47/100  (a1=P1)  raw=+1  a1=+1
19:16:47    [W] game  48/100  (a1=P1)  raw=+1  a1=+1
19:17:03    [W] game  49/100  (a1=P1)  raw=+1  a1=+1
19:17:21    [W] game  50/100  (a1=P1)  raw=+1  a1=+1
19:17:40    [W] game  51/100  (a1=P2)  raw=-1  a1=+1
19:17:57    [W] game  52/100  (a1=P2)  raw=-1  a1=+1
19:18:34    [W] game  53/100  (a1=P2)  raw=-1  a1=+1
19:19:04    [L] game  54/100  (a1=P2)  raw=+1  a1=-1
19:19:25    [W] game  55/100  (a1=P2)  raw=-1  a1=+1
19:19:46    [L] game  56/100  (a1=P2)  raw=+1  a1=-1
19:20:19    [W] game  57/100  (a1=P2)  raw=-1  a1=+1
19:20:51    [W] game  58/100  (a1=P2)  raw=-1  a1=+1
19:21:04    [W] game  59/100  (a1=P2)  raw=-1  a1=+1
19:21:32    [W] game  60/100  (a1=P2)  raw=-1  a1=+1
19:21:48    [W] game  61/100  (a1=P2)  raw=-1  a1=+1
19:22:03    [W] game  62/100  (a1=P2)  raw=-1  a1=+1
19:22:22    [L] game  63/100  (a1=P2)  raw=+1  a1=-1
19:22:48    [W] game  64/100  (a1=P2)  raw=-1  a1=+1
19:23:03    [L] game  65/100  (a1=P2)  raw=+1  a1=-1
19:23:19    [W] game  66/100  (a1=P2)  raw=-1  a1=+1
19:23:35    [W] game  67/100  (a1=P2)  raw=-1  a1=+1
19:23:58    [L] game  68/100  (a1=P2)  raw=+1  a1=-1
19:24:37    [L] game  69/100  (a1=P2)  raw=+1  a1=-1
19:24:46    [W] game  70/100  (a1=P2)  raw=-1  a1=+1
19:24:54    [W] game  71/100  (a1=P2)  raw=-1  a1=+1
19:25:12    [W] game  72/100  (a1=P2)  raw=-1  a1=+1
19:25:26    [W] game  73/100  (a1=P2)  raw=-1  a1=+1
19:25:44    [W] game  74/100  (a1=P2)  raw=-1  a1=+1
19:26:14    [W] game  75/100  (a1=P2)  raw=-1  a1=+1
19:26:54    [W] game  76/100  (a1=P2)  raw=-1  a1=+1
19:27:03    [W] game  77/100  (a1=P2)  raw=-1  a1=+1
19:27:25    [W] game  78/100  (a1=P2)  raw=-1  a1=+1
19:27:57    [W] game  79/100  (a1=P2)  raw=-1  a1=+1
19:28:20    [L] game  80/100  (a1=P2)  raw=+1  a1=-1
19:28:44    [L] game  81/100  (a1=P2)  raw=+1  a1=-1
19:29:26    [W] game  82/100  (a1=P2)  raw=-1  a1=+1
19:29:49    [W] game  83/100  (a1=P2)  raw=-1  a1=+1
19:30:13    [L] game  84/100  (a1=P2)  raw=+1  a1=-1
19:30:34    [L] game  85/100  (a1=P2)  raw=+1  a1=-1
19:30:58    [W] game  86/100  (a1=P2)  raw=-1  a1=+1
19:31:10    [L] game  87/100  (a1=P2)  raw=+1  a1=-1
19:31:29    [W] game  88/100  (a1=P2)  raw=-1  a1=+1
19:31:52    [W] game  89/100  (a1=P2)  raw=-1  a1=+1
19:32:04    [L] game  90/100  (a1=P2)  raw=+1  a1=-1
19:32:22    [W] game  91/100  (a1=P2)  raw=-1  a1=+1
19:32:40    [L] game  92/100  (a1=P2)  raw=+1  a1=-1
19:32:50    [W] game  93/100  (a1=P2)  raw=-1  a1=+1
19:33:03    [W] game  94/100  (a1=P2)  raw=-1  a1=+1
19:33:17    [L] game  95/100  (a1=P2)  raw=+1  a1=-1
19:33:48    [L] game  96/100  (a1=P2)  raw=+1  a1=-1
19:34:05    [W] game  97/100  (a1=P2)  raw=-1  a1=+1
19:34:26    [W] game  98/100  (a1=P2)  raw=-1  a1=+1
19:34:55    [L] game  99/100  (a1=P2)  raw=+1  a1=-1
19:35:22    [W] game 100/100  (a1=P2)  raw=-1  a1=+1
19:35:22  
──────────────────────────────────────────────────────
  RAVE(1000,k=3000)         vs GRAVE(500,k=300,t=2)
  Games  : 100/100  (1814.9s)
  Wins   :  77 ( 77.0%)
  Draws  :   0 (  0.0%)
  Losses :  23 ( 23.0%)
──────────────────────────────────────────────────────
20:02:58  'RAVE(1000,k=3000)_vs_GRAVE(500,k=300,t=2)_100g' already complete — using cached result.
21:06:58  'RAVE(1000,k=3000)_vs_GRAVE(500,k=300,t=2)_100g' already complete — using cached result.
22:28:35  'RAVE(1000,k=3000)_vs_GRAVE(500,k=300,t=2)_100g' already complete — using cached result.
07:00:14  'RAVE(1000,k=3000)_vs_GRAVE(500,k=300,t=2)_100g' already complete — using cached result.
08:06:23  'RAVE(1000,k=3000)_vs_GRAVE(500,k=300,t=2)_100g' already complete — using cached result.
