08:36:46  Starting 'RAVE(500,k=3000)_vs_MCTS(500)_50g' — 50 games  (RAVE(500,k=3000) vs MCTS(500))
08:36:53    [W] game   1/50  (a1=P1)  raw=+1  agent1_result=+1
08:36:58    [W] game   2/50  (a1=P1)  raw=+1  agent1_result=+1
08:37:06    [W] game   3/50  (a1=P1)  raw=+1  agent1_result=+1
08:37:13    [W] game   4/50  (a1=P1)  raw=+1  agent1_result=+1
08:37:27    [W] game   5/50  (a1=P1)  raw=+1  agent1_result=+1
08:37:34    [W] game   6/50  (a1=P1)  raw=+1  agent1_result=+1
08:37:43    [L] game   7/50  (a1=P1)  raw=-1  agent1_result=-1
08:37:50    [W] game   8/50  (a1=P1)  raw=+1  agent1_result=+1
08:38:01    [W] game   9/50  (a1=P1)  raw=+1  agent1_result=+1
08:38:09    [W] game  10/50  (a1=P1)  raw=+1  agent1_result=+1
08:38:17    [W] game  11/50  (a1=P1)  raw=+1  agent1_result=+1
08:38:27    [W] game  12/50  (a1=P1)  raw=+1  agent1_result=+1
08:38:33    [W] game  13/50  (a1=P1)  raw=+1  agent1_result=+1
08:38:40    [W] game  14/50  (a1=P1)  raw=+1  agent1_result=+1
08:38:49    [W] game  15/50  (a1=P1)  raw=+1  agent1_result=+1
08:38:56    [W] game  16/50  (a1=P1)  raw=+1  agent1_result=+1
08:39:04    [W] game  17/50  (a1=P1)  raw=+1  agent1_result=+1
08:39:16    [W] game  18/50  (a1=P1)  raw=+1  agent1_result=+1
08:39:27    [L] game  19/50  (a1=P1)  raw=-1  agent1_result=-1
08:39:44    [L] game  20/50  (a1=P1)  raw=-1  agent1_result=-1
08:39:52    [L] game  21/50  (a1=P1)  raw=-1  agent1_result=-1
08:39:58    [W] game  22/50  (a1=P1)  raw=+1  agent1_result=+1
08:40:13    [W] game  23/50  (a1=P1)  raw=+1  agent1_result=+1
08:40:25    [W] game  24/50  (a1=P1)  raw=+1  agent1_result=+1
08:40:33    [W] game  25/50  (a1=P1)  raw=+1  agent1_result=+1
08:40:41    [W] game  26/50  (a1=P2)  raw=-1  agent1_result=+1
08:40:45    [L] game  27/50  (a1=P2)  raw=+1  agent1_result=-1
08:40:52    [L] game  28/50  (a1=P2)  raw=+1  agent1_result=-1
08:41:00    [L] game  29/50  (a1=P2)  raw=+1  agent1_result=-1
08:41:05    [L] game  30/50  (a1=P2)  raw=+1  agent1_result=-1
08:41:10    [L] game  31/50  (a1=P2)  raw=+1  agent1_result=-1
08:41:19    [L] game  32/50  (a1=P2)  raw=+1  agent1_result=-1
08:41:29    [W] game  33/50  (a1=P2)  raw=-1  agent1_result=+1
08:41:35    [W] game  34/50  (a1=P2)  raw=-1  agent1_result=+1
08:41:42    [L] game  35/50  (a1=P2)  raw=+1  agent1_result=-1
08:41:52    [W] game  36/50  (a1=P2)  raw=-1  agent1_result=+1
08:41:59    [W] game  37/50  (a1=P2)  raw=-1  agent1_result=+1
08:42:05    [L] game  38/50  (a1=P2)  raw=+1  agent1_result=-1
08:42:10    [L] game  39/50  (a1=P2)  raw=+1  agent1_result=-1
08:42:19    [W] game  40/50  (a1=P2)  raw=-1  agent1_result=+1
08:42:29    [W] game  41/50  (a1=P2)  raw=-1  agent1_result=+1
08:42:40    [L] game  42/50  (a1=P2)  raw=+1  agent1_result=-1
08:42:45    [L] game  43/50  (a1=P2)  raw=+1  agent1_result=-1
08:42:52    [L] game  44/50  (a1=P2)  raw=+1  agent1_result=-1
08:42:59    [L] game  45/50  (a1=P2)  raw=+1  agent1_result=-1
08:43:06    [W] game  46/50  (a1=P2)  raw=-1  agent1_result=+1
08:43:16    [W] game  47/50  (a1=P2)  raw=-1  agent1_result=+1
08:43:22    [L] game  48/50  (a1=P2)  raw=+1  agent1_result=-1
08:43:30    [L] game  49/50  (a1=P2)  raw=+1  agent1_result=-1
08:43:38    [W] game  50/50  (a1=P2)  raw=-1  agent1_result=+1
08:43:38  
──────────────────────────────────────────────────
  RAVE(500,k=3000)     vs MCTS(500)
  Games  : 50 / 50  (412.5s)
  Wins   :  31 ( 62.0%)
  Draws  :   0 (  0.0%)
  Losses :  19 ( 38.0%)
──────────────────────────────────────────────────
