20:34:46  Starting 'RAVE(1000,k=3000)_vs_MCTS(500)_100g' — 100 games (RAVE(1000,k=3000) vs MCTS(500))
20:35:02    [L] game   1/100  (a1=P1)  raw=-1  a1=-1
20:35:28    [W] game   2/100  (a1=P1)  raw=+1  a1=+1
20:35:41    [W] game   3/100  (a1=P1)  raw=+1  a1=+1
20:36:00    [W] game   4/100  (a1=P1)  raw=+1  a1=+1
20:36:10    [W] game   5/100  (a1=P1)  raw=+1  a1=+1
20:36:24    [W] game   6/100  (a1=P1)  raw=+1  a1=+1
20:36:31    [W] game   7/100  (a1=P1)  raw=+1  a1=+1
20:36:45    [W] game   8/100  (a1=P1)  raw=+1  a1=+1
20:36:57    [W] game   9/100  (a1=P1)  raw=+1  a1=+1
20:37:10    [W] game  10/100  (a1=P1)  raw=+1  a1=+1
20:37:25    [W] game  11/100  (a1=P1)  raw=+1  a1=+1
20:37:47    [W] game  12/100  (a1=P1)  raw=+1  a1=+1
20:38:09    [W] game  13/100  (a1=P1)  raw=+1  a1=+1
20:38:21    [W] game  14/100  (a1=P1)  raw=+1  a1=+1
20:38:45    [W] game  15/100  (a1=P1)  raw=+1  a1=+1
20:38:55    [W] game  16/100  (a1=P1)  raw=+1  a1=+1
20:39:05    [W] game  17/100  (a1=P1)  raw=+1  a1=+1
20:39:30    [L] game  18/100  (a1=P1)  raw=-1  a1=-1
20:39:45    [W] game  19/100  (a1=P1)  raw=+1  a1=+1
20:40:14    [W] game  20/100  (a1=P1)  raw=+1  a1=+1
20:40:27    [L] game  21/100  (a1=P1)  raw=-1  a1=-1
20:40:37    [W] game  22/100  (a1=P1)  raw=+1  a1=+1
20:40:50    [W] game  23/100  (a1=P1)  raw=+1  a1=+1
20:40:59    [W] game  24/100  (a1=P1)  raw=+1  a1=+1
20:41:10    [W] game  25/100  (a1=P1)  raw=+1  a1=+1
20:41:21    [W] game  26/100  (a1=P1)  raw=+1  a1=+1
20:41:34    [W] game  27/100  (a1=P1)  raw=+1  a1=+1
20:41:52    [W] game  28/100  (a1=P1)  raw=+1  a1=+1
20:42:05    [W] game  29/100  (a1=P1)  raw=+1  a1=+1
20:42:17    [W] game  30/100  (a1=P1)  raw=+1  a1=+1
20:42:40    [W] game  31/100  (a1=P1)  raw=+1  a1=+1
20:42:55    [W] game  32/100  (a1=P1)  raw=+1  a1=+1
20:43:09    [W] game  33/100  (a1=P1)  raw=+1  a1=+1
20:43:31    [L] game  34/100  (a1=P1)  raw=-1  a1=-1
20:43:48    [W] game  35/100  (a1=P1)  raw=+1  a1=+1
20:44:03    [W] game  36/100  (a1=P1)  raw=+1  a1=+1
20:44:12    [W] game  37/100  (a1=P1)  raw=+1  a1=+1
20:44:43    [W] game  38/100  (a1=P1)  raw=+1  a1=+1
20:44:56    [W] game  39/100  (a1=P1)  raw=+1  a1=+1
20:45:07    [W] game  40/100  (a1=P1)  raw=+1  a1=+1
20:45:17    [W] game  41/100  (a1=P1)  raw=+1  a1=+1
20:45:28    [W] game  42/100  (a1=P1)  raw=+1  a1=+1
20:45:36    [W] game  43/100  (a1=P1)  raw=+1  a1=+1
20:45:47    [L] game  44/100  (a1=P1)  raw=-1  a1=-1
20:45:58    [W] game  45/100  (a1=P1)  raw=+1  a1=+1
20:46:12    [W] game  46/100  (a1=P1)  raw=+1  a1=+1
20:46:26    [W] game  47/100  (a1=P1)  raw=+1  a1=+1
20:46:43    [W] game  48/100  (a1=P1)  raw=+1  a1=+1
20:46:54    [W] game  49/100  (a1=P1)  raw=+1  a1=+1
20:47:10    [L] game  50/100  (a1=P1)  raw=-1  a1=-1
20:47:24    [W] game  51/100  (a1=P2)  raw=-1  a1=+1
20:47:36    [W] game  52/100  (a1=P2)  raw=-1  a1=+1
20:47:46    [L] game  53/100  (a1=P2)  raw=+1  a1=-1
20:48:14    [W] game  54/100  (a1=P2)  raw=-1  a1=+1
20:48:23    [W] game  55/100  (a1=P2)  raw=-1  a1=+1
20:48:35    [W] game  56/100  (a1=P2)  raw=-1  a1=+1
20:48:48    [L] game  57/100  (a1=P2)  raw=+1  a1=-1
20:48:59    [L] game  58/100  (a1=P2)  raw=+1  a1=-1
20:49:13    [W] game  59/100  (a1=P2)  raw=-1  a1=+1
20:49:27    [W] game  60/100  (a1=P2)  raw=-1  a1=+1
20:49:55    [W] game  61/100  (a1=P2)  raw=-1  a1=+1
20:50:05    [L] game  62/100  (a1=P2)  raw=+1  a1=-1
20:50:10    [W] game  63/100  (a1=P2)  raw=-1  a1=+1
20:50:29    [L] game  64/100  (a1=P2)  raw=+1  a1=-1
20:50:49    [W] game  65/100  (a1=P2)  raw=-1  a1=+1
20:51:08    [L] game  66/100  (a1=P2)  raw=+1  a1=-1
20:51:13    [W] game  67/100  (a1=P2)  raw=-1  a1=+1
20:51:29    [L] game  68/100  (a1=P2)  raw=+1  a1=-1
20:51:50    [W] game  69/100  (a1=P2)  raw=-1  a1=+1
20:51:59    [W] game  70/100  (a1=P2)  raw=-1  a1=+1
20:52:26    [W] game  71/100  (a1=P2)  raw=-1  a1=+1
20:52:38    [L] game  72/100  (a1=P2)  raw=+1  a1=-1
20:52:54    [W] game  73/100  (a1=P2)  raw=-1  a1=+1
20:53:06    [W] game  74/100  (a1=P2)  raw=-1  a1=+1
20:53:21    [W] game  75/100  (a1=P2)  raw=-1  a1=+1
20:53:38    [L] game  76/100  (a1=P2)  raw=+1  a1=-1
20:53:47    [L] game  77/100  (a1=P2)  raw=+1  a1=-1
20:54:05    [L] game  78/100  (a1=P2)  raw=+1  a1=-1
20:54:21    [W] game  79/100  (a1=P2)  raw=-1  a1=+1
20:54:36    [W] game  80/100  (a1=P2)  raw=-1  a1=+1
20:54:51    [W] game  81/100  (a1=P2)  raw=-1  a1=+1
20:55:12    [L] game  82/100  (a1=P2)  raw=+1  a1=-1
20:55:22    [W] game  83/100  (a1=P2)  raw=-1  a1=+1
20:55:29    [W] game  84/100  (a1=P2)  raw=-1  a1=+1
20:55:44    [L] game  85/100  (a1=P2)  raw=+1  a1=-1
20:55:52    [W] game  86/100  (a1=P2)  raw=-1  a1=+1
20:56:09    [W] game  87/100  (a1=P2)  raw=-1  a1=+1
20:56:23    [L] game  88/100  (a1=P2)  raw=+1  a1=-1
20:56:41    [W] game  89/100  (a1=P2)  raw=-1  a1=+1
20:57:12    [L] game  90/100  (a1=P2)  raw=+1  a1=-1
20:57:22    [W] game  91/100  (a1=P2)  raw=-1  a1=+1
20:57:36    [L] game  92/100  (a1=P2)  raw=+1  a1=-1
20:57:48    [L] game  93/100  (a1=P2)  raw=+1  a1=-1
20:58:01    [W] game  94/100  (a1=P2)  raw=-1  a1=+1
20:58:14    [W] game  95/100  (a1=P2)  raw=-1  a1=+1
20:58:30    [W] game  96/100  (a1=P2)  raw=-1  a1=+1
20:58:50    [W] game  97/100  (a1=P2)  raw=-1  a1=+1
20:59:19    [L] game  98/100  (a1=P2)  raw=+1  a1=-1
20:59:39    [L] game  99/100  (a1=P2)  raw=+1  a1=-1
20:59:53    [W] game 100/100  (a1=P2)  raw=-1  a1=+1
20:59:53  
──────────────────────────────────────────────────────
  RAVE(1000,k=3000)         vs MCTS(500)
  Games  : 100/100  (1507.7s)
  Wins   :  75 ( 75.0%)
  Draws  :   0 (  0.0%)
  Losses :  25 ( 25.0%)
──────────────────────────────────────────────────────
21:06:58  'RAVE(1000,k=3000)_vs_MCTS(500)_100g' already complete — using cached result.
22:28:35  'RAVE(1000,k=3000)_vs_MCTS(500)_100g' already complete — using cached result.
07:00:14  'RAVE(1000,k=3000)_vs_MCTS(500)_100g' already complete — using cached result.
08:06:23  'RAVE(1000,k=3000)_vs_MCTS(500)_100g' already complete — using cached result.
