13:29:53  Starting 'RAVE(500,k=3000,C=0.1)_vs_MCTS(500)_50g' — 50 games (RAVE(500,k=3000,C=0.1) vs MCTS(500))
13:30:01    [W] game   1/50  (a1=P1)  raw=+1  a1=+1
13:30:08    [L] game   2/50  (a1=P1)  raw=-1  a1=-1
13:30:18    [W] game   3/50  (a1=P1)  raw=+1  a1=+1
13:30:34    [W] game   4/50  (a1=P1)  raw=+1  a1=+1
13:30:42    [W] game   5/50  (a1=P1)  raw=+1  a1=+1
13:30:52    [L] game   6/50  (a1=P1)  raw=-1  a1=-1
13:30:58    [W] game   7/50  (a1=P1)  raw=+1  a1=+1
13:31:05    [W] game   8/50  (a1=P1)  raw=+1  a1=+1
13:31:14    [W] game   9/50  (a1=P1)  raw=+1  a1=+1
13:31:24    [W] game  10/50  (a1=P1)  raw=+1  a1=+1
13:31:31    [W] game  11/50  (a1=P1)  raw=+1  a1=+1
13:31:41    [W] game  12/50  (a1=P1)  raw=+1  a1=+1
13:31:46    [W] game  13/50  (a1=P1)  raw=+1  a1=+1
13:31:52    [L] game  14/50  (a1=P1)  raw=-1  a1=-1
13:32:00    [W] game  15/50  (a1=P1)  raw=+1  a1=+1
13:32:06    [L] game  16/50  (a1=P1)  raw=-1  a1=-1
13:32:16    [W] game  17/50  (a1=P1)  raw=+1  a1=+1
13:32:24    [W] game  18/50  (a1=P1)  raw=+1  a1=+1
13:32:35    [W] game  19/50  (a1=P1)  raw=+1  a1=+1
13:32:49    [W] game  20/50  (a1=P1)  raw=+1  a1=+1
13:32:58    [L] game  21/50  (a1=P1)  raw=-1  a1=-1
13:33:08    [W] game  22/50  (a1=P1)  raw=+1  a1=+1
13:33:15    [L] game  23/50  (a1=P1)  raw=-1  a1=-1
13:33:24    [W] game  24/50  (a1=P1)  raw=+1  a1=+1
13:33:41    [L] game  25/50  (a1=P1)  raw=-1  a1=-1
13:33:55    [W] game  26/50  (a1=P2)  raw=-1  a1=+1
13:34:06    [W] game  27/50  (a1=P2)  raw=-1  a1=+1
13:34:14    [W] game  28/50  (a1=P2)  raw=-1  a1=+1
13:34:29    [L] game  29/50  (a1=P2)  raw=+1  a1=-1
13:34:36    [L] game  30/50  (a1=P2)  raw=+1  a1=-1
13:34:44    [W] game  31/50  (a1=P2)  raw=-1  a1=+1
13:34:52    [L] game  32/50  (a1=P2)  raw=+1  a1=-1
13:34:57    [W] game  33/50  (a1=P2)  raw=-1  a1=+1
13:35:07    [L] game  34/50  (a1=P2)  raw=+1  a1=-1
13:35:12    [L] game  35/50  (a1=P2)  raw=+1  a1=-1
13:35:18    [W] game  36/50  (a1=P2)  raw=-1  a1=+1
13:35:22    [W] game  37/50  (a1=P2)  raw=-1  a1=+1
13:35:30    [W] game  38/50  (a1=P2)  raw=-1  a1=+1
13:35:37    [L] game  39/50  (a1=P2)  raw=+1  a1=-1
13:35:48    [W] game  40/50  (a1=P2)  raw=-1  a1=+1
13:35:54    [L] game  41/50  (a1=P2)  raw=+1  a1=-1
13:35:59    [L] game  42/50  (a1=P2)  raw=+1  a1=-1
13:36:06    [L] game  43/50  (a1=P2)  raw=+1  a1=-1
13:36:16    [L] game  44/50  (a1=P2)  raw=+1  a1=-1
13:36:25    [L] game  45/50  (a1=P2)  raw=+1  a1=-1
13:36:34    [W] game  46/50  (a1=P2)  raw=-1  a1=+1
13:36:43    [L] game  47/50  (a1=P2)  raw=+1  a1=-1
13:36:47    [W] game  48/50  (a1=P2)  raw=-1  a1=+1
13:37:01    [L] game  49/50  (a1=P2)  raw=+1  a1=-1
13:37:06    [L] game  50/50  (a1=P2)  raw=+1  a1=-1
13:37:06  
──────────────────────────────────────────────────────
  RAVE(500,k=3000,C=0.1)    vs MCTS(500)
  Games  : 50/50  (432.7s)
  Wins   :  29 ( 58.0%)
  Draws  :   0 (  0.0%)
  Losses :  21 ( 42.0%)
──────────────────────────────────────────────────────
18:03:34  'RAVE(500,k=3000,C=0.1)_vs_MCTS(500)_50g' already complete — using cached result.
19:05:07  'RAVE(500,k=3000,C=0.1)_vs_MCTS(500)_50g' already complete — using cached result.
20:02:57  'RAVE(500,k=3000,C=0.1)_vs_MCTS(500)_50g' already complete — using cached result.
21:06:58  'RAVE(500,k=3000,C=0.1)_vs_MCTS(500)_50g' already complete — using cached result.
22:28:35  'RAVE(500,k=3000,C=0.1)_vs_MCTS(500)_50g' already complete — using cached result.
07:00:14  'RAVE(500,k=3000,C=0.1)_vs_MCTS(500)_50g' already complete — using cached result.
08:06:23  'RAVE(500,k=3000,C=0.1)_vs_MCTS(500)_50g' already complete — using cached result.
