11:48:02  Starting 'RAVE(500,k=5000)_vs_MCTS(500)_50g' — 50 games (RAVE(500,k=5000) vs MCTS(500))
11:48:09    [L] game   1/50  (a1=P1)  raw=-1  a1=-1
11:48:18    [W] game   2/50  (a1=P1)  raw=+1  a1=+1
11:48:23    [L] game   3/50  (a1=P1)  raw=-1  a1=-1
11:48:33    [L] game   4/50  (a1=P1)  raw=-1  a1=-1
11:48:41    [W] game   5/50  (a1=P1)  raw=+1  a1=+1
11:48:52    [W] game   6/50  (a1=P1)  raw=+1  a1=+1
11:48:59    [W] game   7/50  (a1=P1)  raw=+1  a1=+1
11:49:06    [L] game   8/50  (a1=P1)  raw=-1  a1=-1
11:49:12    [W] game   9/50  (a1=P1)  raw=+1  a1=+1
11:49:18    [W] game  10/50  (a1=P1)  raw=+1  a1=+1
11:49:22    [L] game  11/50  (a1=P1)  raw=-1  a1=-1
11:49:30    [L] game  12/50  (a1=P1)  raw=-1  a1=-1
11:49:38    [W] game  13/50  (a1=P1)  raw=+1  a1=+1
11:49:47    [L] game  14/50  (a1=P1)  raw=-1  a1=-1
11:49:56    [L] game  15/50  (a1=P1)  raw=-1  a1=-1
11:50:09    [W] game  16/50  (a1=P1)  raw=+1  a1=+1
11:50:16    [W] game  17/50  (a1=P1)  raw=+1  a1=+1
11:50:25    [W] game  18/50  (a1=P1)  raw=+1  a1=+1
11:50:32    [L] game  19/50  (a1=P1)  raw=-1  a1=-1
11:50:41    [W] game  20/50  (a1=P1)  raw=+1  a1=+1
11:50:51    [W] game  21/50  (a1=P1)  raw=+1  a1=+1
11:50:59    [L] game  22/50  (a1=P1)  raw=-1  a1=-1
11:51:06    [W] game  23/50  (a1=P1)  raw=+1  a1=+1
11:51:17    [W] game  24/50  (a1=P1)  raw=+1  a1=+1
11:51:31    [W] game  25/50  (a1=P1)  raw=+1  a1=+1
11:51:50    [L] game  26/50  (a1=P2)  raw=+1  a1=-1
11:51:58    [W] game  27/50  (a1=P2)  raw=-1  a1=+1
11:52:09    [W] game  28/50  (a1=P2)  raw=-1  a1=+1
11:52:21    [W] game  29/50  (a1=P2)  raw=-1  a1=+1
11:52:38    [W] game  30/50  (a1=P2)  raw=-1  a1=+1
11:52:45    [W] game  31/50  (a1=P2)  raw=-1  a1=+1
11:52:52    [L] game  32/50  (a1=P2)  raw=+1  a1=-1
11:52:58    [L] game  33/50  (a1=P2)  raw=+1  a1=-1
11:53:13    [W] game  34/50  (a1=P2)  raw=-1  a1=+1
11:53:18    [L] game  35/50  (a1=P2)  raw=+1  a1=-1
11:53:25    [W] game  36/50  (a1=P2)  raw=-1  a1=+1
11:53:32    [W] game  37/50  (a1=P2)  raw=-1  a1=+1
11:53:42    [W] game  38/50  (a1=P2)  raw=-1  a1=+1
11:53:55    [W] game  39/50  (a1=P2)  raw=-1  a1=+1
11:54:08    [W] game  40/50  (a1=P2)  raw=-1  a1=+1
11:54:20    [L] game  41/50  (a1=P2)  raw=+1  a1=-1
11:54:28    [W] game  42/50  (a1=P2)  raw=-1  a1=+1
11:54:33    [L] game  43/50  (a1=P2)  raw=+1  a1=-1
11:54:42    [W] game  44/50  (a1=P2)  raw=-1  a1=+1
11:54:50    [L] game  45/50  (a1=P2)  raw=+1  a1=-1
11:55:00    [L] game  46/50  (a1=P2)  raw=+1  a1=-1
11:55:12    [W] game  47/50  (a1=P2)  raw=-1  a1=+1
11:55:31    [W] game  48/50  (a1=P2)  raw=-1  a1=+1
11:55:41    [W] game  49/50  (a1=P2)  raw=-1  a1=+1
11:55:46    [L] game  50/50  (a1=P2)  raw=+1  a1=-1
11:55:46  
──────────────────────────────────────────────────────
  RAVE(500,k=5000)          vs MCTS(500)
  Games  : 50/50  (464.7s)
  Wins   :  31 ( 62.0%)
  Draws  :   0 (  0.0%)
  Losses :  19 ( 38.0%)
──────────────────────────────────────────────────────
18:03:34  'RAVE(500,k=5000)_vs_MCTS(500)_50g' already complete — using cached result.
19:05:07  'RAVE(500,k=5000)_vs_MCTS(500)_50g' already complete — using cached result.
20:02:57  'RAVE(500,k=5000)_vs_MCTS(500)_50g' already complete — using cached result.
21:06:58  'RAVE(500,k=5000)_vs_MCTS(500)_50g' already complete — using cached result.
22:28:34  'RAVE(500,k=5000)_vs_MCTS(500)_50g' already complete — using cached result.
07:00:14  'RAVE(500,k=5000)_vs_MCTS(500)_50g' already complete — using cached result.
08:06:23  'RAVE(500,k=5000)_vs_MCTS(500)_50g' already complete — using cached result.
