20:10:43  Starting 'RAVE(1000,k=3000)_vs_MCTS(500,C=0.3)_100g' — 100 games (RAVE(1000,k=3000) vs MCTS(500,C=0.3))
20:10:59    [W] game   1/100  (a1=P1)  raw=+1  a1=+1
20:11:27    [W] game   2/100  (a1=P1)  raw=+1  a1=+1
20:11:39    [W] game   3/100  (a1=P1)  raw=+1  a1=+1
20:11:53    [W] game   4/100  (a1=P1)  raw=+1  a1=+1
20:12:02    [W] game   5/100  (a1=P1)  raw=+1  a1=+1
20:12:12    [L] game   6/100  (a1=P1)  raw=-1  a1=-1
20:12:22    [W] game   7/100  (a1=P1)  raw=+1  a1=+1
20:12:42    [L] game   8/100  (a1=P1)  raw=-1  a1=-1
20:12:57    [W] game   9/100  (a1=P1)  raw=+1  a1=+1
20:13:10    [W] game  10/100  (a1=P1)  raw=+1  a1=+1
20:13:15    [W] game  11/100  (a1=P1)  raw=+1  a1=+1
20:13:32    [L] game  12/100  (a1=P1)  raw=-1  a1=-1
20:13:44    [W] game  13/100  (a1=P1)  raw=+1  a1=+1
20:13:56    [L] game  14/100  (a1=P1)  raw=-1  a1=-1
20:14:07    [L] game  15/100  (a1=P1)  raw=-1  a1=-1
20:14:25    [W] game  16/100  (a1=P1)  raw=+1  a1=+1
20:14:34    [W] game  17/100  (a1=P1)  raw=+1  a1=+1
20:15:08    [L] game  18/100  (a1=P1)  raw=-1  a1=-1
20:15:27    [L] game  19/100  (a1=P1)  raw=-1  a1=-1
20:15:46    [W] game  20/100  (a1=P1)  raw=+1  a1=+1
20:16:03    [W] game  21/100  (a1=P1)  raw=+1  a1=+1
20:16:21    [W] game  22/100  (a1=P1)  raw=+1  a1=+1
20:16:29    [W] game  23/100  (a1=P1)  raw=+1  a1=+1
20:16:41    [W] game  24/100  (a1=P1)  raw=+1  a1=+1
20:16:57    [W] game  25/100  (a1=P1)  raw=+1  a1=+1
20:17:11    [W] game  26/100  (a1=P1)  raw=+1  a1=+1
20:17:20    [W] game  27/100  (a1=P1)  raw=+1  a1=+1
20:17:34    [W] game  28/100  (a1=P1)  raw=+1  a1=+1
20:17:39    [W] game  29/100  (a1=P1)  raw=+1  a1=+1
20:18:21    [W] game  30/100  (a1=P1)  raw=+1  a1=+1
20:18:32    [W] game  31/100  (a1=P1)  raw=+1  a1=+1
20:18:45    [W] game  32/100  (a1=P1)  raw=+1  a1=+1
20:19:10    [W] game  33/100  (a1=P1)  raw=+1  a1=+1
20:19:16    [W] game  34/100  (a1=P1)  raw=+1  a1=+1
20:19:41    [W] game  35/100  (a1=P1)  raw=+1  a1=+1
20:19:50    [W] game  36/100  (a1=P1)  raw=+1  a1=+1
20:19:57    [W] game  37/100  (a1=P1)  raw=+1  a1=+1
20:20:07    [W] game  38/100  (a1=P1)  raw=+1  a1=+1
20:20:29    [W] game  39/100  (a1=P1)  raw=+1  a1=+1
20:20:41    [W] game  40/100  (a1=P1)  raw=+1  a1=+1
20:20:55    [W] game  41/100  (a1=P1)  raw=+1  a1=+1
20:21:16    [W] game  42/100  (a1=P1)  raw=+1  a1=+1
20:21:41    [W] game  43/100  (a1=P1)  raw=+1  a1=+1
20:21:49    [W] game  44/100  (a1=P1)  raw=+1  a1=+1
20:22:14    [W] game  45/100  (a1=P1)  raw=+1  a1=+1
20:22:23    [L] game  46/100  (a1=P1)  raw=-1  a1=-1
20:22:35    [W] game  47/100  (a1=P1)  raw=+1  a1=+1
20:22:41    [W] game  48/100  (a1=P1)  raw=+1  a1=+1
20:22:52    [L] game  49/100  (a1=P1)  raw=-1  a1=-1
20:23:02    [L] game  50/100  (a1=P1)  raw=-1  a1=-1
20:23:15    [W] game  51/100  (a1=P2)  raw=-1  a1=+1
20:23:23    [W] game  52/100  (a1=P2)  raw=-1  a1=+1
20:23:49    [W] game  53/100  (a1=P2)  raw=-1  a1=+1
20:23:56    [W] game  54/100  (a1=P2)  raw=-1  a1=+1
20:24:03    [W] game  55/100  (a1=P2)  raw=-1  a1=+1
20:24:17    [L] game  56/100  (a1=P2)  raw=+1  a1=-1
20:24:36    [W] game  57/100  (a1=P2)  raw=-1  a1=+1
20:24:54    [L] game  58/100  (a1=P2)  raw=+1  a1=-1
20:25:04    [W] game  59/100  (a1=P2)  raw=-1  a1=+1
20:25:25    [W] game  60/100  (a1=P2)  raw=-1  a1=+1
20:25:32    [L] game  61/100  (a1=P2)  raw=+1  a1=-1
20:25:42    [L] game  62/100  (a1=P2)  raw=+1  a1=-1
20:26:00    [W] game  63/100  (a1=P2)  raw=-1  a1=+1
20:26:25    [W] game  64/100  (a1=P2)  raw=-1  a1=+1
20:26:35    [L] game  65/100  (a1=P2)  raw=+1  a1=-1
20:26:50    [L] game  66/100  (a1=P2)  raw=+1  a1=-1
20:27:07    [W] game  67/100  (a1=P2)  raw=-1  a1=+1
20:27:16    [W] game  68/100  (a1=P2)  raw=-1  a1=+1
20:27:27    [L] game  69/100  (a1=P2)  raw=+1  a1=-1
20:27:46    [L] game  70/100  (a1=P2)  raw=+1  a1=-1
20:27:57    [W] game  71/100  (a1=P2)  raw=-1  a1=+1
20:28:05    [L] game  72/100  (a1=P2)  raw=+1  a1=-1
20:28:21    [L] game  73/100  (a1=P2)  raw=+1  a1=-1
20:28:30    [L] game  74/100  (a1=P2)  raw=+1  a1=-1
20:28:36    [L] game  75/100  (a1=P2)  raw=+1  a1=-1
20:28:54    [L] game  76/100  (a1=P2)  raw=+1  a1=-1
20:29:11    [W] game  77/100  (a1=P2)  raw=-1  a1=+1
20:29:22    [W] game  78/100  (a1=P2)  raw=-1  a1=+1
20:29:42    [W] game  79/100  (a1=P2)  raw=-1  a1=+1
20:29:57    [W] game  80/100  (a1=P2)  raw=-1  a1=+1
20:30:10    [W] game  81/100  (a1=P2)  raw=-1  a1=+1
20:30:29    [W] game  82/100  (a1=P2)  raw=-1  a1=+1
20:30:45    [W] game  83/100  (a1=P2)  raw=-1  a1=+1
20:31:02    [W] game  84/100  (a1=P2)  raw=-1  a1=+1
20:31:15    [L] game  85/100  (a1=P2)  raw=+1  a1=-1
20:31:26    [W] game  86/100  (a1=P2)  raw=-1  a1=+1
20:31:42    [L] game  87/100  (a1=P2)  raw=+1  a1=-1
20:31:52    [L] game  88/100  (a1=P2)  raw=+1  a1=-1
20:32:02    [L] game  89/100  (a1=P2)  raw=+1  a1=-1
20:32:20    [L] game  90/100  (a1=P2)  raw=+1  a1=-1
20:32:40    [W] game  91/100  (a1=P2)  raw=-1  a1=+1
20:32:51    [L] game  92/100  (a1=P2)  raw=+1  a1=-1
20:33:10    [W] game  93/100  (a1=P2)  raw=-1  a1=+1
20:33:28    [W] game  94/100  (a1=P2)  raw=-1  a1=+1
20:33:42    [W] game  95/100  (a1=P2)  raw=-1  a1=+1
20:33:51    [W] game  96/100  (a1=P2)  raw=-1  a1=+1
20:33:58    [L] game  97/100  (a1=P2)  raw=+1  a1=-1
20:34:16    [W] game  98/100  (a1=P2)  raw=-1  a1=+1
20:34:35    [W] game  99/100  (a1=P2)  raw=-1  a1=+1
20:34:46    [W] game 100/100  (a1=P2)  raw=-1  a1=+1
20:34:46  
──────────────────────────────────────────────────────
  RAVE(1000,k=3000)         vs MCTS(500,C=0.3)
  Games  : 100/100  (1443.1s)
  Wins   :  70 ( 70.0%)
  Draws  :   0 (  0.0%)
  Losses :  30 ( 30.0%)
──────────────────────────────────────────────────────
21:06:58  'RAVE(1000,k=3000)_vs_MCTS(500,C=0.3)_100g' already complete — using cached result.
22:28:35  'RAVE(1000,k=3000)_vs_MCTS(500,C=0.3)_100g' already complete — using cached result.
07:00:14  'RAVE(1000,k=3000)_vs_MCTS(500,C=0.3)_100g' already complete — using cached result.
08:06:23  'RAVE(1000,k=3000)_vs_MCTS(500,C=0.3)_100g' already complete — using cached result.
