18:03:34  Starting 'RAVE(1000,k=3000)_vs_GRAVE(500,k=300,t=5,C=0.1)_100g' — 100 games (RAVE(1000,k=3000) vs GRAVE(500,k=300,t=5,C=0.1))
18:04:14    [W] game   1/100  (a1=P1)  raw=+1  a1=+1
18:04:34    [W] game   2/100  (a1=P1)  raw=+1  a1=+1
18:04:58    [W] game   3/100  (a1=P1)  raw=+1  a1=+1
18:05:31    [W] game   4/100  (a1=P1)  raw=+1  a1=+1
18:05:55    [W] game   5/100  (a1=P1)  raw=+1  a1=+1
18:06:34    [W] game   6/100  (a1=P1)  raw=+1  a1=+1
18:06:57    [W] game   7/100  (a1=P1)  raw=+1  a1=+1
18:08:03    [W] game   8/100  (a1=P1)  raw=+1  a1=+1
18:08:24    [W] game   9/100  (a1=P1)  raw=+1  a1=+1
18:08:54    [W] game  10/100  (a1=P1)  raw=+1  a1=+1
18:09:10    [W] game  11/100  (a1=P1)  raw=+1  a1=+1
18:09:32    [W] game  12/100  (a1=P1)  raw=+1  a1=+1
18:10:37    [W] game  13/100  (a1=P1)  raw=+1  a1=+1
18:11:07    [W] game  14/100  (a1=P1)  raw=+1  a1=+1
18:11:32    [W] game  15/100  (a1=P1)  raw=+1  a1=+1
18:12:00    [W] game  16/100  (a1=P1)  raw=+1  a1=+1
18:12:24    [W] game  17/100  (a1=P1)  raw=+1  a1=+1
18:12:45    [L] game  18/100  (a1=P1)  raw=-1  a1=-1
18:13:04    [W] game  19/100  (a1=P1)  raw=+1  a1=+1
18:13:46    [W] game  20/100  (a1=P1)  raw=+1  a1=+1
18:14:17    [W] game  21/100  (a1=P1)  raw=+1  a1=+1
18:14:49    [W] game  22/100  (a1=P1)  raw=+1  a1=+1
18:15:03    [W] game  23/100  (a1=P1)  raw=+1  a1=+1
18:15:23    [W] game  24/100  (a1=P1)  raw=+1  a1=+1
18:16:04    [W] game  25/100  (a1=P1)  raw=+1  a1=+1
18:16:29    [W] game  26/100  (a1=P1)  raw=+1  a1=+1
18:16:53    [W] game  27/100  (a1=P1)  raw=+1  a1=+1
18:17:42    [L] game  28/100  (a1=P1)  raw=-1  a1=-1
18:18:06    [L] game  29/100  (a1=P1)  raw=-1  a1=-1
18:18:35    [W] game  30/100  (a1=P1)  raw=+1  a1=+1
18:19:06    [W] game  31/100  (a1=P1)  raw=+1  a1=+1
18:19:30    [W] game  32/100  (a1=P1)  raw=+1  a1=+1
18:20:06    [W] game  33/100  (a1=P1)  raw=+1  a1=+1
18:20:31    [W] game  34/100  (a1=P1)  raw=+1  a1=+1
18:21:09    [W] game  35/100  (a1=P1)  raw=+1  a1=+1
18:21:28    [W] game  36/100  (a1=P1)  raw=+1  a1=+1
18:22:02    [W] game  37/100  (a1=P1)  raw=+1  a1=+1
18:22:42    [W] game  38/100  (a1=P1)  raw=+1  a1=+1
18:23:26    [W] game  39/100  (a1=P1)  raw=+1  a1=+1
18:23:38    [W] game  40/100  (a1=P1)  raw=+1  a1=+1
18:24:15    [W] game  41/100  (a1=P1)  raw=+1  a1=+1
18:24:52    [W] game  42/100  (a1=P1)  raw=+1  a1=+1
18:25:06    [W] game  43/100  (a1=P1)  raw=+1  a1=+1
18:25:45    [L] game  44/100  (a1=P1)  raw=-1  a1=-1
18:26:23    [L] game  45/100  (a1=P1)  raw=-1  a1=-1
18:26:50    [L] game  46/100  (a1=P1)  raw=-1  a1=-1
18:27:24    [W] game  47/100  (a1=P1)  raw=+1  a1=+1
18:28:27    [L] game  48/100  (a1=P1)  raw=-1  a1=-1
18:28:48    [W] game  49/100  (a1=P1)  raw=+1  a1=+1
18:29:09    [W] game  50/100  (a1=P1)  raw=+1  a1=+1
18:29:29    [L] game  51/100  (a1=P2)  raw=+1  a1=-1
18:30:00    [W] game  52/100  (a1=P2)  raw=-1  a1=+1
18:30:26    [W] game  53/100  (a1=P2)  raw=-1  a1=+1
18:31:01    [W] game  54/100  (a1=P2)  raw=-1  a1=+1
18:31:22    [W] game  55/100  (a1=P2)  raw=-1  a1=+1
18:32:18    [L] game  56/100  (a1=P2)  raw=+1  a1=-1
18:32:49    [W] game  57/100  (a1=P2)  raw=-1  a1=+1
18:33:12    [W] game  58/100  (a1=P2)  raw=-1  a1=+1
18:33:48    [L] game  59/100  (a1=P2)  raw=+1  a1=-1
18:34:15    [W] game  60/100  (a1=P2)  raw=-1  a1=+1
18:34:42    [L] game  61/100  (a1=P2)  raw=+1  a1=-1
18:35:02    [W] game  62/100  (a1=P2)  raw=-1  a1=+1
18:35:40    [W] game  63/100  (a1=P2)  raw=-1  a1=+1
18:36:10    [L] game  64/100  (a1=P2)  raw=+1  a1=-1
18:36:37    [W] game  65/100  (a1=P2)  raw=-1  a1=+1
18:37:35    [W] game  66/100  (a1=P2)  raw=-1  a1=+1
18:37:48    [L] game  67/100  (a1=P2)  raw=+1  a1=-1
18:38:19    [L] game  68/100  (a1=P2)  raw=+1  a1=-1
18:38:39    [W] game  69/100  (a1=P2)  raw=-1  a1=+1
18:38:59    [W] game  70/100  (a1=P2)  raw=-1  a1=+1
18:39:41    [L] game  71/100  (a1=P2)  raw=+1  a1=-1
18:40:09    [L] game  72/100  (a1=P2)  raw=+1  a1=-1
18:40:31    [W] game  73/100  (a1=P2)  raw=-1  a1=+1
18:40:47    [L] game  74/100  (a1=P2)  raw=+1  a1=-1
18:41:17    [W] game  75/100  (a1=P2)  raw=-1  a1=+1
18:41:41    [L] game  76/100  (a1=P2)  raw=+1  a1=-1
18:42:28    [W] game  77/100  (a1=P2)  raw=-1  a1=+1
18:43:13    [W] game  78/100  (a1=P2)  raw=-1  a1=+1
18:43:32    [L] game  79/100  (a1=P2)  raw=+1  a1=-1
18:43:57    [L] game  80/100  (a1=P2)  raw=+1  a1=-1
18:44:13    [W] game  81/100  (a1=P2)  raw=-1  a1=+1
18:44:40    [W] game  82/100  (a1=P2)  raw=-1  a1=+1
18:44:55    [L] game  83/100  (a1=P2)  raw=+1  a1=-1
18:45:28    [W] game  84/100  (a1=P2)  raw=-1  a1=+1
18:45:52    [W] game  85/100  (a1=P2)  raw=-1  a1=+1
18:46:48    [W] game  86/100  (a1=P2)  raw=-1  a1=+1
18:47:20    [W] game  87/100  (a1=P2)  raw=-1  a1=+1
18:47:34    [L] game  88/100  (a1=P2)  raw=+1  a1=-1
18:48:08    [W] game  89/100  (a1=P2)  raw=-1  a1=+1
18:48:28    [W] game  90/100  (a1=P2)  raw=-1  a1=+1
18:48:51    [W] game  91/100  (a1=P2)  raw=-1  a1=+1
18:49:13    [L] game  92/100  (a1=P2)  raw=+1  a1=-1
18:49:51    [W] game  93/100  (a1=P2)  raw=-1  a1=+1
18:50:22    [L] game  94/100  (a1=P2)  raw=+1  a1=-1
18:50:41    [L] game  95/100  (a1=P2)  raw=+1  a1=-1
18:51:07    [W] game  96/100  (a1=P2)  raw=-1  a1=+1
18:52:22    [W] game  97/100  (a1=P2)  raw=-1  a1=+1
18:52:56    [W] game  98/100  (a1=P2)  raw=-1  a1=+1
18:53:16    [W] game  99/100  (a1=P2)  raw=-1  a1=+1
18:53:37    [L] game 100/100  (a1=P2)  raw=+1  a1=-1
18:53:37  
──────────────────────────────────────────────────────
  RAVE(1000,k=3000)         vs GRAVE(500,k=300,t=5,C=0.1)
  Games  : 100/100  (3003.2s)
  Wins   :  74 ( 74.0%)
  Draws  :   0 (  0.0%)
  Losses :  26 ( 26.0%)
──────────────────────────────────────────────────────
19:05:07  'RAVE(1000,k=3000)_vs_GRAVE(500,k=300,t=5,C=0.1)_100g' already complete — using cached result.
20:02:58  'RAVE(1000,k=3000)_vs_GRAVE(500,k=300,t=5,C=0.1)_100g' already complete — using cached result.
21:06:58  'RAVE(1000,k=3000)_vs_GRAVE(500,k=300,t=5,C=0.1)_100g' already complete — using cached result.
22:28:35  'RAVE(1000,k=3000)_vs_GRAVE(500,k=300,t=5,C=0.1)_100g' already complete — using cached result.
07:00:14  'RAVE(1000,k=3000)_vs_GRAVE(500,k=300,t=5,C=0.1)_100g' already complete — using cached result.
08:06:23  'RAVE(1000,k=3000)_vs_GRAVE(500,k=300,t=5,C=0.1)_100g' already complete — using cached result.
